[INFO ] 2017-09-17 16:10:30.195 [localhost-startStop-1] ContextLoader - Root WebApplicationContext: initialization completed in 2146 ms
[INFO ] 2017-09-17 16:10:55.731 [localhost-startStop-1] ContextLoader - Root WebApplicationContext: initialization completed in 1909 ms
[INFO ] 2017-09-17 16:11:35.962 [localhost-startStop-1] ContextLoader - Root WebApplicationContext: initialization completed in 1925 ms
[INFO ] 2017-09-17 16:11:38.418 [main] RequestMappingHandlerAdapter - Looking for @ControllerAdvice: org.springframework.boot.context.embedded.AnnotationConfigEmbeddedWebApplicationContext@10aa41f2: startup date [Sun Sep 17 16:11:34 BRT 2017]; root of context hierarchy
[INFO ] 2017-09-17 16:11:38.531 [main] RequestMappingHandlerMapping - Mapped "{[/bots]}" onto public java.lang.String br.com.template.servicewebapp.controller.BotController.bot(java.util.Map<java.lang.String, java.lang.Object>)
[INFO ] 2017-09-17 16:11:38.532 [main] RequestMappingHandlerMapping - Mapped "{[/bots-cadastrar],methods=[POST]}" onto public java.lang.String br.com.template.servicewebapp.controller.BotController.botCadastrar(java.util.Map<java.lang.String, java.lang.Object>)
[INFO ] 2017-09-17 16:11:38.533 [main] RequestMappingHandlerMapping - Mapped "{[/bots-editar],methods=[POST]}" onto public java.lang.String br.com.template.servicewebapp.controller.BotController.botEditar(java.util.Map<java.lang.String, java.lang.Object>)
[INFO ] 2017-09-17 16:11:38.533 [main] RequestMappingHandlerMapping - Mapped "{[/bots-remover],methods=[POST]}" onto public java.lang.String br.com.template.servicewebapp.controller.BotController.botRemover(java.util.Map<java.lang.String, java.lang.Object>)
[INFO ] 2017-09-17 16:11:38.534 [main] RequestMappingHandlerMapping - Mapped "{[/home]}" onto public java.lang.String br.com.template.servicewebapp.controller.HomeController.home(java.util.Map<java.lang.String, java.lang.Object>)
[INFO ] 2017-09-17 16:11:38.536 [main] RequestMappingHandlerMapping - Mapped "{[/intencoes-cadastrar],methods=[POST]}" onto public java.lang.String br.com.template.servicewebapp.controller.IntencoesController.botCadastrar(java.util.Map<java.lang.String, java.lang.Object>)
[INFO ] 2017-09-17 16:11:38.536 [main] RequestMappingHandlerMapping - Mapped "{[/intencoes-editar],methods=[POST]}" onto public java.lang.String br.com.template.servicewebapp.controller.IntencoesController.botEditar(java.util.Map<java.lang.String, java.lang.Object>)
[INFO ] 2017-09-17 16:11:38.537 [main] RequestMappingHandlerMapping - Mapped "{[/intencoes-remover],methods=[POST]}" onto public java.lang.String br.com.template.servicewebapp.controller.IntencoesController.botRemover(java.util.Map<java.lang.String, java.lang.Object>)
[INFO ] 2017-09-17 16:11:38.537 [main] RequestMappingHandlerMapping - Mapped "{[/intencoes]}" onto public java.lang.String br.com.template.servicewebapp.controller.IntencoesController.intencoes(java.util.Map<java.lang.String, java.lang.Object>)
[INFO ] 2017-09-17 16:11:38.538 [main] RequestMappingHandlerMapping - Mapped "{[/]}" onto public java.lang.String br.com.template.servicewebapp.controller.LoginController.home(java.util.Map<java.lang.String, java.lang.Object>)
[INFO ] 2017-09-17 16:11:38.539 [main] RequestMappingHandlerMapping - Mapped "{[/recursos-cadastrar],methods=[POST]}" onto public java.lang.String br.com.template.servicewebapp.controller.RecursosController.botCadastrar(java.util.Map<java.lang.String, java.lang.Object>)
[INFO ] 2017-09-17 16:11:38.540 [main] RequestMappingHandlerMapping - Mapped "{[/recursos-editar],methods=[POST]}" onto public java.lang.String br.com.template.servicewebapp.controller.RecursosController.botEditar(java.util.Map<java.lang.String, java.lang.Object>)
[INFO ] 2017-09-17 16:11:38.540 [main] RequestMappingHandlerMapping - Mapped "{[/recursos-remover],methods=[POST]}" onto public java.lang.String br.com.template.servicewebapp.controller.RecursosController.botRemover(java.util.Map<java.lang.String, java.lang.Object>)
[INFO ] 2017-09-17 16:11:38.541 [main] RequestMappingHandlerMapping - Mapped "{[/recursos]}" onto public java.lang.String br.com.template.servicewebapp.controller.RecursosController.intencoes(java.util.Map<java.lang.String, java.lang.Object>)
[INFO ] 2017-09-17 16:11:38.544 [main] RequestMappingHandlerMapping - Mapped "{[/error]}" onto public org.springframework.http.ResponseEntity<java.util.Map<java.lang.String, java.lang.Object>> org.springframework.boot.autoconfigure.web.BasicErrorController.error(javax.servlet.http.HttpServletRequest)
[INFO ] 2017-09-17 16:11:38.544 [main] RequestMappingHandlerMapping - Mapped "{[/error],produces=[text/html]}" onto public org.springframework.web.servlet.ModelAndView org.springframework.boot.autoconfigure.web.BasicErrorController.errorHtml(javax.servlet.http.HttpServletRequest,javax.servlet.http.HttpServletResponse)
[INFO ] 2017-09-17 16:11:38.593 [main] SimpleUrlHandlerMapping - Mapped URL path [/webjars/**] onto handler of type [class org.springframework.web.servlet.resource.ResourceHttpRequestHandler]
[INFO ] 2017-09-17 16:11:38.594 [main] SimpleUrlHandlerMapping - Mapped URL path [/**] onto handler of type [class org.springframework.web.servlet.resource.ResourceHttpRequestHandler]
[INFO ] 2017-09-17 16:11:38.648 [main] SimpleUrlHandlerMapping - Mapped URL path [/**/favicon.ico] onto handler of type [class org.springframework.web.servlet.resource.ResourceHttpRequestHandler]
[INFO ] 2017-09-17 16:11:47.479 [http-nio-8080-exec-1] DispatcherServlet - FrameworkServlet 'dispatcherServlet': initialization started
[INFO ] 2017-09-17 16:11:47.497 [http-nio-8080-exec-1] DispatcherServlet - FrameworkServlet 'dispatcherServlet': initialization completed in 18 ms
