[INFO ] 2017-08-31 22:07:35.140 [main] SpringBootWebApplication - init main SpringApplication run
[INFO ] 2017-08-31 22:07:35.584 [main] SpringBootWebApplication - Starting SpringBootWebApplication on MacBook-Pro-de-Rudson.local with PID 19090 (/Users/rudsonkiyoshi/projetos/santander/ia/webapp/service-webapp/target/classes started by rudsonkiyoshi in /Users/rudsonkiyoshi/projetos/santander/ia/webapp/service-webapp)
[INFO ] 2017-08-31 22:07:35.584 [main] SpringBootWebApplication - No active profile set, falling back to default profiles: default
[INFO ] 2017-08-31 22:07:37.489 [main] AppConfiguration$$EnhancerBySpringCGLIB$$4af2ba7 - init AppConfiguration redisTemplate
[INFO ] 2017-08-31 22:07:38.365 [main] SpringBootWebApplication - Started SpringBootWebApplication in 3.095 seconds (JVM running for 4.603)
[INFO ] 2017-08-31 22:07:47.683 [http-nio-8080-exec-1] LoginController - Login controller
[INFO ] 2017-08-31 22:07:52.584 [http-nio-8080-exec-1] HomeController - Home controller
[INFO ] 2017-08-31 22:07:52.584 [http-nio-8080-exec-1] HomeServiceImpl - init loadHomeMessage
[INFO ] 2017-08-31 22:07:52.591 [http-nio-8080-exec-1] HomeDaoImpl - init loadHomeMessage
[INFO ] 2017-08-31 22:07:56.853 [http-nio-8080-exec-2] BotController - Bot controller
[INFO ] 2017-08-31 22:08:01.211 [http-nio-8080-exec-6] BotController - Bot controller editar
[INFO ] 2017-08-31 22:13:27.800 [main] SpringBootWebApplication - init main SpringApplication run
[INFO ] 2017-08-31 22:13:28.122 [main] SpringBootWebApplication - Starting SpringBootWebApplication on MacBook-Pro-de-Rudson.local with PID 19189 (/Users/rudsonkiyoshi/projetos/santander/ia/webapp/service-webapp/target/classes started by rudsonkiyoshi in /Users/rudsonkiyoshi/projetos/santander/ia/webapp/service-webapp)
[INFO ] 2017-08-31 22:13:28.123 [main] SpringBootWebApplication - No active profile set, falling back to default profiles: default
[INFO ] 2017-08-31 22:13:29.765 [main] AppConfiguration$$EnhancerBySpringCGLIB$$7d37b427 - init AppConfiguration redisTemplate
[INFO ] 2017-08-31 22:13:30.554 [main] SpringBootWebApplication - Started SpringBootWebApplication in 2.67 seconds (JVM running for 3.436)
[INFO ] 2017-08-31 22:13:44.695 [http-nio-8080-exec-2] LoginController - Login controller
[INFO ] 2017-08-31 22:13:46.511 [http-nio-8080-exec-3] HomeController - Home controller
[INFO ] 2017-08-31 22:13:46.511 [http-nio-8080-exec-3] HomeServiceImpl - init loadHomeMessage
[INFO ] 2017-08-31 22:13:46.517 [http-nio-8080-exec-3] HomeDaoImpl - init loadHomeMessage
[INFO ] 2017-08-31 22:13:49.210 [http-nio-8080-exec-8] BotController - Bot controller
[INFO ] 2017-08-31 22:13:57.251 [http-nio-8080-exec-10] BotController - Bot controller editar
[INFO ] 2017-08-31 22:20:19.833 [http-nio-8080-exec-2] LoginController - Login controller
[INFO ] 2017-08-31 22:20:48.603 [http-nio-8080-exec-5] HomeController - Home controller
[INFO ] 2017-08-31 22:20:48.603 [http-nio-8080-exec-5] HomeServiceImpl - init loadHomeMessage
[INFO ] 2017-08-31 22:20:48.603 [http-nio-8080-exec-5] HomeDaoImpl - init loadHomeMessage
[INFO ] 2017-08-31 22:21:12.819 [http-nio-8080-exec-8] BotController - Bot controller
[INFO ] 2017-08-31 22:21:18.745 [http-nio-8080-exec-10] BotController - Bot controller cadastro
[INFO ] 2017-08-31 22:22:14.644 [http-nio-8080-exec-1] IntencoesController - Intencoes controller
[INFO ] 2017-08-31 22:22:33.074 [http-nio-8080-exec-2] IntencoesController - Intencoes controller cadastro
[INFO ] 2017-08-31 22:23:06.028 [http-nio-8080-exec-3] RecursosController - Recursos controller
[INFO ] 2017-08-31 22:25:32.457 [http-nio-8080-exec-1] IntencoesController - Intencoes controller
[INFO ] 2017-08-31 22:25:35.624 [http-nio-8080-exec-2] BotController - Bot controller
[INFO ] 2017-08-31 22:25:36.669 [http-nio-8080-exec-3] HomeController - Home controller
[INFO ] 2017-08-31 22:25:36.669 [http-nio-8080-exec-3] HomeServiceImpl - init loadHomeMessage
[INFO ] 2017-08-31 22:25:36.669 [http-nio-8080-exec-3] HomeDaoImpl - init loadHomeMessage
[INFO ] 2017-09-02 10:37:36.161 [http-nio-8080-exec-4] BotController - Bot controller
[INFO ] 2017-09-02 10:37:39.733 [http-nio-8080-exec-6] BotController - Bot controller cadastro
[INFO ] 2017-09-02 10:37:42.111 [http-nio-8080-exec-4] BotController - Bot controller
