[INFO ] 2017-09-03 11:24:58.941 [localhost-startStop-1] ContextLoader - Root WebApplicationContext: initialization completed in 1810 ms
[INFO ] 2017-09-03 11:25:00.754 [main] RequestMappingHandlerAdapter - Looking for @ControllerAdvice: org.springframework.boot.context.embedded.AnnotationConfigEmbeddedWebApplicationContext@687e99d8: startup date [Sun Sep 03 11:24:57 BRT 2017]; root of context hierarchy
[INFO ] 2017-09-03 11:25:00.847 [main] RequestMappingHandlerMapping - Mapped "{[/bots]}" onto public java.lang.String br.com.template.servicewebapp.controller.BotController.bot(java.util.Map<java.lang.String, java.lang.Object>)
[INFO ] 2017-09-03 11:25:00.849 [main] RequestMappingHandlerMapping - Mapped "{[/bots-cadastrar],methods=[POST]}" onto public java.lang.String br.com.template.servicewebapp.controller.BotController.botCadastrar(java.util.Map<java.lang.String, java.lang.Object>)
[INFO ] 2017-09-03 11:25:00.849 [main] RequestMappingHandlerMapping - Mapped "{[/bots-editar],methods=[POST]}" onto public java.lang.String br.com.template.servicewebapp.controller.BotController.botEditar(java.util.Map<java.lang.String, java.lang.Object>)
[INFO ] 2017-09-03 11:25:00.849 [main] RequestMappingHandlerMapping - Mapped "{[/bots-remover],methods=[POST]}" onto public java.lang.String br.com.template.servicewebapp.controller.BotController.botRemover(java.util.Map<java.lang.String, java.lang.Object>)
[INFO ] 2017-09-03 11:25:00.850 [main] RequestMappingHandlerMapping - Mapped "{[/home]}" onto public java.lang.String br.com.template.servicewebapp.controller.HomeController.home(java.util.Map<java.lang.String, java.lang.Object>)
[INFO ] 2017-09-03 11:25:00.852 [main] RequestMappingHandlerMapping - Mapped "{[/intencoes-cadastrar],methods=[POST]}" onto public java.lang.String br.com.template.servicewebapp.controller.IntencoesController.botCadastrar(java.util.Map<java.lang.String, java.lang.Object>)
[INFO ] 2017-09-03 11:25:00.852 [main] RequestMappingHandlerMapping - Mapped "{[/intencoes-editar],methods=[POST]}" onto public java.lang.String br.com.template.servicewebapp.controller.IntencoesController.botEditar(java.util.Map<java.lang.String, java.lang.Object>)
[INFO ] 2017-09-03 11:25:00.852 [main] RequestMappingHandlerMapping - Mapped "{[/intencoes-remover],methods=[POST]}" onto public java.lang.String br.com.template.servicewebapp.controller.IntencoesController.botRemover(java.util.Map<java.lang.String, java.lang.Object>)
[INFO ] 2017-09-03 11:25:00.853 [main] RequestMappingHandlerMapping - Mapped "{[/intencoes]}" onto public java.lang.String br.com.template.servicewebapp.controller.IntencoesController.intencoes(java.util.Map<java.lang.String, java.lang.Object>)
[INFO ] 2017-09-03 11:25:00.853 [main] RequestMappingHandlerMapping - Mapped "{[/]}" onto public java.lang.String br.com.template.servicewebapp.controller.LoginController.home(java.util.Map<java.lang.String, java.lang.Object>)
[INFO ] 2017-09-03 11:25:00.855 [main] RequestMappingHandlerMapping - Mapped "{[/recursos-cadastrar],methods=[POST]}" onto public java.lang.String br.com.template.servicewebapp.controller.RecursosController.botCadastrar(java.util.Map<java.lang.String, java.lang.Object>)
[INFO ] 2017-09-03 11:25:00.855 [main] RequestMappingHandlerMapping - Mapped "{[/recursos-editar],methods=[POST]}" onto public java.lang.String br.com.template.servicewebapp.controller.RecursosController.botEditar(java.util.Map<java.lang.String, java.lang.Object>)
[INFO ] 2017-09-03 11:25:00.856 [main] RequestMappingHandlerMapping - Mapped "{[/recursos-remover],methods=[POST]}" onto public java.lang.String br.com.template.servicewebapp.controller.RecursosController.botRemover(java.util.Map<java.lang.String, java.lang.Object>)
[INFO ] 2017-09-03 11:25:00.856 [main] RequestMappingHandlerMapping - Mapped "{[/recursos]}" onto public java.lang.String br.com.template.servicewebapp.controller.RecursosController.intencoes(java.util.Map<java.lang.String, java.lang.Object>)
[INFO ] 2017-09-03 11:25:00.859 [main] RequestMappingHandlerMapping - Mapped "{[/error]}" onto public org.springframework.http.ResponseEntity<java.util.Map<java.lang.String, java.lang.Object>> org.springframework.boot.autoconfigure.web.BasicErrorController.error(javax.servlet.http.HttpServletRequest)
[INFO ] 2017-09-03 11:25:00.860 [main] RequestMappingHandlerMapping - Mapped "{[/error],produces=[text/html]}" onto public org.springframework.web.servlet.ModelAndView org.springframework.boot.autoconfigure.web.BasicErrorController.errorHtml(javax.servlet.http.HttpServletRequest,javax.servlet.http.HttpServletResponse)
[INFO ] 2017-09-03 11:25:00.895 [main] SimpleUrlHandlerMapping - Mapped URL path [/webjars/**] onto handler of type [class org.springframework.web.servlet.resource.ResourceHttpRequestHandler]
[INFO ] 2017-09-03 11:25:00.895 [main] SimpleUrlHandlerMapping - Mapped URL path [/**] onto handler of type [class org.springframework.web.servlet.resource.ResourceHttpRequestHandler]
[INFO ] 2017-09-03 11:25:00.943 [main] SimpleUrlHandlerMapping - Mapped URL path [/**/favicon.ico] onto handler of type [class org.springframework.web.servlet.resource.ResourceHttpRequestHandler]
[INFO ] 2017-09-03 11:25:10.598 [http-nio-8080-exec-1] DispatcherServlet - FrameworkServlet 'dispatcherServlet': initialization started
[INFO ] 2017-09-03 11:25:10.616 [http-nio-8080-exec-1] DispatcherServlet - FrameworkServlet 'dispatcherServlet': initialization completed in 18 ms
[INFO ] 2017-09-03 12:08:10.038 [localhost-startStop-1] ContextLoader - Root WebApplicationContext: initialization completed in 1822 ms
[INFO ] 2017-09-03 12:08:11.933 [main] RequestMappingHandlerAdapter - Looking for @ControllerAdvice: org.springframework.boot.context.embedded.AnnotationConfigEmbeddedWebApplicationContext@687e99d8: startup date [Sun Sep 03 12:08:08 BRT 2017]; root of context hierarchy
[INFO ] 2017-09-03 12:08:12.008 [main] RequestMappingHandlerMapping - Mapped "{[/bots]}" onto public java.lang.String br.com.template.servicewebapp.controller.BotController.bot(java.util.Map<java.lang.String, java.lang.Object>)
[INFO ] 2017-09-03 12:08:12.009 [main] RequestMappingHandlerMapping - Mapped "{[/bots-cadastrar],methods=[POST]}" onto public java.lang.String br.com.template.servicewebapp.controller.BotController.botCadastrar(java.util.Map<java.lang.String, java.lang.Object>)
[INFO ] 2017-09-03 12:08:12.010 [main] RequestMappingHandlerMapping - Mapped "{[/bots-editar],methods=[POST]}" onto public java.lang.String br.com.template.servicewebapp.controller.BotController.botEditar(java.util.Map<java.lang.String, java.lang.Object>)
[INFO ] 2017-09-03 12:08:12.010 [main] RequestMappingHandlerMapping - Mapped "{[/bots-remover],methods=[POST]}" onto public java.lang.String br.com.template.servicewebapp.controller.BotController.botRemover(java.util.Map<java.lang.String, java.lang.Object>)
[INFO ] 2017-09-03 12:08:12.010 [main] RequestMappingHandlerMapping - Mapped "{[/home]}" onto public java.lang.String br.com.template.servicewebapp.controller.HomeController.home(java.util.Map<java.lang.String, java.lang.Object>)
[INFO ] 2017-09-03 12:08:12.011 [main] RequestMappingHandlerMapping - Mapped "{[/intencoes-cadastrar],methods=[POST]}" onto public java.lang.String br.com.template.servicewebapp.controller.IntencoesController.botCadastrar(java.util.Map<java.lang.String, java.lang.Object>)
[INFO ] 2017-09-03 12:08:12.012 [main] RequestMappingHandlerMapping - Mapped "{[/intencoes-editar],methods=[POST]}" onto public java.lang.String br.com.template.servicewebapp.controller.IntencoesController.botEditar(java.util.Map<java.lang.String, java.lang.Object>)
[INFO ] 2017-09-03 12:08:12.012 [main] RequestMappingHandlerMapping - Mapped "{[/intencoes-remover],methods=[POST]}" onto public java.lang.String br.com.template.servicewebapp.controller.IntencoesController.botRemover(java.util.Map<java.lang.String, java.lang.Object>)
[INFO ] 2017-09-03 12:08:12.013 [main] RequestMappingHandlerMapping - Mapped "{[/intencoes]}" onto public java.lang.String br.com.template.servicewebapp.controller.IntencoesController.intencoes(java.util.Map<java.lang.String, java.lang.Object>)
[INFO ] 2017-09-03 12:08:12.013 [main] RequestMappingHandlerMapping - Mapped "{[/]}" onto public java.lang.String br.com.template.servicewebapp.controller.LoginController.home(java.util.Map<java.lang.String, java.lang.Object>)
[INFO ] 2017-09-03 12:08:12.015 [main] RequestMappingHandlerMapping - Mapped "{[/recursos-cadastrar],methods=[POST]}" onto public java.lang.String br.com.template.servicewebapp.controller.RecursosController.botCadastrar(java.util.Map<java.lang.String, java.lang.Object>)
[INFO ] 2017-09-03 12:08:12.015 [main] RequestMappingHandlerMapping - Mapped "{[/recursos-editar],methods=[POST]}" onto public java.lang.String br.com.template.servicewebapp.controller.RecursosController.botEditar(java.util.Map<java.lang.String, java.lang.Object>)
[INFO ] 2017-09-03 12:08:12.016 [main] RequestMappingHandlerMapping - Mapped "{[/recursos-remover],methods=[POST]}" onto public java.lang.String br.com.template.servicewebapp.controller.RecursosController.botRemover(java.util.Map<java.lang.String, java.lang.Object>)
[INFO ] 2017-09-03 12:08:12.016 [main] RequestMappingHandlerMapping - Mapped "{[/recursos]}" onto public java.lang.String br.com.template.servicewebapp.controller.RecursosController.intencoes(java.util.Map<java.lang.String, java.lang.Object>)
[INFO ] 2017-09-03 12:08:12.019 [main] RequestMappingHandlerMapping - Mapped "{[/error]}" onto public org.springframework.http.ResponseEntity<java.util.Map<java.lang.String, java.lang.Object>> org.springframework.boot.autoconfigure.web.BasicErrorController.error(javax.servlet.http.HttpServletRequest)
[INFO ] 2017-09-03 12:08:12.020 [main] RequestMappingHandlerMapping - Mapped "{[/error],produces=[text/html]}" onto public org.springframework.web.servlet.ModelAndView org.springframework.boot.autoconfigure.web.BasicErrorController.errorHtml(javax.servlet.http.HttpServletRequest,javax.servlet.http.HttpServletResponse)
[INFO ] 2017-09-03 12:08:12.059 [main] SimpleUrlHandlerMapping - Mapped URL path [/webjars/**] onto handler of type [class org.springframework.web.servlet.resource.ResourceHttpRequestHandler]
[INFO ] 2017-09-03 12:08:12.059 [main] SimpleUrlHandlerMapping - Mapped URL path [/**] onto handler of type [class org.springframework.web.servlet.resource.ResourceHttpRequestHandler]
[INFO ] 2017-09-03 12:08:12.103 [main] SimpleUrlHandlerMapping - Mapped URL path [/**/favicon.ico] onto handler of type [class org.springframework.web.servlet.resource.ResourceHttpRequestHandler]
[INFO ] 2017-09-03 12:08:18.585 [http-nio-8080-exec-1] DispatcherServlet - FrameworkServlet 'dispatcherServlet': initialization started
[INFO ] 2017-09-03 12:08:18.601 [http-nio-8080-exec-1] DispatcherServlet - FrameworkServlet 'dispatcherServlet': initialization completed in 16 ms
[INFO ] 2017-09-03 12:10:52.749 [localhost-startStop-1] ContextLoader - Root WebApplicationContext: initialization completed in 2013 ms
[INFO ] 2017-09-03 12:10:54.825 [main] RequestMappingHandlerAdapter - Looking for @ControllerAdvice: org.springframework.boot.context.embedded.AnnotationConfigEmbeddedWebApplicationContext@687e99d8: startup date [Sun Sep 03 12:10:50 BRT 2017]; root of context hierarchy
[INFO ] 2017-09-03 12:10:54.922 [main] RequestMappingHandlerMapping - Mapped "{[/bots]}" onto public java.lang.String br.com.template.servicewebapp.controller.BotController.bot(java.util.Map<java.lang.String, java.lang.Object>)
[INFO ] 2017-09-03 12:10:54.923 [main] RequestMappingHandlerMapping - Mapped "{[/bots-cadastrar],methods=[POST]}" onto public java.lang.String br.com.template.servicewebapp.controller.BotController.botCadastrar(java.util.Map<java.lang.String, java.lang.Object>)
[INFO ] 2017-09-03 12:10:54.923 [main] RequestMappingHandlerMapping - Mapped "{[/bots-editar],methods=[POST]}" onto public java.lang.String br.com.template.servicewebapp.controller.BotController.botEditar(java.util.Map<java.lang.String, java.lang.Object>)
[INFO ] 2017-09-03 12:10:54.924 [main] RequestMappingHandlerMapping - Mapped "{[/bots-remover],methods=[POST]}" onto public java.lang.String br.com.template.servicewebapp.controller.BotController.botRemover(java.util.Map<java.lang.String, java.lang.Object>)
[INFO ] 2017-09-03 12:10:54.924 [main] RequestMappingHandlerMapping - Mapped "{[/home]}" onto public java.lang.String br.com.template.servicewebapp.controller.HomeController.home(java.util.Map<java.lang.String, java.lang.Object>)
[INFO ] 2017-09-03 12:10:54.926 [main] RequestMappingHandlerMapping - Mapped "{[/intencoes-cadastrar],methods=[POST]}" onto public java.lang.String br.com.template.servicewebapp.controller.IntencoesController.botCadastrar(java.util.Map<java.lang.String, java.lang.Object>)
[INFO ] 2017-09-03 12:10:54.926 [main] RequestMappingHandlerMapping - Mapped "{[/intencoes-editar],methods=[POST]}" onto public java.lang.String br.com.template.servicewebapp.controller.IntencoesController.botEditar(java.util.Map<java.lang.String, java.lang.Object>)
[INFO ] 2017-09-03 12:10:54.926 [main] RequestMappingHandlerMapping - Mapped "{[/intencoes-remover],methods=[POST]}" onto public java.lang.String br.com.template.servicewebapp.controller.IntencoesController.botRemover(java.util.Map<java.lang.String, java.lang.Object>)
[INFO ] 2017-09-03 12:10:54.927 [main] RequestMappingHandlerMapping - Mapped "{[/intencoes]}" onto public java.lang.String br.com.template.servicewebapp.controller.IntencoesController.intencoes(java.util.Map<java.lang.String, java.lang.Object>)
[INFO ] 2017-09-03 12:10:54.928 [main] RequestMappingHandlerMapping - Mapped "{[/]}" onto public java.lang.String br.com.template.servicewebapp.controller.LoginController.home(java.util.Map<java.lang.String, java.lang.Object>)
[INFO ] 2017-09-03 12:10:54.930 [main] RequestMappingHandlerMapping - Mapped "{[/recursos-cadastrar],methods=[POST]}" onto public java.lang.String br.com.template.servicewebapp.controller.RecursosController.botCadastrar(java.util.Map<java.lang.String, java.lang.Object>)
[INFO ] 2017-09-03 12:10:54.931 [main] RequestMappingHandlerMapping - Mapped "{[/recursos-editar],methods=[POST]}" onto public java.lang.String br.com.template.servicewebapp.controller.RecursosController.botEditar(java.util.Map<java.lang.String, java.lang.Object>)
[INFO ] 2017-09-03 12:10:54.931 [main] RequestMappingHandlerMapping - Mapped "{[/recursos-remover],methods=[POST]}" onto public java.lang.String br.com.template.servicewebapp.controller.RecursosController.botRemover(java.util.Map<java.lang.String, java.lang.Object>)
[INFO ] 2017-09-03 12:10:54.932 [main] RequestMappingHandlerMapping - Mapped "{[/recursos]}" onto public java.lang.String br.com.template.servicewebapp.controller.RecursosController.intencoes(java.util.Map<java.lang.String, java.lang.Object>)
[INFO ] 2017-09-03 12:10:54.935 [main] RequestMappingHandlerMapping - Mapped "{[/error]}" onto public org.springframework.http.ResponseEntity<java.util.Map<java.lang.String, java.lang.Object>> org.springframework.boot.autoconfigure.web.BasicErrorController.error(javax.servlet.http.HttpServletRequest)
[INFO ] 2017-09-03 12:10:54.935 [main] RequestMappingHandlerMapping - Mapped "{[/error],produces=[text/html]}" onto public org.springframework.web.servlet.ModelAndView org.springframework.boot.autoconfigure.web.BasicErrorController.errorHtml(javax.servlet.http.HttpServletRequest,javax.servlet.http.HttpServletResponse)
[INFO ] 2017-09-03 12:10:54.975 [main] SimpleUrlHandlerMapping - Mapped URL path [/webjars/**] onto handler of type [class org.springframework.web.servlet.resource.ResourceHttpRequestHandler]
[INFO ] 2017-09-03 12:10:54.975 [main] SimpleUrlHandlerMapping - Mapped URL path [/**] onto handler of type [class org.springframework.web.servlet.resource.ResourceHttpRequestHandler]
[INFO ] 2017-09-03 12:10:55.034 [main] SimpleUrlHandlerMapping - Mapped URL path [/**/favicon.ico] onto handler of type [class org.springframework.web.servlet.resource.ResourceHttpRequestHandler]
[INFO ] 2017-09-03 12:11:01.699 [http-nio-8080-exec-1] DispatcherServlet - FrameworkServlet 'dispatcherServlet': initialization started
[INFO ] 2017-09-03 12:11:01.719 [http-nio-8080-exec-1] DispatcherServlet - FrameworkServlet 'dispatcherServlet': initialization completed in 19 ms
[INFO ] 2017-09-03 12:13:38.024 [localhost-startStop-1] ContextLoader - Root WebApplicationContext: initialization completed in 2049 ms
[INFO ] 2017-09-03 12:13:39.987 [main] RequestMappingHandlerAdapter - Looking for @ControllerAdvice: org.springframework.boot.context.embedded.AnnotationConfigEmbeddedWebApplicationContext@687e99d8: startup date [Sun Sep 03 12:13:35 BRT 2017]; root of context hierarchy
[INFO ] 2017-09-03 12:13:40.088 [main] RequestMappingHandlerMapping - Mapped "{[/bots]}" onto public java.lang.String br.com.template.servicewebapp.controller.BotController.bot(java.util.Map<java.lang.String, java.lang.Object>)
[INFO ] 2017-09-03 12:13:40.089 [main] RequestMappingHandlerMapping - Mapped "{[/bots-cadastrar],methods=[POST]}" onto public java.lang.String br.com.template.servicewebapp.controller.BotController.botCadastrar(java.util.Map<java.lang.String, java.lang.Object>)
[INFO ] 2017-09-03 12:13:40.090 [main] RequestMappingHandlerMapping - Mapped "{[/bots-editar],methods=[POST]}" onto public java.lang.String br.com.template.servicewebapp.controller.BotController.botEditar(java.util.Map<java.lang.String, java.lang.Object>)
[INFO ] 2017-09-03 12:13:40.090 [main] RequestMappingHandlerMapping - Mapped "{[/bots-remover],methods=[POST]}" onto public java.lang.String br.com.template.servicewebapp.controller.BotController.botRemover(java.util.Map<java.lang.String, java.lang.Object>)
[INFO ] 2017-09-03 12:13:40.091 [main] RequestMappingHandlerMapping - Mapped "{[/home]}" onto public java.lang.String br.com.template.servicewebapp.controller.HomeController.home(java.util.Map<java.lang.String, java.lang.Object>)
[INFO ] 2017-09-03 12:13:40.093 [main] RequestMappingHandlerMapping - Mapped "{[/intencoes-cadastrar],methods=[POST]}" onto public java.lang.String br.com.template.servicewebapp.controller.IntencoesController.botCadastrar(java.util.Map<java.lang.String, java.lang.Object>)
[INFO ] 2017-09-03 12:13:40.094 [main] RequestMappingHandlerMapping - Mapped "{[/intencoes-editar],methods=[POST]}" onto public java.lang.String br.com.template.servicewebapp.controller.IntencoesController.botEditar(java.util.Map<java.lang.String, java.lang.Object>)
[INFO ] 2017-09-03 12:13:40.095 [main] RequestMappingHandlerMapping - Mapped "{[/intencoes-remover],methods=[POST]}" onto public java.lang.String br.com.template.servicewebapp.controller.IntencoesController.botRemover(java.util.Map<java.lang.String, java.lang.Object>)
[INFO ] 2017-09-03 12:13:40.095 [main] RequestMappingHandlerMapping - Mapped "{[/intencoes]}" onto public java.lang.String br.com.template.servicewebapp.controller.IntencoesController.intencoes(java.util.Map<java.lang.String, java.lang.Object>)
[INFO ] 2017-09-03 12:13:40.096 [main] RequestMappingHandlerMapping - Mapped "{[/]}" onto public java.lang.String br.com.template.servicewebapp.controller.LoginController.home(java.util.Map<java.lang.String, java.lang.Object>)
[INFO ] 2017-09-03 12:13:40.098 [main] RequestMappingHandlerMapping - Mapped "{[/recursos-cadastrar],methods=[POST]}" onto public java.lang.String br.com.template.servicewebapp.controller.RecursosController.botCadastrar(java.util.Map<java.lang.String, java.lang.Object>)
[INFO ] 2017-09-03 12:13:40.099 [main] RequestMappingHandlerMapping - Mapped "{[/recursos-editar],methods=[POST]}" onto public java.lang.String br.com.template.servicewebapp.controller.RecursosController.botEditar(java.util.Map<java.lang.String, java.lang.Object>)
[INFO ] 2017-09-03 12:13:40.099 [main] RequestMappingHandlerMapping - Mapped "{[/recursos-remover],methods=[POST]}" onto public java.lang.String br.com.template.servicewebapp.controller.RecursosController.botRemover(java.util.Map<java.lang.String, java.lang.Object>)
[INFO ] 2017-09-03 12:13:40.100 [main] RequestMappingHandlerMapping - Mapped "{[/recursos]}" onto public java.lang.String br.com.template.servicewebapp.controller.RecursosController.intencoes(java.util.Map<java.lang.String, java.lang.Object>)
[INFO ] 2017-09-03 12:13:40.104 [main] RequestMappingHandlerMapping - Mapped "{[/error]}" onto public org.springframework.http.ResponseEntity<java.util.Map<java.lang.String, java.lang.Object>> org.springframework.boot.autoconfigure.web.BasicErrorController.error(javax.servlet.http.HttpServletRequest)
[INFO ] 2017-09-03 12:13:40.105 [main] RequestMappingHandlerMapping - Mapped "{[/error],produces=[text/html]}" onto public org.springframework.web.servlet.ModelAndView org.springframework.boot.autoconfigure.web.BasicErrorController.errorHtml(javax.servlet.http.HttpServletRequest,javax.servlet.http.HttpServletResponse)
[INFO ] 2017-09-03 12:13:40.154 [main] SimpleUrlHandlerMapping - Mapped URL path [/webjars/**] onto handler of type [class org.springframework.web.servlet.resource.ResourceHttpRequestHandler]
[INFO ] 2017-09-03 12:13:40.155 [main] SimpleUrlHandlerMapping - Mapped URL path [/**] onto handler of type [class org.springframework.web.servlet.resource.ResourceHttpRequestHandler]
[INFO ] 2017-09-03 12:13:40.223 [main] SimpleUrlHandlerMapping - Mapped URL path [/**/favicon.ico] onto handler of type [class org.springframework.web.servlet.resource.ResourceHttpRequestHandler]
[INFO ] 2017-09-03 12:13:48.273 [http-nio-8080-exec-1] DispatcherServlet - FrameworkServlet 'dispatcherServlet': initialization started
[INFO ] 2017-09-03 12:13:48.292 [http-nio-8080-exec-1] DispatcherServlet - FrameworkServlet 'dispatcherServlet': initialization completed in 19 ms
[INFO ] 2017-09-03 12:16:40.289 [localhost-startStop-1] ContextLoader - Root WebApplicationContext: initialization completed in 2220 ms
[INFO ] 2017-09-03 12:16:42.477 [main] RequestMappingHandlerAdapter - Looking for @ControllerAdvice: org.springframework.boot.context.embedded.AnnotationConfigEmbeddedWebApplicationContext@687e99d8: startup date [Sun Sep 03 12:16:38 BRT 2017]; root of context hierarchy
[INFO ] 2017-09-03 12:16:42.596 [main] RequestMappingHandlerMapping - Mapped "{[/bots]}" onto public java.lang.String br.com.template.servicewebapp.controller.BotController.bot(java.util.Map<java.lang.String, java.lang.Object>)
[INFO ] 2017-09-03 12:16:42.598 [main] RequestMappingHandlerMapping - Mapped "{[/bots-cadastrar],methods=[POST]}" onto public java.lang.String br.com.template.servicewebapp.controller.BotController.botCadastrar(java.util.Map<java.lang.String, java.lang.Object>)
[INFO ] 2017-09-03 12:16:42.598 [main] RequestMappingHandlerMapping - Mapped "{[/bots-editar],methods=[POST]}" onto public java.lang.String br.com.template.servicewebapp.controller.BotController.botEditar(java.util.Map<java.lang.String, java.lang.Object>)
[INFO ] 2017-09-03 12:16:42.598 [main] RequestMappingHandlerMapping - Mapped "{[/bots-remover],methods=[POST]}" onto public java.lang.String br.com.template.servicewebapp.controller.BotController.botRemover(java.util.Map<java.lang.String, java.lang.Object>)
[INFO ] 2017-09-03 12:16:42.599 [main] RequestMappingHandlerMapping - Mapped "{[/home]}" onto public java.lang.String br.com.template.servicewebapp.controller.HomeController.home(java.util.Map<java.lang.String, java.lang.Object>)
[INFO ] 2017-09-03 12:16:42.602 [main] RequestMappingHandlerMapping - Mapped "{[/intencoes-cadastrar],methods=[POST]}" onto public java.lang.String br.com.template.servicewebapp.controller.IntencoesController.botCadastrar(java.util.Map<java.lang.String, java.lang.Object>)
[INFO ] 2017-09-03 12:16:42.603 [main] RequestMappingHandlerMapping - Mapped "{[/intencoes-editar],methods=[POST]}" onto public java.lang.String br.com.template.servicewebapp.controller.IntencoesController.botEditar(java.util.Map<java.lang.String, java.lang.Object>)
[INFO ] 2017-09-03 12:16:42.604 [main] RequestMappingHandlerMapping - Mapped "{[/intencoes-remover],methods=[POST]}" onto public java.lang.String br.com.template.servicewebapp.controller.IntencoesController.botRemover(java.util.Map<java.lang.String, java.lang.Object>)
[INFO ] 2017-09-03 12:16:42.605 [main] RequestMappingHandlerMapping - Mapped "{[/intencoes]}" onto public java.lang.String br.com.template.servicewebapp.controller.IntencoesController.intencoes(java.util.Map<java.lang.String, java.lang.Object>)
[INFO ] 2017-09-03 12:16:42.606 [main] RequestMappingHandlerMapping - Mapped "{[/]}" onto public java.lang.String br.com.template.servicewebapp.controller.LoginController.home(java.util.Map<java.lang.String, java.lang.Object>)
[INFO ] 2017-09-03 12:16:42.609 [main] RequestMappingHandlerMapping - Mapped "{[/recursos-cadastrar],methods=[POST]}" onto public java.lang.String br.com.template.servicewebapp.controller.RecursosController.botCadastrar(java.util.Map<java.lang.String, java.lang.Object>)
[INFO ] 2017-09-03 12:16:42.610 [main] RequestMappingHandlerMapping - Mapped "{[/recursos-editar],methods=[POST]}" onto public java.lang.String br.com.template.servicewebapp.controller.RecursosController.botEditar(java.util.Map<java.lang.String, java.lang.Object>)
[INFO ] 2017-09-03 12:16:42.611 [main] RequestMappingHandlerMapping - Mapped "{[/recursos-remover],methods=[POST]}" onto public java.lang.String br.com.template.servicewebapp.controller.RecursosController.botRemover(java.util.Map<java.lang.String, java.lang.Object>)
[INFO ] 2017-09-03 12:16:42.611 [main] RequestMappingHandlerMapping - Mapped "{[/recursos]}" onto public java.lang.String br.com.template.servicewebapp.controller.RecursosController.intencoes(java.util.Map<java.lang.String, java.lang.Object>)
[INFO ] 2017-09-03 12:16:42.616 [main] RequestMappingHandlerMapping - Mapped "{[/error]}" onto public org.springframework.http.ResponseEntity<java.util.Map<java.lang.String, java.lang.Object>> org.springframework.boot.autoconfigure.web.BasicErrorController.error(javax.servlet.http.HttpServletRequest)
[INFO ] 2017-09-03 12:16:42.617 [main] RequestMappingHandlerMapping - Mapped "{[/error],produces=[text/html]}" onto public org.springframework.web.servlet.ModelAndView org.springframework.boot.autoconfigure.web.BasicErrorController.errorHtml(javax.servlet.http.HttpServletRequest,javax.servlet.http.HttpServletResponse)
[INFO ] 2017-09-03 12:16:42.681 [main] SimpleUrlHandlerMapping - Mapped URL path [/webjars/**] onto handler of type [class org.springframework.web.servlet.resource.ResourceHttpRequestHandler]
[INFO ] 2017-09-03 12:16:42.681 [main] SimpleUrlHandlerMapping - Mapped URL path [/**] onto handler of type [class org.springframework.web.servlet.resource.ResourceHttpRequestHandler]
[INFO ] 2017-09-03 12:16:42.755 [main] SimpleUrlHandlerMapping - Mapped URL path [/**/favicon.ico] onto handler of type [class org.springframework.web.servlet.resource.ResourceHttpRequestHandler]
[INFO ] 2017-09-03 12:16:47.928 [http-nio-8080-exec-1] DispatcherServlet - FrameworkServlet 'dispatcherServlet': initialization started
[INFO ] 2017-09-03 12:16:47.949 [http-nio-8080-exec-1] DispatcherServlet - FrameworkServlet 'dispatcherServlet': initialization completed in 21 ms
[INFO ] 2017-09-03 12:18:17.828 [localhost-startStop-1] ContextLoader - Root WebApplicationContext: initialization completed in 2510 ms
[INFO ] 2017-09-03 12:18:20.098 [main] RequestMappingHandlerAdapter - Looking for @ControllerAdvice: org.springframework.boot.context.embedded.AnnotationConfigEmbeddedWebApplicationContext@687e99d8: startup date [Sun Sep 03 12:18:15 BRT 2017]; root of context hierarchy
[INFO ] 2017-09-03 12:18:20.241 [main] RequestMappingHandlerMapping - Mapped "{[/bots]}" onto public java.lang.String br.com.template.servicewebapp.controller.BotController.bot(java.util.Map<java.lang.String, java.lang.Object>)
[INFO ] 2017-09-03 12:18:20.242 [main] RequestMappingHandlerMapping - Mapped "{[/bots-cadastrar],methods=[POST]}" onto public java.lang.String br.com.template.servicewebapp.controller.BotController.botCadastrar(java.util.Map<java.lang.String, java.lang.Object>)
[INFO ] 2017-09-03 12:18:20.243 [main] RequestMappingHandlerMapping - Mapped "{[/bots-editar],methods=[POST]}" onto public java.lang.String br.com.template.servicewebapp.controller.BotController.botEditar(java.util.Map<java.lang.String, java.lang.Object>)
[INFO ] 2017-09-03 12:18:20.244 [main] RequestMappingHandlerMapping - Mapped "{[/bots-remover],methods=[POST]}" onto public java.lang.String br.com.template.servicewebapp.controller.BotController.botRemover(java.util.Map<java.lang.String, java.lang.Object>)
[INFO ] 2017-09-03 12:18:20.245 [main] RequestMappingHandlerMapping - Mapped "{[/home]}" onto public java.lang.String br.com.template.servicewebapp.controller.HomeController.home(java.util.Map<java.lang.String, java.lang.Object>)
[INFO ] 2017-09-03 12:18:20.248 [main] RequestMappingHandlerMapping - Mapped "{[/intencoes-cadastrar],methods=[POST]}" onto public java.lang.String br.com.template.servicewebapp.controller.IntencoesController.botCadastrar(java.util.Map<java.lang.String, java.lang.Object>)
[INFO ] 2017-09-03 12:18:20.249 [main] RequestMappingHandlerMapping - Mapped "{[/intencoes-editar],methods=[POST]}" onto public java.lang.String br.com.template.servicewebapp.controller.IntencoesController.botEditar(java.util.Map<java.lang.String, java.lang.Object>)
[INFO ] 2017-09-03 12:18:20.250 [main] RequestMappingHandlerMapping - Mapped "{[/intencoes-remover],methods=[POST]}" onto public java.lang.String br.com.template.servicewebapp.controller.IntencoesController.botRemover(java.util.Map<java.lang.String, java.lang.Object>)
[INFO ] 2017-09-03 12:18:20.250 [main] RequestMappingHandlerMapping - Mapped "{[/intencoes]}" onto public java.lang.String br.com.template.servicewebapp.controller.IntencoesController.intencoes(java.util.Map<java.lang.String, java.lang.Object>)
[INFO ] 2017-09-03 12:18:20.252 [main] RequestMappingHandlerMapping - Mapped "{[/]}" onto public java.lang.String br.com.template.servicewebapp.controller.LoginController.home(java.util.Map<java.lang.String, java.lang.Object>)
[INFO ] 2017-09-03 12:18:20.255 [main] RequestMappingHandlerMapping - Mapped "{[/recursos-cadastrar],methods=[POST]}" onto public java.lang.String br.com.template.servicewebapp.controller.RecursosController.botCadastrar(java.util.Map<java.lang.String, java.lang.Object>)
[INFO ] 2017-09-03 12:18:20.256 [main] RequestMappingHandlerMapping - Mapped "{[/recursos-editar],methods=[POST]}" onto public java.lang.String br.com.template.servicewebapp.controller.RecursosController.botEditar(java.util.Map<java.lang.String, java.lang.Object>)
[INFO ] 2017-09-03 12:18:20.257 [main] RequestMappingHandlerMapping - Mapped "{[/recursos-remover],methods=[POST]}" onto public java.lang.String br.com.template.servicewebapp.controller.RecursosController.botRemover(java.util.Map<java.lang.String, java.lang.Object>)
[INFO ] 2017-09-03 12:18:20.258 [main] RequestMappingHandlerMapping - Mapped "{[/recursos]}" onto public java.lang.String br.com.template.servicewebapp.controller.RecursosController.intencoes(java.util.Map<java.lang.String, java.lang.Object>)
[INFO ] 2017-09-03 12:18:20.264 [main] RequestMappingHandlerMapping - Mapped "{[/error]}" onto public org.springframework.http.ResponseEntity<java.util.Map<java.lang.String, java.lang.Object>> org.springframework.boot.autoconfigure.web.BasicErrorController.error(javax.servlet.http.HttpServletRequest)
[INFO ] 2017-09-03 12:18:20.264 [main] RequestMappingHandlerMapping - Mapped "{[/error],produces=[text/html]}" onto public org.springframework.web.servlet.ModelAndView org.springframework.boot.autoconfigure.web.BasicErrorController.errorHtml(javax.servlet.http.HttpServletRequest,javax.servlet.http.HttpServletResponse)
[INFO ] 2017-09-03 12:18:20.328 [main] SimpleUrlHandlerMapping - Mapped URL path [/webjars/**] onto handler of type [class org.springframework.web.servlet.resource.ResourceHttpRequestHandler]
[INFO ] 2017-09-03 12:18:20.328 [main] SimpleUrlHandlerMapping - Mapped URL path [/**] onto handler of type [class org.springframework.web.servlet.resource.ResourceHttpRequestHandler]
[INFO ] 2017-09-03 12:18:20.416 [main] SimpleUrlHandlerMapping - Mapped URL path [/**/favicon.ico] onto handler of type [class org.springframework.web.servlet.resource.ResourceHttpRequestHandler]
[INFO ] 2017-09-03 12:18:25.672 [http-nio-8080-exec-1] DispatcherServlet - FrameworkServlet 'dispatcherServlet': initialization started
[INFO ] 2017-09-03 12:18:25.710 [http-nio-8080-exec-1] DispatcherServlet - FrameworkServlet 'dispatcherServlet': initialization completed in 37 ms
