[INFO ] 2017-08-31 22:07:37.296 [localhost-startStop-1] ContextLoader - Root WebApplicationContext: initialization completed in 1659 ms
[INFO ] 2017-08-31 22:07:37.878 [main] RequestMappingHandlerAdapter - Looking for @ControllerAdvice: org.springframework.boot.context.embedded.AnnotationConfigEmbeddedWebApplicationContext@ae13544: startup date [Thu Aug 31 22:07:35 BRT 2017]; root of context hierarchy
[INFO ] 2017-08-31 22:07:37.952 [main] RequestMappingHandlerMapping - Mapped "{[/bots]}" onto public java.lang.String br.com.template.servicewebapp.controller.BotController.bot(java.util.Map<java.lang.String, java.lang.Object>)
[INFO ] 2017-08-31 22:07:37.953 [main] RequestMappingHandlerMapping - Mapped "{[/bots-cadastrar],methods=[POST]}" onto public java.lang.String br.com.template.servicewebapp.controller.BotController.botCadastrar(java.util.Map<java.lang.String, java.lang.Object>)
[INFO ] 2017-08-31 22:07:37.953 [main] RequestMappingHandlerMapping - Mapped "{[/bots-editar],methods=[POST]}" onto public java.lang.String br.com.template.servicewebapp.controller.BotController.botEditar(java.util.Map<java.lang.String, java.lang.Object>)
[INFO ] 2017-08-31 22:07:37.953 [main] RequestMappingHandlerMapping - Mapped "{[/bots-remover],methods=[POST]}" onto public java.lang.String br.com.template.servicewebapp.controller.BotController.botRemover(java.util.Map<java.lang.String, java.lang.Object>)
[INFO ] 2017-08-31 22:07:37.954 [main] RequestMappingHandlerMapping - Mapped "{[/home]}" onto public java.lang.String br.com.template.servicewebapp.controller.HomeController.home(java.util.Map<java.lang.String, java.lang.Object>)
[INFO ] 2017-08-31 22:07:37.955 [main] RequestMappingHandlerMapping - Mapped "{[/intencoes-cadastrar],methods=[POST]}" onto public java.lang.String br.com.template.servicewebapp.controller.IntencoesController.botCadastrar(java.util.Map<java.lang.String, java.lang.Object>)
[INFO ] 2017-08-31 22:07:37.956 [main] RequestMappingHandlerMapping - Mapped "{[/intencoes-editar],methods=[POST]}" onto public java.lang.String br.com.template.servicewebapp.controller.IntencoesController.botEditar(java.util.Map<java.lang.String, java.lang.Object>)
[INFO ] 2017-08-31 22:07:37.956 [main] RequestMappingHandlerMapping - Mapped "{[/intencoes-remover],methods=[POST]}" onto public java.lang.String br.com.template.servicewebapp.controller.IntencoesController.botRemover(java.util.Map<java.lang.String, java.lang.Object>)
[INFO ] 2017-08-31 22:07:37.956 [main] RequestMappingHandlerMapping - Mapped "{[/intencoes]}" onto public java.lang.String br.com.template.servicewebapp.controller.IntencoesController.intencoes(java.util.Map<java.lang.String, java.lang.Object>)
[INFO ] 2017-08-31 22:07:37.957 [main] RequestMappingHandlerMapping - Mapped "{[/]}" onto public java.lang.String br.com.template.servicewebapp.controller.LoginController.home(java.util.Map<java.lang.String, java.lang.Object>)
[INFO ] 2017-08-31 22:07:37.957 [main] RequestMappingHandlerMapping - Mapped "{[/recursos]}" onto public java.lang.String br.com.template.servicewebapp.controller.RecursosController.intencoes(java.util.Map<java.lang.String, java.lang.Object>)
[INFO ] 2017-08-31 22:07:37.960 [main] RequestMappingHandlerMapping - Mapped "{[/error]}" onto public org.springframework.http.ResponseEntity<java.util.Map<java.lang.String, java.lang.Object>> org.springframework.boot.autoconfigure.web.BasicErrorController.error(javax.servlet.http.HttpServletRequest)
[INFO ] 2017-08-31 22:07:37.960 [main] RequestMappingHandlerMapping - Mapped "{[/error],produces=[text/html]}" onto public org.springframework.web.servlet.ModelAndView org.springframework.boot.autoconfigure.web.BasicErrorController.errorHtml(javax.servlet.http.HttpServletRequest,javax.servlet.http.HttpServletResponse)
[INFO ] 2017-08-31 22:07:37.990 [main] SimpleUrlHandlerMapping - Mapped URL path [/webjars/**] onto handler of type [class org.springframework.web.servlet.resource.ResourceHttpRequestHandler]
[INFO ] 2017-08-31 22:07:37.990 [main] SimpleUrlHandlerMapping - Mapped URL path [/**] onto handler of type [class org.springframework.web.servlet.resource.ResourceHttpRequestHandler]
[INFO ] 2017-08-31 22:07:38.036 [main] SimpleUrlHandlerMapping - Mapped URL path [/**/favicon.ico] onto handler of type [class org.springframework.web.servlet.resource.ResourceHttpRequestHandler]
[INFO ] 2017-08-31 22:07:47.639 [http-nio-8080-exec-1] DispatcherServlet - FrameworkServlet 'dispatcherServlet': initialization started
[INFO ] 2017-08-31 22:07:47.654 [http-nio-8080-exec-1] DispatcherServlet - FrameworkServlet 'dispatcherServlet': initialization completed in 15 ms
[INFO ] 2017-08-31 22:13:29.597 [localhost-startStop-1] ContextLoader - Root WebApplicationContext: initialization completed in 1422 ms
[INFO ] 2017-08-31 22:13:30.116 [main] RequestMappingHandlerAdapter - Looking for @ControllerAdvice: org.springframework.boot.context.embedded.AnnotationConfigEmbeddedWebApplicationContext@ae13544: startup date [Thu Aug 31 22:13:28 BRT 2017]; root of context hierarchy
[INFO ] 2017-08-31 22:13:30.179 [main] RequestMappingHandlerMapping - Mapped "{[/bots]}" onto public java.lang.String br.com.template.servicewebapp.controller.BotController.bot(java.util.Map<java.lang.String, java.lang.Object>)
[INFO ] 2017-08-31 22:13:30.181 [main] RequestMappingHandlerMapping - Mapped "{[/bots-cadastrar],methods=[POST]}" onto public java.lang.String br.com.template.servicewebapp.controller.BotController.botCadastrar(java.util.Map<java.lang.String, java.lang.Object>)
[INFO ] 2017-08-31 22:13:30.181 [main] RequestMappingHandlerMapping - Mapped "{[/bots-editar],methods=[POST]}" onto public java.lang.String br.com.template.servicewebapp.controller.BotController.botEditar(java.util.Map<java.lang.String, java.lang.Object>)
[INFO ] 2017-08-31 22:13:30.181 [main] RequestMappingHandlerMapping - Mapped "{[/bots-remover],methods=[POST]}" onto public java.lang.String br.com.template.servicewebapp.controller.BotController.botRemover(java.util.Map<java.lang.String, java.lang.Object>)
[INFO ] 2017-08-31 22:13:30.182 [main] RequestMappingHandlerMapping - Mapped "{[/home]}" onto public java.lang.String br.com.template.servicewebapp.controller.HomeController.home(java.util.Map<java.lang.String, java.lang.Object>)
[INFO ] 2017-08-31 22:13:30.184 [main] RequestMappingHandlerMapping - Mapped "{[/intencoes-cadastrar],methods=[POST]}" onto public java.lang.String br.com.template.servicewebapp.controller.IntencoesController.botCadastrar(java.util.Map<java.lang.String, java.lang.Object>)
[INFO ] 2017-08-31 22:13:30.185 [main] RequestMappingHandlerMapping - Mapped "{[/intencoes-editar],methods=[POST]}" onto public java.lang.String br.com.template.servicewebapp.controller.IntencoesController.botEditar(java.util.Map<java.lang.String, java.lang.Object>)
[INFO ] 2017-08-31 22:13:30.185 [main] RequestMappingHandlerMapping - Mapped "{[/intencoes-remover],methods=[POST]}" onto public java.lang.String br.com.template.servicewebapp.controller.IntencoesController.botRemover(java.util.Map<java.lang.String, java.lang.Object>)
[INFO ] 2017-08-31 22:13:30.185 [main] RequestMappingHandlerMapping - Mapped "{[/intencoes]}" onto public java.lang.String br.com.template.servicewebapp.controller.IntencoesController.intencoes(java.util.Map<java.lang.String, java.lang.Object>)
[INFO ] 2017-08-31 22:13:30.186 [main] RequestMappingHandlerMapping - Mapped "{[/]}" onto public java.lang.String br.com.template.servicewebapp.controller.LoginController.home(java.util.Map<java.lang.String, java.lang.Object>)
[INFO ] 2017-08-31 22:13:30.186 [main] RequestMappingHandlerMapping - Mapped "{[/recursos]}" onto public java.lang.String br.com.template.servicewebapp.controller.RecursosController.intencoes(java.util.Map<java.lang.String, java.lang.Object>)
[INFO ] 2017-08-31 22:13:30.189 [main] RequestMappingHandlerMapping - Mapped "{[/error]}" onto public org.springframework.http.ResponseEntity<java.util.Map<java.lang.String, java.lang.Object>> org.springframework.boot.autoconfigure.web.BasicErrorController.error(javax.servlet.http.HttpServletRequest)
[INFO ] 2017-08-31 22:13:30.189 [main] RequestMappingHandlerMapping - Mapped "{[/error],produces=[text/html]}" onto public org.springframework.web.servlet.ModelAndView org.springframework.boot.autoconfigure.web.BasicErrorController.errorHtml(javax.servlet.http.HttpServletRequest,javax.servlet.http.HttpServletResponse)
[INFO ] 2017-08-31 22:13:30.215 [main] SimpleUrlHandlerMapping - Mapped URL path [/webjars/**] onto handler of type [class org.springframework.web.servlet.resource.ResourceHttpRequestHandler]
[INFO ] 2017-08-31 22:13:30.215 [main] SimpleUrlHandlerMapping - Mapped URL path [/**] onto handler of type [class org.springframework.web.servlet.resource.ResourceHttpRequestHandler]
[INFO ] 2017-08-31 22:13:30.246 [main] SimpleUrlHandlerMapping - Mapped URL path [/**/favicon.ico] onto handler of type [class org.springframework.web.servlet.resource.ResourceHttpRequestHandler]
[INFO ] 2017-08-31 22:13:39.216 [http-nio-8080-exec-1] DispatcherServlet - FrameworkServlet 'dispatcherServlet': initialization started
[INFO ] 2017-08-31 22:13:39.229 [http-nio-8080-exec-1] DispatcherServlet - FrameworkServlet 'dispatcherServlet': initialization completed in 13 ms
[WARN ] 2017-08-31 22:13:39.248 [http-nio-8080-exec-1] PageNotFound - Request method 'GET' not supported
