[INFO ] 2017-08-25 13:01:46.221 [localhost-startStop-1] ContextLoader - Root WebApplicationContext: initialization completed in 2456 ms
[INFO ] 2017-08-25 13:01:46.960 [main] RequestMappingHandlerAdapter - Looking for @ControllerAdvice: org.springframework.boot.context.embedded.AnnotationConfigEmbeddedWebApplicationContext@ae13544: startup date [Fri Aug 25 13:01:43 BRT 2017]; root of context hierarchy
[INFO ] 2017-08-25 13:01:47.057 [main] RequestMappingHandlerMapping - Mapped "{[/]}" onto public java.lang.String br.com.template.servicewebapp.controller.HomeController.home(java.util.Map<java.lang.String, java.lang.Object>)
[INFO ] 2017-08-25 13:01:47.062 [main] RequestMappingHandlerMapping - Mapped "{[/error]}" onto public org.springframework.http.ResponseEntity<java.util.Map<java.lang.String, java.lang.Object>> org.springframework.boot.autoconfigure.web.BasicErrorController.error(javax.servlet.http.HttpServletRequest)
[INFO ] 2017-08-25 13:01:47.063 [main] RequestMappingHandlerMapping - Mapped "{[/error],produces=[text/html]}" onto public org.springframework.web.servlet.ModelAndView org.springframework.boot.autoconfigure.web.BasicErrorController.errorHtml(javax.servlet.http.HttpServletRequest,javax.servlet.http.HttpServletResponse)
[INFO ] 2017-08-25 13:01:47.111 [main] SimpleUrlHandlerMapping - Mapped URL path [/webjars/**] onto handler of type [class org.springframework.web.servlet.resource.ResourceHttpRequestHandler]
[INFO ] 2017-08-25 13:01:47.111 [main] SimpleUrlHandlerMapping - Mapped URL path [/**] onto handler of type [class org.springframework.web.servlet.resource.ResourceHttpRequestHandler]
[INFO ] 2017-08-25 13:01:47.200 [main] SimpleUrlHandlerMapping - Mapped URL path [/**/favicon.ico] onto handler of type [class org.springframework.web.servlet.resource.ResourceHttpRequestHandler]
[INFO ] 2017-08-25 13:02:13.131 [http-nio-8080-exec-1] DispatcherServlet - FrameworkServlet 'dispatcherServlet': initialization started
[INFO ] 2017-08-25 13:02:13.251 [http-nio-8080-exec-1] DispatcherServlet - FrameworkServlet 'dispatcherServlet': initialization completed in 118 ms
[INFO ] 2017-08-25 13:45:32.465 [localhost-startStop-1] ContextLoader - Root WebApplicationContext: initialization completed in 2200 ms
[INFO ] 2017-08-25 13:45:33.220 [main] RequestMappingHandlerAdapter - Looking for @ControllerAdvice: org.springframework.boot.context.embedded.AnnotationConfigEmbeddedWebApplicationContext@ae13544: startup date [Fri Aug 25 13:45:30 BRT 2017]; root of context hierarchy
[INFO ] 2017-08-25 13:45:33.315 [main] RequestMappingHandlerMapping - Mapped "{[/]}" onto public java.lang.String br.com.template.servicewebapp.controller.HomeController.home(java.util.Map<java.lang.String, java.lang.Object>)
[INFO ] 2017-08-25 13:45:33.317 [main] RequestMappingHandlerMapping - Mapped "{[/intencoes]}" onto public java.lang.String br.com.template.servicewebapp.controller.IntencoesController.intencoes(java.util.Map<java.lang.String, java.lang.Object>)
[INFO ] 2017-08-25 13:45:33.321 [main] RequestMappingHandlerMapping - Mapped "{[/error]}" onto public org.springframework.http.ResponseEntity<java.util.Map<java.lang.String, java.lang.Object>> org.springframework.boot.autoconfigure.web.BasicErrorController.error(javax.servlet.http.HttpServletRequest)
[INFO ] 2017-08-25 13:45:33.322 [main] RequestMappingHandlerMapping - Mapped "{[/error],produces=[text/html]}" onto public org.springframework.web.servlet.ModelAndView org.springframework.boot.autoconfigure.web.BasicErrorController.errorHtml(javax.servlet.http.HttpServletRequest,javax.servlet.http.HttpServletResponse)
[INFO ] 2017-08-25 13:45:33.374 [main] SimpleUrlHandlerMapping - Mapped URL path [/webjars/**] onto handler of type [class org.springframework.web.servlet.resource.ResourceHttpRequestHandler]
[INFO ] 2017-08-25 13:45:33.374 [main] SimpleUrlHandlerMapping - Mapped URL path [/**] onto handler of type [class org.springframework.web.servlet.resource.ResourceHttpRequestHandler]
[INFO ] 2017-08-25 13:45:33.440 [main] SimpleUrlHandlerMapping - Mapped URL path [/**/favicon.ico] onto handler of type [class org.springframework.web.servlet.resource.ResourceHttpRequestHandler]
[INFO ] 2017-08-25 13:45:40.911 [http-nio-8080-exec-1] DispatcherServlet - FrameworkServlet 'dispatcherServlet': initialization started
[INFO ] 2017-08-25 13:45:40.933 [http-nio-8080-exec-1] DispatcherServlet - FrameworkServlet 'dispatcherServlet': initialization completed in 22 ms
[INFO ] 2017-08-25 17:05:40.791 [localhost-startStop-1] ContextLoader - Root WebApplicationContext: initialization completed in 2487 ms
[INFO ] 2017-08-25 17:05:41.613 [main] RequestMappingHandlerAdapter - Looking for @ControllerAdvice: org.springframework.boot.context.embedded.AnnotationConfigEmbeddedWebApplicationContext@ae13544: startup date [Fri Aug 25 17:05:38 BRT 2017]; root of context hierarchy
[INFO ] 2017-08-25 17:05:41.702 [main] RequestMappingHandlerMapping - Mapped "{[/]}" onto public java.lang.String br.com.template.servicewebapp.controller.HomeController.home(java.util.Map<java.lang.String, java.lang.Object>)
[INFO ] 2017-08-25 17:05:41.704 [main] RequestMappingHandlerMapping - Mapped "{[/intencoes]}" onto public java.lang.String br.com.template.servicewebapp.controller.IntencoesController.intencoes(java.util.Map<java.lang.String, java.lang.Object>)
[INFO ] 2017-08-25 17:05:41.708 [main] RequestMappingHandlerMapping - Mapped "{[/error]}" onto public org.springframework.http.ResponseEntity<java.util.Map<java.lang.String, java.lang.Object>> org.springframework.boot.autoconfigure.web.BasicErrorController.error(javax.servlet.http.HttpServletRequest)
[INFO ] 2017-08-25 17:05:41.709 [main] RequestMappingHandlerMapping - Mapped "{[/error],produces=[text/html]}" onto public org.springframework.web.servlet.ModelAndView org.springframework.boot.autoconfigure.web.BasicErrorController.errorHtml(javax.servlet.http.HttpServletRequest,javax.servlet.http.HttpServletResponse)
[INFO ] 2017-08-25 17:05:41.756 [main] SimpleUrlHandlerMapping - Mapped URL path [/webjars/**] onto handler of type [class org.springframework.web.servlet.resource.ResourceHttpRequestHandler]
[INFO ] 2017-08-25 17:05:41.757 [main] SimpleUrlHandlerMapping - Mapped URL path [/**] onto handler of type [class org.springframework.web.servlet.resource.ResourceHttpRequestHandler]
[INFO ] 2017-08-25 17:05:41.817 [main] SimpleUrlHandlerMapping - Mapped URL path [/**/favicon.ico] onto handler of type [class org.springframework.web.servlet.resource.ResourceHttpRequestHandler]
[INFO ] 2017-08-25 17:05:46.207 [http-nio-8080-exec-1] DispatcherServlet - FrameworkServlet 'dispatcherServlet': initialization started
[INFO ] 2017-08-25 17:05:46.232 [http-nio-8080-exec-1] DispatcherServlet - FrameworkServlet 'dispatcherServlet': initialization completed in 24 ms
[INFO ] 2017-08-25 17:07:12.432 [localhost-startStop-1] ContextLoader - Root WebApplicationContext: initialization completed in 2253 ms
[INFO ] 2017-08-25 17:07:13.184 [main] RequestMappingHandlerAdapter - Looking for @ControllerAdvice: org.springframework.boot.context.embedded.AnnotationConfigEmbeddedWebApplicationContext@ae13544: startup date [Fri Aug 25 17:07:10 BRT 2017]; root of context hierarchy
[INFO ] 2017-08-25 17:07:13.275 [main] RequestMappingHandlerMapping - Mapped "{[/]}" onto public java.lang.String br.com.template.servicewebapp.controller.HomeController.home(java.util.Map<java.lang.String, java.lang.Object>)
[INFO ] 2017-08-25 17:07:13.277 [main] RequestMappingHandlerMapping - Mapped "{[/intencoes]}" onto public java.lang.String br.com.template.servicewebapp.controller.IntencoesController.intencoes(java.util.Map<java.lang.String, java.lang.Object>)
[INFO ] 2017-08-25 17:07:13.281 [main] RequestMappingHandlerMapping - Mapped "{[/error]}" onto public org.springframework.http.ResponseEntity<java.util.Map<java.lang.String, java.lang.Object>> org.springframework.boot.autoconfigure.web.BasicErrorController.error(javax.servlet.http.HttpServletRequest)
[INFO ] 2017-08-25 17:07:13.282 [main] RequestMappingHandlerMapping - Mapped "{[/error],produces=[text/html]}" onto public org.springframework.web.servlet.ModelAndView org.springframework.boot.autoconfigure.web.BasicErrorController.errorHtml(javax.servlet.http.HttpServletRequest,javax.servlet.http.HttpServletResponse)
[INFO ] 2017-08-25 17:07:13.328 [main] SimpleUrlHandlerMapping - Mapped URL path [/webjars/**] onto handler of type [class org.springframework.web.servlet.resource.ResourceHttpRequestHandler]
[INFO ] 2017-08-25 17:07:13.329 [main] SimpleUrlHandlerMapping - Mapped URL path [/**] onto handler of type [class org.springframework.web.servlet.resource.ResourceHttpRequestHandler]
[INFO ] 2017-08-25 17:07:13.398 [main] SimpleUrlHandlerMapping - Mapped URL path [/**/favicon.ico] onto handler of type [class org.springframework.web.servlet.resource.ResourceHttpRequestHandler]
[INFO ] 2017-08-25 17:07:18.280 [http-nio-8080-exec-1] DispatcherServlet - FrameworkServlet 'dispatcherServlet': initialization started
[INFO ] 2017-08-25 17:07:18.302 [http-nio-8080-exec-1] DispatcherServlet - FrameworkServlet 'dispatcherServlet': initialization completed in 22 ms
[INFO ] 2017-08-25 17:25:05.086 [localhost-startStop-1] ContextLoader - Root WebApplicationContext: initialization completed in 2595 ms
[INFO ] 2017-08-25 17:25:05.864 [main] RequestMappingHandlerAdapter - Looking for @ControllerAdvice: org.springframework.boot.context.embedded.AnnotationConfigEmbeddedWebApplicationContext@ae13544: startup date [Fri Aug 25 17:25:02 BRT 2017]; root of context hierarchy
[INFO ] 2017-08-25 17:25:06.010 [main] RequestMappingHandlerMapping - Mapped "{[/]}" onto public java.lang.String br.com.template.servicewebapp.controller.HomeController.home(java.util.Map<java.lang.String, java.lang.Object>)
[INFO ] 2017-08-25 17:25:06.012 [main] RequestMappingHandlerMapping - Mapped "{[/intencoes]}" onto public java.lang.String br.com.template.servicewebapp.controller.IntencoesController.intencoes(java.util.Map<java.lang.String, java.lang.Object>)
[INFO ] 2017-08-25 17:25:06.017 [main] RequestMappingHandlerMapping - Mapped "{[/error]}" onto public org.springframework.http.ResponseEntity<java.util.Map<java.lang.String, java.lang.Object>> org.springframework.boot.autoconfigure.web.BasicErrorController.error(javax.servlet.http.HttpServletRequest)
[INFO ] 2017-08-25 17:25:06.019 [main] RequestMappingHandlerMapping - Mapped "{[/error],produces=[text/html]}" onto public org.springframework.web.servlet.ModelAndView org.springframework.boot.autoconfigure.web.BasicErrorController.errorHtml(javax.servlet.http.HttpServletRequest,javax.servlet.http.HttpServletResponse)
[INFO ] 2017-08-25 17:25:06.072 [main] SimpleUrlHandlerMapping - Mapped URL path [/webjars/**] onto handler of type [class org.springframework.web.servlet.resource.ResourceHttpRequestHandler]
[INFO ] 2017-08-25 17:25:06.072 [main] SimpleUrlHandlerMapping - Mapped URL path [/**] onto handler of type [class org.springframework.web.servlet.resource.ResourceHttpRequestHandler]
[INFO ] 2017-08-25 17:25:06.160 [main] SimpleUrlHandlerMapping - Mapped URL path [/**/favicon.ico] onto handler of type [class org.springframework.web.servlet.resource.ResourceHttpRequestHandler]
[INFO ] 2017-08-25 17:25:55.364 [localhost-startStop-1] ContextLoader - Root WebApplicationContext: initialization completed in 2195 ms
[INFO ] 2017-08-25 17:25:56.160 [main] RequestMappingHandlerAdapter - Looking for @ControllerAdvice: org.springframework.boot.context.embedded.AnnotationConfigEmbeddedWebApplicationContext@ae13544: startup date [Fri Aug 25 17:25:53 BRT 2017]; root of context hierarchy
[INFO ] 2017-08-25 17:25:56.263 [main] RequestMappingHandlerMapping - Mapped "{[/]}" onto public java.lang.String br.com.template.servicewebapp.controller.HomeController.home(java.util.Map<java.lang.String, java.lang.Object>)
[INFO ] 2017-08-25 17:25:56.265 [main] RequestMappingHandlerMapping - Mapped "{[/intencoes]}" onto public java.lang.String br.com.template.servicewebapp.controller.IntencoesController.intencoes(java.util.Map<java.lang.String, java.lang.Object>)
[INFO ] 2017-08-25 17:25:56.269 [main] RequestMappingHandlerMapping - Mapped "{[/error]}" onto public org.springframework.http.ResponseEntity<java.util.Map<java.lang.String, java.lang.Object>> org.springframework.boot.autoconfigure.web.BasicErrorController.error(javax.servlet.http.HttpServletRequest)
[INFO ] 2017-08-25 17:25:56.270 [main] RequestMappingHandlerMapping - Mapped "{[/error],produces=[text/html]}" onto public org.springframework.web.servlet.ModelAndView org.springframework.boot.autoconfigure.web.BasicErrorController.errorHtml(javax.servlet.http.HttpServletRequest,javax.servlet.http.HttpServletResponse)
[INFO ] 2017-08-25 17:25:56.319 [main] SimpleUrlHandlerMapping - Mapped URL path [/webjars/**] onto handler of type [class org.springframework.web.servlet.resource.ResourceHttpRequestHandler]
[INFO ] 2017-08-25 17:25:56.320 [main] SimpleUrlHandlerMapping - Mapped URL path [/**] onto handler of type [class org.springframework.web.servlet.resource.ResourceHttpRequestHandler]
[INFO ] 2017-08-25 17:25:56.403 [main] SimpleUrlHandlerMapping - Mapped URL path [/**/favicon.ico] onto handler of type [class org.springframework.web.servlet.resource.ResourceHttpRequestHandler]
[INFO ] 2017-08-25 17:26:10.479 [http-nio-8080-exec-1] DispatcherServlet - FrameworkServlet 'dispatcherServlet': initialization started
[INFO ] 2017-08-25 17:26:10.499 [http-nio-8080-exec-1] DispatcherServlet - FrameworkServlet 'dispatcherServlet': initialization completed in 19 ms
[INFO ] 2017-08-25 17:29:41.293 [localhost-startStop-1] ContextLoader - Root WebApplicationContext: initialization completed in 2034 ms
[INFO ] 2017-08-25 17:29:42.014 [main] RequestMappingHandlerAdapter - Looking for @ControllerAdvice: org.springframework.boot.context.embedded.AnnotationConfigEmbeddedWebApplicationContext@ae13544: startup date [Fri Aug 25 17:29:39 BRT 2017]; root of context hierarchy
[INFO ] 2017-08-25 17:29:42.115 [main] RequestMappingHandlerMapping - Mapped "{[/]}" onto public java.lang.String br.com.template.servicewebapp.controller.HomeController.home(java.util.Map<java.lang.String, java.lang.Object>)
[INFO ] 2017-08-25 17:29:42.118 [main] RequestMappingHandlerMapping - Mapped "{[/intencoes]}" onto public java.lang.String br.com.template.servicewebapp.controller.IntencoesController.intencoes(java.util.Map<java.lang.String, java.lang.Object>)
[INFO ] 2017-08-25 17:29:42.123 [main] RequestMappingHandlerMapping - Mapped "{[/error]}" onto public org.springframework.http.ResponseEntity<java.util.Map<java.lang.String, java.lang.Object>> org.springframework.boot.autoconfigure.web.BasicErrorController.error(javax.servlet.http.HttpServletRequest)
[INFO ] 2017-08-25 17:29:42.124 [main] RequestMappingHandlerMapping - Mapped "{[/error],produces=[text/html]}" onto public org.springframework.web.servlet.ModelAndView org.springframework.boot.autoconfigure.web.BasicErrorController.errorHtml(javax.servlet.http.HttpServletRequest,javax.servlet.http.HttpServletResponse)
[INFO ] 2017-08-25 17:29:42.179 [main] SimpleUrlHandlerMapping - Mapped URL path [/webjars/**] onto handler of type [class org.springframework.web.servlet.resource.ResourceHttpRequestHandler]
[INFO ] 2017-08-25 17:29:42.179 [main] SimpleUrlHandlerMapping - Mapped URL path [/**] onto handler of type [class org.springframework.web.servlet.resource.ResourceHttpRequestHandler]
[INFO ] 2017-08-25 17:29:42.269 [main] SimpleUrlHandlerMapping - Mapped URL path [/**/favicon.ico] onto handler of type [class org.springframework.web.servlet.resource.ResourceHttpRequestHandler]
[INFO ] 2017-08-25 17:29:49.933 [http-nio-8080-exec-1] DispatcherServlet - FrameworkServlet 'dispatcherServlet': initialization started
[INFO ] 2017-08-25 17:29:49.951 [http-nio-8080-exec-1] DispatcherServlet - FrameworkServlet 'dispatcherServlet': initialization completed in 18 ms
[INFO ] 2017-08-25 17:32:31.812 [localhost-startStop-1] ContextLoader - Root WebApplicationContext: initialization completed in 4270 ms
[INFO ] 2017-08-25 17:32:33.113 [localhost-startStop-1] ContextLoader - Root WebApplicationContext: initialization completed in 4039 ms
[INFO ] 2017-08-25 17:32:33.359 [main] RequestMappingHandlerAdapter - Looking for @ControllerAdvice: org.springframework.boot.context.embedded.AnnotationConfigEmbeddedWebApplicationContext@ae13544: startup date [Fri Aug 25 17:32:27 BRT 2017]; root of context hierarchy
[INFO ] 2017-08-25 17:32:33.614 [main] RequestMappingHandlerMapping - Mapped "{[/]}" onto public java.lang.String br.com.template.servicewebapp.controller.HomeController.home(java.util.Map<java.lang.String, java.lang.Object>)
[INFO ] 2017-08-25 17:32:33.616 [main] RequestMappingHandlerMapping - Mapped "{[/intencoes]}" onto public java.lang.String br.com.template.servicewebapp.controller.IntencoesController.intencoes(java.util.Map<java.lang.String, java.lang.Object>)
[INFO ] 2017-08-25 17:32:33.639 [main] RequestMappingHandlerMapping - Mapped "{[/error]}" onto public org.springframework.http.ResponseEntity<java.util.Map<java.lang.String, java.lang.Object>> org.springframework.boot.autoconfigure.web.BasicErrorController.error(javax.servlet.http.HttpServletRequest)
[INFO ] 2017-08-25 17:32:33.640 [main] RequestMappingHandlerMapping - Mapped "{[/error],produces=[text/html]}" onto public org.springframework.web.servlet.ModelAndView org.springframework.boot.autoconfigure.web.BasicErrorController.errorHtml(javax.servlet.http.HttpServletRequest,javax.servlet.http.HttpServletResponse)
[INFO ] 2017-08-25 17:32:33.732 [main] SimpleUrlHandlerMapping - Mapped URL path [/webjars/**] onto handler of type [class org.springframework.web.servlet.resource.ResourceHttpRequestHandler]
[INFO ] 2017-08-25 17:32:33.732 [main] SimpleUrlHandlerMapping - Mapped URL path [/**] onto handler of type [class org.springframework.web.servlet.resource.ResourceHttpRequestHandler]
[INFO ] 2017-08-25 17:32:33.902 [main] SimpleUrlHandlerMapping - Mapped URL path [/**/favicon.ico] onto handler of type [class org.springframework.web.servlet.resource.ResourceHttpRequestHandler]
[INFO ] 2017-08-25 17:32:34.863 [main] RequestMappingHandlerAdapter - Looking for @ControllerAdvice: org.springframework.boot.context.embedded.AnnotationConfigEmbeddedWebApplicationContext@ae13544: startup date [Fri Aug 25 17:32:29 BRT 2017]; root of context hierarchy
[INFO ] 2017-08-25 17:32:35.100 [main] RequestMappingHandlerMapping - Mapped "{[/]}" onto public java.lang.String br.com.template.servicewebapp.controller.HomeController.home(java.util.Map<java.lang.String, java.lang.Object>)
[INFO ] 2017-08-25 17:32:35.101 [main] RequestMappingHandlerMapping - Mapped "{[/intencoes]}" onto public java.lang.String br.com.template.servicewebapp.controller.IntencoesController.intencoes(java.util.Map<java.lang.String, java.lang.Object>)
[INFO ] 2017-08-25 17:32:35.106 [main] RequestMappingHandlerMapping - Mapped "{[/error]}" onto public org.springframework.http.ResponseEntity<java.util.Map<java.lang.String, java.lang.Object>> org.springframework.boot.autoconfigure.web.BasicErrorController.error(javax.servlet.http.HttpServletRequest)
[INFO ] 2017-08-25 17:32:35.107 [main] RequestMappingHandlerMapping - Mapped "{[/error],produces=[text/html]}" onto public org.springframework.web.servlet.ModelAndView org.springframework.boot.autoconfigure.web.BasicErrorController.errorHtml(javax.servlet.http.HttpServletRequest,javax.servlet.http.HttpServletResponse)
[INFO ] 2017-08-25 17:32:35.234 [main] SimpleUrlHandlerMapping - Mapped URL path [/webjars/**] onto handler of type [class org.springframework.web.servlet.resource.ResourceHttpRequestHandler]
[INFO ] 2017-08-25 17:32:35.234 [main] SimpleUrlHandlerMapping - Mapped URL path [/**] onto handler of type [class org.springframework.web.servlet.resource.ResourceHttpRequestHandler]
[INFO ] 2017-08-25 17:32:35.342 [main] SimpleUrlHandlerMapping - Mapped URL path [/**/favicon.ico] onto handler of type [class org.springframework.web.servlet.resource.ResourceHttpRequestHandler]
[INFO ] 2017-08-25 17:32:52.748 [localhost-startStop-1] ContextLoader - Root WebApplicationContext: initialization completed in 2313 ms
[INFO ] 2017-08-25 17:32:53.546 [main] RequestMappingHandlerAdapter - Looking for @ControllerAdvice: org.springframework.boot.context.embedded.AnnotationConfigEmbeddedWebApplicationContext@ae13544: startup date [Fri Aug 25 17:32:50 BRT 2017]; root of context hierarchy
[INFO ] 2017-08-25 17:32:53.633 [main] RequestMappingHandlerMapping - Mapped "{[/]}" onto public java.lang.String br.com.template.servicewebapp.controller.HomeController.home(java.util.Map<java.lang.String, java.lang.Object>)
[INFO ] 2017-08-25 17:32:53.634 [main] RequestMappingHandlerMapping - Mapped "{[/intencoes]}" onto public java.lang.String br.com.template.servicewebapp.controller.IntencoesController.intencoes(java.util.Map<java.lang.String, java.lang.Object>)
[INFO ] 2017-08-25 17:32:53.638 [main] RequestMappingHandlerMapping - Mapped "{[/error]}" onto public org.springframework.http.ResponseEntity<java.util.Map<java.lang.String, java.lang.Object>> org.springframework.boot.autoconfigure.web.BasicErrorController.error(javax.servlet.http.HttpServletRequest)
[INFO ] 2017-08-25 17:32:53.639 [main] RequestMappingHandlerMapping - Mapped "{[/error],produces=[text/html]}" onto public org.springframework.web.servlet.ModelAndView org.springframework.boot.autoconfigure.web.BasicErrorController.errorHtml(javax.servlet.http.HttpServletRequest,javax.servlet.http.HttpServletResponse)
[INFO ] 2017-08-25 17:32:53.679 [main] SimpleUrlHandlerMapping - Mapped URL path [/webjars/**] onto handler of type [class org.springframework.web.servlet.resource.ResourceHttpRequestHandler]
[INFO ] 2017-08-25 17:32:53.680 [main] SimpleUrlHandlerMapping - Mapped URL path [/**] onto handler of type [class org.springframework.web.servlet.resource.ResourceHttpRequestHandler]
[INFO ] 2017-08-25 17:32:53.736 [main] SimpleUrlHandlerMapping - Mapped URL path [/**/favicon.ico] onto handler of type [class org.springframework.web.servlet.resource.ResourceHttpRequestHandler]
[INFO ] 2017-08-25 17:33:07.567 [http-nio-8080-exec-1] DispatcherServlet - FrameworkServlet 'dispatcherServlet': initialization started
[INFO ] 2017-08-25 17:33:07.599 [http-nio-8080-exec-1] DispatcherServlet - FrameworkServlet 'dispatcherServlet': initialization completed in 32 ms
[INFO ] 2017-08-25 17:35:46.438 [localhost-startStop-1] ContextLoader - Root WebApplicationContext: initialization completed in 2398 ms
[INFO ] 2017-08-25 17:35:47.302 [main] RequestMappingHandlerAdapter - Looking for @ControllerAdvice: org.springframework.boot.context.embedded.AnnotationConfigEmbeddedWebApplicationContext@ae13544: startup date [Fri Aug 25 17:35:44 BRT 2017]; root of context hierarchy
[INFO ] 2017-08-25 17:35:47.393 [main] RequestMappingHandlerMapping - Mapped "{[/]}" onto public java.lang.String br.com.template.servicewebapp.controller.HomeController.home(java.util.Map<java.lang.String, java.lang.Object>)
[INFO ] 2017-08-25 17:35:47.395 [main] RequestMappingHandlerMapping - Mapped "{[/intencoes]}" onto public java.lang.String br.com.template.servicewebapp.controller.IntencoesController.intencoes(java.util.Map<java.lang.String, java.lang.Object>)
[INFO ] 2017-08-25 17:35:47.398 [main] RequestMappingHandlerMapping - Mapped "{[/error]}" onto public org.springframework.http.ResponseEntity<java.util.Map<java.lang.String, java.lang.Object>> org.springframework.boot.autoconfigure.web.BasicErrorController.error(javax.servlet.http.HttpServletRequest)
[INFO ] 2017-08-25 17:35:47.399 [main] RequestMappingHandlerMapping - Mapped "{[/error],produces=[text/html]}" onto public org.springframework.web.servlet.ModelAndView org.springframework.boot.autoconfigure.web.BasicErrorController.errorHtml(javax.servlet.http.HttpServletRequest,javax.servlet.http.HttpServletResponse)
[INFO ] 2017-08-25 17:35:47.442 [main] SimpleUrlHandlerMapping - Mapped URL path [/webjars/**] onto handler of type [class org.springframework.web.servlet.resource.ResourceHttpRequestHandler]
[INFO ] 2017-08-25 17:35:47.443 [main] SimpleUrlHandlerMapping - Mapped URL path [/**] onto handler of type [class org.springframework.web.servlet.resource.ResourceHttpRequestHandler]
[INFO ] 2017-08-25 17:35:47.490 [main] SimpleUrlHandlerMapping - Mapped URL path [/**/favicon.ico] onto handler of type [class org.springframework.web.servlet.resource.ResourceHttpRequestHandler]
[INFO ] 2017-08-25 17:35:53.131 [http-nio-8080-exec-1] DispatcherServlet - FrameworkServlet 'dispatcherServlet': initialization started
[INFO ] 2017-08-25 17:35:53.256 [http-nio-8080-exec-1] DispatcherServlet - FrameworkServlet 'dispatcherServlet': initialization completed in 124 ms
[INFO ] 2017-08-25 17:40:11.448 [localhost-startStop-1] ContextLoader - Root WebApplicationContext: initialization completed in 2179 ms
[INFO ] 2017-08-25 17:40:12.509 [main] RequestMappingHandlerAdapter - Looking for @ControllerAdvice: org.springframework.boot.context.embedded.AnnotationConfigEmbeddedWebApplicationContext@ae13544: startup date [Fri Aug 25 17:40:09 BRT 2017]; root of context hierarchy
[INFO ] 2017-08-25 17:40:12.627 [main] RequestMappingHandlerMapping - Mapped "{[/]}" onto public java.lang.String br.com.template.servicewebapp.controller.HomeController.home(java.util.Map<java.lang.String, java.lang.Object>)
[INFO ] 2017-08-25 17:40:12.629 [main] RequestMappingHandlerMapping - Mapped "{[/intencoes]}" onto public java.lang.String br.com.template.servicewebapp.controller.IntencoesController.intencoes(java.util.Map<java.lang.String, java.lang.Object>)
[INFO ] 2017-08-25 17:40:12.635 [main] RequestMappingHandlerMapping - Mapped "{[/error]}" onto public org.springframework.http.ResponseEntity<java.util.Map<java.lang.String, java.lang.Object>> org.springframework.boot.autoconfigure.web.BasicErrorController.error(javax.servlet.http.HttpServletRequest)
[INFO ] 2017-08-25 17:40:12.636 [main] RequestMappingHandlerMapping - Mapped "{[/error],produces=[text/html]}" onto public org.springframework.web.servlet.ModelAndView org.springframework.boot.autoconfigure.web.BasicErrorController.errorHtml(javax.servlet.http.HttpServletRequest,javax.servlet.http.HttpServletResponse)
[INFO ] 2017-08-25 17:40:12.675 [main] SimpleUrlHandlerMapping - Mapped URL path [/webjars/**] onto handler of type [class org.springframework.web.servlet.resource.ResourceHttpRequestHandler]
[INFO ] 2017-08-25 17:40:12.675 [main] SimpleUrlHandlerMapping - Mapped URL path [/**] onto handler of type [class org.springframework.web.servlet.resource.ResourceHttpRequestHandler]
[INFO ] 2017-08-25 17:40:12.746 [main] SimpleUrlHandlerMapping - Mapped URL path [/**/favicon.ico] onto handler of type [class org.springframework.web.servlet.resource.ResourceHttpRequestHandler]
[INFO ] 2017-08-25 17:40:22.481 [http-nio-8080-exec-1] DispatcherServlet - FrameworkServlet 'dispatcherServlet': initialization started
[INFO ] 2017-08-25 17:40:22.605 [http-nio-8080-exec-1] DispatcherServlet - FrameworkServlet 'dispatcherServlet': initialization completed in 123 ms
[INFO ] 2017-08-25 17:41:44.084 [localhost-startStop-1] ContextLoader - Root WebApplicationContext: initialization completed in 2126 ms
[INFO ] 2017-08-25 17:41:44.906 [main] RequestMappingHandlerAdapter - Looking for @ControllerAdvice: org.springframework.boot.context.embedded.AnnotationConfigEmbeddedWebApplicationContext@ae13544: startup date [Fri Aug 25 17:41:41 BRT 2017]; root of context hierarchy
[INFO ] 2017-08-25 17:41:45.000 [main] RequestMappingHandlerMapping - Mapped "{[/]}" onto public java.lang.String br.com.template.servicewebapp.controller.HomeController.home(java.util.Map<java.lang.String, java.lang.Object>)
[INFO ] 2017-08-25 17:41:45.002 [main] RequestMappingHandlerMapping - Mapped "{[/intencoes]}" onto public java.lang.String br.com.template.servicewebapp.controller.IntencoesController.intencoes(java.util.Map<java.lang.String, java.lang.Object>)
[INFO ] 2017-08-25 17:41:45.007 [main] RequestMappingHandlerMapping - Mapped "{[/error]}" onto public org.springframework.http.ResponseEntity<java.util.Map<java.lang.String, java.lang.Object>> org.springframework.boot.autoconfigure.web.BasicErrorController.error(javax.servlet.http.HttpServletRequest)
[INFO ] 2017-08-25 17:41:45.009 [main] RequestMappingHandlerMapping - Mapped "{[/error],produces=[text/html]}" onto public org.springframework.web.servlet.ModelAndView org.springframework.boot.autoconfigure.web.BasicErrorController.errorHtml(javax.servlet.http.HttpServletRequest,javax.servlet.http.HttpServletResponse)
[INFO ] 2017-08-25 17:41:45.059 [main] SimpleUrlHandlerMapping - Mapped URL path [/webjars/**] onto handler of type [class org.springframework.web.servlet.resource.ResourceHttpRequestHandler]
[INFO ] 2017-08-25 17:41:45.060 [main] SimpleUrlHandlerMapping - Mapped URL path [/**] onto handler of type [class org.springframework.web.servlet.resource.ResourceHttpRequestHandler]
[INFO ] 2017-08-25 17:41:45.115 [main] SimpleUrlHandlerMapping - Mapped URL path [/**/favicon.ico] onto handler of type [class org.springframework.web.servlet.resource.ResourceHttpRequestHandler]
[INFO ] 2017-08-25 17:41:50.230 [http-nio-8080-exec-1] DispatcherServlet - FrameworkServlet 'dispatcherServlet': initialization started
[INFO ] 2017-08-25 17:41:50.255 [http-nio-8080-exec-1] DispatcherServlet - FrameworkServlet 'dispatcherServlet': initialization completed in 25 ms
[INFO ] 2017-08-25 17:43:31.657 [localhost-startStop-1] ContextLoader - Root WebApplicationContext: initialization completed in 1980 ms
[INFO ] 2017-08-25 17:43:32.405 [main] RequestMappingHandlerAdapter - Looking for @ControllerAdvice: org.springframework.boot.context.embedded.AnnotationConfigEmbeddedWebApplicationContext@ae13544: startup date [Fri Aug 25 17:43:29 BRT 2017]; root of context hierarchy
[INFO ] 2017-08-25 17:43:32.494 [main] RequestMappingHandlerMapping - Mapped "{[/]}" onto public java.lang.String br.com.template.servicewebapp.controller.HomeController.home(java.util.Map<java.lang.String, java.lang.Object>)
[INFO ] 2017-08-25 17:43:32.497 [main] RequestMappingHandlerMapping - Mapped "{[/intencoes]}" onto public java.lang.String br.com.template.servicewebapp.controller.IntencoesController.intencoes(java.util.Map<java.lang.String, java.lang.Object>)
[INFO ] 2017-08-25 17:43:32.501 [main] RequestMappingHandlerMapping - Mapped "{[/error]}" onto public org.springframework.http.ResponseEntity<java.util.Map<java.lang.String, java.lang.Object>> org.springframework.boot.autoconfigure.web.BasicErrorController.error(javax.servlet.http.HttpServletRequest)
[INFO ] 2017-08-25 17:43:32.505 [main] RequestMappingHandlerMapping - Mapped "{[/error],produces=[text/html]}" onto public org.springframework.web.servlet.ModelAndView org.springframework.boot.autoconfigure.web.BasicErrorController.errorHtml(javax.servlet.http.HttpServletRequest,javax.servlet.http.HttpServletResponse)
[INFO ] 2017-08-25 17:43:32.548 [main] SimpleUrlHandlerMapping - Mapped URL path [/webjars/**] onto handler of type [class org.springframework.web.servlet.resource.ResourceHttpRequestHandler]
[INFO ] 2017-08-25 17:43:32.548 [main] SimpleUrlHandlerMapping - Mapped URL path [/**] onto handler of type [class org.springframework.web.servlet.resource.ResourceHttpRequestHandler]
[INFO ] 2017-08-25 17:43:32.610 [main] SimpleUrlHandlerMapping - Mapped URL path [/**/favicon.ico] onto handler of type [class org.springframework.web.servlet.resource.ResourceHttpRequestHandler]
[INFO ] 2017-08-25 17:43:36.789 [http-nio-8080-exec-1] DispatcherServlet - FrameworkServlet 'dispatcherServlet': initialization started
[INFO ] 2017-08-25 17:43:36.899 [http-nio-8080-exec-1] DispatcherServlet - FrameworkServlet 'dispatcherServlet': initialization completed in 109 ms
[INFO ] 2017-08-25 17:44:26.256 [localhost-startStop-1] ContextLoader - Root WebApplicationContext: initialization completed in 2006 ms
[INFO ] 2017-08-25 17:44:26.921 [main] RequestMappingHandlerAdapter - Looking for @ControllerAdvice: org.springframework.boot.context.embedded.AnnotationConfigEmbeddedWebApplicationContext@ae13544: startup date [Fri Aug 25 17:44:24 BRT 2017]; root of context hierarchy
[INFO ] 2017-08-25 17:44:27.025 [main] RequestMappingHandlerMapping - Mapped "{[/]}" onto public java.lang.String br.com.template.servicewebapp.controller.HomeController.home(java.util.Map<java.lang.String, java.lang.Object>)
[INFO ] 2017-08-25 17:44:27.027 [main] RequestMappingHandlerMapping - Mapped "{[/intencoes]}" onto public java.lang.String br.com.template.servicewebapp.controller.IntencoesController.intencoes(java.util.Map<java.lang.String, java.lang.Object>)
[INFO ] 2017-08-25 17:44:27.032 [main] RequestMappingHandlerMapping - Mapped "{[/error]}" onto public org.springframework.http.ResponseEntity<java.util.Map<java.lang.String, java.lang.Object>> org.springframework.boot.autoconfigure.web.BasicErrorController.error(javax.servlet.http.HttpServletRequest)
[INFO ] 2017-08-25 17:44:27.032 [main] RequestMappingHandlerMapping - Mapped "{[/error],produces=[text/html]}" onto public org.springframework.web.servlet.ModelAndView org.springframework.boot.autoconfigure.web.BasicErrorController.errorHtml(javax.servlet.http.HttpServletRequest,javax.servlet.http.HttpServletResponse)
[INFO ] 2017-08-25 17:44:27.081 [main] SimpleUrlHandlerMapping - Mapped URL path [/webjars/**] onto handler of type [class org.springframework.web.servlet.resource.ResourceHttpRequestHandler]
[INFO ] 2017-08-25 17:44:27.082 [main] SimpleUrlHandlerMapping - Mapped URL path [/**] onto handler of type [class org.springframework.web.servlet.resource.ResourceHttpRequestHandler]
[INFO ] 2017-08-25 17:44:27.147 [main] SimpleUrlHandlerMapping - Mapped URL path [/**/favicon.ico] onto handler of type [class org.springframework.web.servlet.resource.ResourceHttpRequestHandler]
[INFO ] 2017-08-25 17:44:32.687 [http-nio-8080-exec-1] DispatcherServlet - FrameworkServlet 'dispatcherServlet': initialization started
[INFO ] 2017-08-25 17:44:32.710 [http-nio-8080-exec-1] DispatcherServlet - FrameworkServlet 'dispatcherServlet': initialization completed in 22 ms
[INFO ] 2017-08-25 17:50:05.245 [localhost-startStop-1] ContextLoader - Root WebApplicationContext: initialization completed in 2297 ms
[INFO ] 2017-08-25 17:50:06.216 [main] RequestMappingHandlerAdapter - Looking for @ControllerAdvice: org.springframework.boot.context.embedded.AnnotationConfigEmbeddedWebApplicationContext@ae13544: startup date [Fri Aug 25 17:50:02 BRT 2017]; root of context hierarchy
[INFO ] 2017-08-25 17:50:06.345 [main] RequestMappingHandlerMapping - Mapped "{[/]}" onto public java.lang.String br.com.template.servicewebapp.controller.HomeController.home(java.util.Map<java.lang.String, java.lang.Object>)
[INFO ] 2017-08-25 17:50:06.347 [main] RequestMappingHandlerMapping - Mapped "{[/intencoes]}" onto public java.lang.String br.com.template.servicewebapp.controller.IntencoesController.intencoes(java.util.Map<java.lang.String, java.lang.Object>)
[INFO ] 2017-08-25 17:50:06.352 [main] RequestMappingHandlerMapping - Mapped "{[/error]}" onto public org.springframework.http.ResponseEntity<java.util.Map<java.lang.String, java.lang.Object>> org.springframework.boot.autoconfigure.web.BasicErrorController.error(javax.servlet.http.HttpServletRequest)
[INFO ] 2017-08-25 17:50:06.353 [main] RequestMappingHandlerMapping - Mapped "{[/error],produces=[text/html]}" onto public org.springframework.web.servlet.ModelAndView org.springframework.boot.autoconfigure.web.BasicErrorController.errorHtml(javax.servlet.http.HttpServletRequest,javax.servlet.http.HttpServletResponse)
[INFO ] 2017-08-25 17:50:06.410 [main] SimpleUrlHandlerMapping - Mapped URL path [/webjars/**] onto handler of type [class org.springframework.web.servlet.resource.ResourceHttpRequestHandler]
[INFO ] 2017-08-25 17:50:06.410 [main] SimpleUrlHandlerMapping - Mapped URL path [/**] onto handler of type [class org.springframework.web.servlet.resource.ResourceHttpRequestHandler]
[INFO ] 2017-08-25 17:50:06.498 [main] SimpleUrlHandlerMapping - Mapped URL path [/**/favicon.ico] onto handler of type [class org.springframework.web.servlet.resource.ResourceHttpRequestHandler]
[INFO ] 2017-08-25 17:50:20.523 [http-nio-8080-exec-1] DispatcherServlet - FrameworkServlet 'dispatcherServlet': initialization started
[INFO ] 2017-08-25 17:50:20.545 [http-nio-8080-exec-1] DispatcherServlet - FrameworkServlet 'dispatcherServlet': initialization completed in 22 ms
[INFO ] 2017-08-25 17:53:02.618 [localhost-startStop-1] ContextLoader - Root WebApplicationContext: initialization completed in 2768 ms
[INFO ] 2017-08-25 17:53:03.326 [main] RequestMappingHandlerAdapter - Looking for @ControllerAdvice: org.springframework.boot.context.embedded.AnnotationConfigEmbeddedWebApplicationContext@ae13544: startup date [Fri Aug 25 17:52:59 BRT 2017]; root of context hierarchy
[INFO ] 2017-08-25 17:53:03.424 [main] RequestMappingHandlerMapping - Mapped "{[/]}" onto public java.lang.String br.com.template.servicewebapp.controller.HomeController.home(java.util.Map<java.lang.String, java.lang.Object>)
[INFO ] 2017-08-25 17:53:03.426 [main] RequestMappingHandlerMapping - Mapped "{[/intencoes]}" onto public java.lang.String br.com.template.servicewebapp.controller.IntencoesController.intencoes(java.util.Map<java.lang.String, java.lang.Object>)
[INFO ] 2017-08-25 17:53:03.431 [main] RequestMappingHandlerMapping - Mapped "{[/error]}" onto public org.springframework.http.ResponseEntity<java.util.Map<java.lang.String, java.lang.Object>> org.springframework.boot.autoconfigure.web.BasicErrorController.error(javax.servlet.http.HttpServletRequest)
[INFO ] 2017-08-25 17:53:03.432 [main] RequestMappingHandlerMapping - Mapped "{[/error],produces=[text/html]}" onto public org.springframework.web.servlet.ModelAndView org.springframework.boot.autoconfigure.web.BasicErrorController.errorHtml(javax.servlet.http.HttpServletRequest,javax.servlet.http.HttpServletResponse)
[INFO ] 2017-08-25 17:53:03.486 [main] SimpleUrlHandlerMapping - Mapped URL path [/webjars/**] onto handler of type [class org.springframework.web.servlet.resource.ResourceHttpRequestHandler]
[INFO ] 2017-08-25 17:53:03.487 [main] SimpleUrlHandlerMapping - Mapped URL path [/**] onto handler of type [class org.springframework.web.servlet.resource.ResourceHttpRequestHandler]
[INFO ] 2017-08-25 17:53:03.575 [main] SimpleUrlHandlerMapping - Mapped URL path [/**/favicon.ico] onto handler of type [class org.springframework.web.servlet.resource.ResourceHttpRequestHandler]
[INFO ] 2017-08-25 17:53:09.259 [http-nio-8080-exec-1] DispatcherServlet - FrameworkServlet 'dispatcherServlet': initialization started
[INFO ] 2017-08-25 17:53:09.280 [http-nio-8080-exec-1] DispatcherServlet - FrameworkServlet 'dispatcherServlet': initialization completed in 21 ms
[INFO ] 2017-08-25 17:54:56.725 [localhost-startStop-1] ContextLoader - Root WebApplicationContext: initialization completed in 2150 ms
[INFO ] 2017-08-25 17:54:57.458 [main] RequestMappingHandlerAdapter - Looking for @ControllerAdvice: org.springframework.boot.context.embedded.AnnotationConfigEmbeddedWebApplicationContext@ae13544: startup date [Fri Aug 25 17:54:54 BRT 2017]; root of context hierarchy
[INFO ] 2017-08-25 17:54:57.547 [main] RequestMappingHandlerMapping - Mapped "{[/]}" onto public java.lang.String br.com.template.servicewebapp.controller.HomeController.home(java.util.Map<java.lang.String, java.lang.Object>)
[INFO ] 2017-08-25 17:54:57.549 [main] RequestMappingHandlerMapping - Mapped "{[/intencoes]}" onto public java.lang.String br.com.template.servicewebapp.controller.IntencoesController.intencoes(java.util.Map<java.lang.String, java.lang.Object>)
[INFO ] 2017-08-25 17:54:57.553 [main] RequestMappingHandlerMapping - Mapped "{[/error]}" onto public org.springframework.http.ResponseEntity<java.util.Map<java.lang.String, java.lang.Object>> org.springframework.boot.autoconfigure.web.BasicErrorController.error(javax.servlet.http.HttpServletRequest)
[INFO ] 2017-08-25 17:54:57.553 [main] RequestMappingHandlerMapping - Mapped "{[/error],produces=[text/html]}" onto public org.springframework.web.servlet.ModelAndView org.springframework.boot.autoconfigure.web.BasicErrorController.errorHtml(javax.servlet.http.HttpServletRequest,javax.servlet.http.HttpServletResponse)
[INFO ] 2017-08-25 17:54:57.597 [main] SimpleUrlHandlerMapping - Mapped URL path [/webjars/**] onto handler of type [class org.springframework.web.servlet.resource.ResourceHttpRequestHandler]
[INFO ] 2017-08-25 17:54:57.598 [main] SimpleUrlHandlerMapping - Mapped URL path [/**] onto handler of type [class org.springframework.web.servlet.resource.ResourceHttpRequestHandler]
[INFO ] 2017-08-25 17:54:57.647 [main] SimpleUrlHandlerMapping - Mapped URL path [/**/favicon.ico] onto handler of type [class org.springframework.web.servlet.resource.ResourceHttpRequestHandler]
[INFO ] 2017-08-25 17:55:07.079 [http-nio-8080-exec-1] DispatcherServlet - FrameworkServlet 'dispatcherServlet': initialization started
[INFO ] 2017-08-25 17:55:07.101 [http-nio-8080-exec-1] DispatcherServlet - FrameworkServlet 'dispatcherServlet': initialization completed in 21 ms
[INFO ] 2017-08-25 17:55:46.558 [localhost-startStop-1] ContextLoader - Root WebApplicationContext: initialization completed in 2251 ms
[INFO ] 2017-08-25 17:55:47.268 [main] RequestMappingHandlerAdapter - Looking for @ControllerAdvice: org.springframework.boot.context.embedded.AnnotationConfigEmbeddedWebApplicationContext@ae13544: startup date [Fri Aug 25 17:55:44 BRT 2017]; root of context hierarchy
[INFO ] 2017-08-25 17:55:47.376 [main] RequestMappingHandlerMapping - Mapped "{[/]}" onto public java.lang.String br.com.template.servicewebapp.controller.HomeController.home(java.util.Map<java.lang.String, java.lang.Object>)
[INFO ] 2017-08-25 17:55:47.377 [main] RequestMappingHandlerMapping - Mapped "{[/intencoes]}" onto public java.lang.String br.com.template.servicewebapp.controller.IntencoesController.intencoes(java.util.Map<java.lang.String, java.lang.Object>)
[INFO ] 2017-08-25 17:55:47.384 [main] RequestMappingHandlerMapping - Mapped "{[/error]}" onto public org.springframework.http.ResponseEntity<java.util.Map<java.lang.String, java.lang.Object>> org.springframework.boot.autoconfigure.web.BasicErrorController.error(javax.servlet.http.HttpServletRequest)
[INFO ] 2017-08-25 17:55:47.385 [main] RequestMappingHandlerMapping - Mapped "{[/error],produces=[text/html]}" onto public org.springframework.web.servlet.ModelAndView org.springframework.boot.autoconfigure.web.BasicErrorController.errorHtml(javax.servlet.http.HttpServletRequest,javax.servlet.http.HttpServletResponse)
[INFO ] 2017-08-25 17:55:47.437 [main] SimpleUrlHandlerMapping - Mapped URL path [/webjars/**] onto handler of type [class org.springframework.web.servlet.resource.ResourceHttpRequestHandler]
[INFO ] 2017-08-25 17:55:47.437 [main] SimpleUrlHandlerMapping - Mapped URL path [/**] onto handler of type [class org.springframework.web.servlet.resource.ResourceHttpRequestHandler]
[INFO ] 2017-08-25 17:55:47.500 [main] SimpleUrlHandlerMapping - Mapped URL path [/**/favicon.ico] onto handler of type [class org.springframework.web.servlet.resource.ResourceHttpRequestHandler]
[INFO ] 2017-08-25 17:56:25.291 [http-nio-8080-exec-1] DispatcherServlet - FrameworkServlet 'dispatcherServlet': initialization started
[INFO ] 2017-08-25 17:56:25.314 [http-nio-8080-exec-1] DispatcherServlet - FrameworkServlet 'dispatcherServlet': initialization completed in 23 ms
[INFO ] 2017-08-25 18:00:07.113 [localhost-startStop-1] ContextLoader - Root WebApplicationContext: initialization completed in 2213 ms
[INFO ] 2017-08-25 18:00:07.821 [main] RequestMappingHandlerAdapter - Looking for @ControllerAdvice: org.springframework.boot.context.embedded.AnnotationConfigEmbeddedWebApplicationContext@ae13544: startup date [Fri Aug 25 18:00:04 BRT 2017]; root of context hierarchy
[INFO ] 2017-08-25 18:00:07.921 [main] RequestMappingHandlerMapping - Mapped "{[/]}" onto public java.lang.String br.com.template.servicewebapp.controller.HomeController.home(java.util.Map<java.lang.String, java.lang.Object>)
[INFO ] 2017-08-25 18:00:07.923 [main] RequestMappingHandlerMapping - Mapped "{[/intencoes]}" onto public java.lang.String br.com.template.servicewebapp.controller.IntencoesController.intencoes(java.util.Map<java.lang.String, java.lang.Object>)
[INFO ] 2017-08-25 18:00:07.928 [main] RequestMappingHandlerMapping - Mapped "{[/error]}" onto public org.springframework.http.ResponseEntity<java.util.Map<java.lang.String, java.lang.Object>> org.springframework.boot.autoconfigure.web.BasicErrorController.error(javax.servlet.http.HttpServletRequest)
[INFO ] 2017-08-25 18:00:07.929 [main] RequestMappingHandlerMapping - Mapped "{[/error],produces=[text/html]}" onto public org.springframework.web.servlet.ModelAndView org.springframework.boot.autoconfigure.web.BasicErrorController.errorHtml(javax.servlet.http.HttpServletRequest,javax.servlet.http.HttpServletResponse)
[INFO ] 2017-08-25 18:00:07.987 [main] SimpleUrlHandlerMapping - Mapped URL path [/webjars/**] onto handler of type [class org.springframework.web.servlet.resource.ResourceHttpRequestHandler]
[INFO ] 2017-08-25 18:00:07.988 [main] SimpleUrlHandlerMapping - Mapped URL path [/**] onto handler of type [class org.springframework.web.servlet.resource.ResourceHttpRequestHandler]
[INFO ] 2017-08-25 18:00:08.052 [main] SimpleUrlHandlerMapping - Mapped URL path [/**/favicon.ico] onto handler of type [class org.springframework.web.servlet.resource.ResourceHttpRequestHandler]
[INFO ] 2017-08-25 18:00:15.093 [http-nio-8080-exec-1] DispatcherServlet - FrameworkServlet 'dispatcherServlet': initialization started
[INFO ] 2017-08-25 18:00:15.114 [http-nio-8080-exec-1] DispatcherServlet - FrameworkServlet 'dispatcherServlet': initialization completed in 21 ms
[INFO ] 2017-08-25 18:01:03.770 [localhost-startStop-1] ContextLoader - Root WebApplicationContext: initialization completed in 2058 ms
[INFO ] 2017-08-25 18:01:04.499 [main] RequestMappingHandlerAdapter - Looking for @ControllerAdvice: org.springframework.boot.context.embedded.AnnotationConfigEmbeddedWebApplicationContext@ae13544: startup date [Fri Aug 25 18:01:01 BRT 2017]; root of context hierarchy
[INFO ] 2017-08-25 18:01:04.594 [main] RequestMappingHandlerMapping - Mapped "{[/]}" onto public java.lang.String br.com.template.servicewebapp.controller.HomeController.home(java.util.Map<java.lang.String, java.lang.Object>)
[INFO ] 2017-08-25 18:01:04.596 [main] RequestMappingHandlerMapping - Mapped "{[/intencoes]}" onto public java.lang.String br.com.template.servicewebapp.controller.IntencoesController.intencoes(java.util.Map<java.lang.String, java.lang.Object>)
[INFO ] 2017-08-25 18:01:04.600 [main] RequestMappingHandlerMapping - Mapped "{[/error]}" onto public org.springframework.http.ResponseEntity<java.util.Map<java.lang.String, java.lang.Object>> org.springframework.boot.autoconfigure.web.BasicErrorController.error(javax.servlet.http.HttpServletRequest)
[INFO ] 2017-08-25 18:01:04.601 [main] RequestMappingHandlerMapping - Mapped "{[/error],produces=[text/html]}" onto public org.springframework.web.servlet.ModelAndView org.springframework.boot.autoconfigure.web.BasicErrorController.errorHtml(javax.servlet.http.HttpServletRequest,javax.servlet.http.HttpServletResponse)
[INFO ] 2017-08-25 18:01:04.643 [main] SimpleUrlHandlerMapping - Mapped URL path [/webjars/**] onto handler of type [class org.springframework.web.servlet.resource.ResourceHttpRequestHandler]
[INFO ] 2017-08-25 18:01:04.644 [main] SimpleUrlHandlerMapping - Mapped URL path [/**] onto handler of type [class org.springframework.web.servlet.resource.ResourceHttpRequestHandler]
[INFO ] 2017-08-25 18:01:04.699 [main] SimpleUrlHandlerMapping - Mapped URL path [/**/favicon.ico] onto handler of type [class org.springframework.web.servlet.resource.ResourceHttpRequestHandler]
[INFO ] 2017-08-25 18:01:10.645 [http-nio-8080-exec-1] DispatcherServlet - FrameworkServlet 'dispatcherServlet': initialization started
[INFO ] 2017-08-25 18:01:10.666 [http-nio-8080-exec-1] DispatcherServlet - FrameworkServlet 'dispatcherServlet': initialization completed in 21 ms
[INFO ] 2017-08-25 18:26:37.719 [localhost-startStop-1] ContextLoader - Root WebApplicationContext: initialization completed in 2420 ms
[INFO ] 2017-08-25 18:26:38.521 [main] RequestMappingHandlerAdapter - Looking for @ControllerAdvice: org.springframework.boot.context.embedded.AnnotationConfigEmbeddedWebApplicationContext@ae13544: startup date [Fri Aug 25 18:26:35 BRT 2017]; root of context hierarchy
[INFO ] 2017-08-25 18:26:38.624 [main] RequestMappingHandlerMapping - Mapped "{[/]}" onto public java.lang.String br.com.template.servicewebapp.controller.HomeController.home(java.util.Map<java.lang.String, java.lang.Object>)
[INFO ] 2017-08-25 18:26:38.626 [main] RequestMappingHandlerMapping - Mapped "{[/intencoes]}" onto public java.lang.String br.com.template.servicewebapp.controller.IntencoesController.intencoes(java.util.Map<java.lang.String, java.lang.Object>)
[INFO ] 2017-08-25 18:26:38.632 [main] RequestMappingHandlerMapping - Mapped "{[/error]}" onto public org.springframework.http.ResponseEntity<java.util.Map<java.lang.String, java.lang.Object>> org.springframework.boot.autoconfigure.web.BasicErrorController.error(javax.servlet.http.HttpServletRequest)
[INFO ] 2017-08-25 18:26:38.634 [main] RequestMappingHandlerMapping - Mapped "{[/error],produces=[text/html]}" onto public org.springframework.web.servlet.ModelAndView org.springframework.boot.autoconfigure.web.BasicErrorController.errorHtml(javax.servlet.http.HttpServletRequest,javax.servlet.http.HttpServletResponse)
[INFO ] 2017-08-25 18:26:38.679 [main] SimpleUrlHandlerMapping - Mapped URL path [/webjars/**] onto handler of type [class org.springframework.web.servlet.resource.ResourceHttpRequestHandler]
[INFO ] 2017-08-25 18:26:38.680 [main] SimpleUrlHandlerMapping - Mapped URL path [/**] onto handler of type [class org.springframework.web.servlet.resource.ResourceHttpRequestHandler]
[INFO ] 2017-08-25 18:26:38.743 [main] SimpleUrlHandlerMapping - Mapped URL path [/**/favicon.ico] onto handler of type [class org.springframework.web.servlet.resource.ResourceHttpRequestHandler]
[INFO ] 2017-08-25 18:26:44.131 [http-nio-8080-exec-1] DispatcherServlet - FrameworkServlet 'dispatcherServlet': initialization started
[INFO ] 2017-08-25 18:26:44.154 [http-nio-8080-exec-1] DispatcherServlet - FrameworkServlet 'dispatcherServlet': initialization completed in 23 ms
[INFO ] 2017-08-25 18:28:06.894 [localhost-startStop-1] ContextLoader - Root WebApplicationContext: initialization completed in 1954 ms
[INFO ] 2017-08-25 18:28:07.625 [main] RequestMappingHandlerAdapter - Looking for @ControllerAdvice: org.springframework.boot.context.embedded.AnnotationConfigEmbeddedWebApplicationContext@ae13544: startup date [Fri Aug 25 18:28:04 BRT 2017]; root of context hierarchy
[INFO ] 2017-08-25 18:28:07.714 [main] RequestMappingHandlerMapping - Mapped "{[/]}" onto public java.lang.String br.com.template.servicewebapp.controller.HomeController.home(java.util.Map<java.lang.String, java.lang.Object>)
[INFO ] 2017-08-25 18:28:07.716 [main] RequestMappingHandlerMapping - Mapped "{[/intencoes]}" onto public java.lang.String br.com.template.servicewebapp.controller.IntencoesController.intencoes(java.util.Map<java.lang.String, java.lang.Object>)
[INFO ] 2017-08-25 18:28:07.720 [main] RequestMappingHandlerMapping - Mapped "{[/error]}" onto public org.springframework.http.ResponseEntity<java.util.Map<java.lang.String, java.lang.Object>> org.springframework.boot.autoconfigure.web.BasicErrorController.error(javax.servlet.http.HttpServletRequest)
[INFO ] 2017-08-25 18:28:07.720 [main] RequestMappingHandlerMapping - Mapped "{[/error],produces=[text/html]}" onto public org.springframework.web.servlet.ModelAndView org.springframework.boot.autoconfigure.web.BasicErrorController.errorHtml(javax.servlet.http.HttpServletRequest,javax.servlet.http.HttpServletResponse)
[INFO ] 2017-08-25 18:28:07.764 [main] SimpleUrlHandlerMapping - Mapped URL path [/webjars/**] onto handler of type [class org.springframework.web.servlet.resource.ResourceHttpRequestHandler]
[INFO ] 2017-08-25 18:28:07.765 [main] SimpleUrlHandlerMapping - Mapped URL path [/**] onto handler of type [class org.springframework.web.servlet.resource.ResourceHttpRequestHandler]
[INFO ] 2017-08-25 18:28:07.818 [main] SimpleUrlHandlerMapping - Mapped URL path [/**/favicon.ico] onto handler of type [class org.springframework.web.servlet.resource.ResourceHttpRequestHandler]
[INFO ] 2017-08-25 18:28:11.718 [http-nio-8080-exec-1] DispatcherServlet - FrameworkServlet 'dispatcherServlet': initialization started
[INFO ] 2017-08-25 18:28:11.740 [http-nio-8080-exec-1] DispatcherServlet - FrameworkServlet 'dispatcherServlet': initialization completed in 22 ms
[INFO ] 2017-08-25 18:42:38.969 [localhost-startStop-1] ContextLoader - Root WebApplicationContext: initialization completed in 2153 ms
[INFO ] 2017-08-25 18:42:39.688 [main] RequestMappingHandlerAdapter - Looking for @ControllerAdvice: org.springframework.boot.context.embedded.AnnotationConfigEmbeddedWebApplicationContext@ae13544: startup date [Fri Aug 25 18:42:36 BRT 2017]; root of context hierarchy
[INFO ] 2017-08-25 18:42:39.774 [main] RequestMappingHandlerMapping - Mapped "{[/intencoes]}" onto public java.lang.String br.com.template.servicewebapp.controller.BotController.intencoes(java.util.Map<java.lang.String, java.lang.Object>)
[INFO ] 2017-08-25 18:42:39.776 [main] RequestMappingHandlerMapping - Mapped "{[/home]}" onto public java.lang.String br.com.template.servicewebapp.controller.HomeController.home(java.util.Map<java.lang.String, java.lang.Object>)
[INFO ] 2017-08-25 18:43:11.786 [localhost-startStop-1] ContextLoader - Root WebApplicationContext: initialization completed in 2078 ms
[INFO ] 2017-08-25 18:43:12.507 [main] RequestMappingHandlerAdapter - Looking for @ControllerAdvice: org.springframework.boot.context.embedded.AnnotationConfigEmbeddedWebApplicationContext@ae13544: startup date [Fri Aug 25 18:43:09 BRT 2017]; root of context hierarchy
[INFO ] 2017-08-25 18:43:12.602 [main] RequestMappingHandlerMapping - Mapped "{[/bot]}" onto public java.lang.String br.com.template.servicewebapp.controller.BotController.intencoes(java.util.Map<java.lang.String, java.lang.Object>)
[INFO ] 2017-08-25 18:43:12.603 [main] RequestMappingHandlerMapping - Mapped "{[/home]}" onto public java.lang.String br.com.template.servicewebapp.controller.HomeController.home(java.util.Map<java.lang.String, java.lang.Object>)
[INFO ] 2017-08-25 18:43:12.604 [main] RequestMappingHandlerMapping - Mapped "{[/intencoes]}" onto public java.lang.String br.com.template.servicewebapp.controller.IntencoesController.intencoes(java.util.Map<java.lang.String, java.lang.Object>)
[INFO ] 2017-08-25 18:43:12.605 [main] RequestMappingHandlerMapping - Mapped "{[/recursos]}" onto public java.lang.String br.com.template.servicewebapp.controller.RecursosController.intencoes(java.util.Map<java.lang.String, java.lang.Object>)
[INFO ] 2017-08-25 18:43:12.612 [main] RequestMappingHandlerMapping - Mapped "{[/error]}" onto public org.springframework.http.ResponseEntity<java.util.Map<java.lang.String, java.lang.Object>> org.springframework.boot.autoconfigure.web.BasicErrorController.error(javax.servlet.http.HttpServletRequest)
[INFO ] 2017-08-25 18:43:12.613 [main] RequestMappingHandlerMapping - Mapped "{[/error],produces=[text/html]}" onto public org.springframework.web.servlet.ModelAndView org.springframework.boot.autoconfigure.web.BasicErrorController.errorHtml(javax.servlet.http.HttpServletRequest,javax.servlet.http.HttpServletResponse)
[INFO ] 2017-08-25 18:43:12.669 [main] SimpleUrlHandlerMapping - Mapped URL path [/webjars/**] onto handler of type [class org.springframework.web.servlet.resource.ResourceHttpRequestHandler]
[INFO ] 2017-08-25 18:43:12.669 [main] SimpleUrlHandlerMapping - Mapped URL path [/**] onto handler of type [class org.springframework.web.servlet.resource.ResourceHttpRequestHandler]
[INFO ] 2017-08-25 18:43:12.736 [main] SimpleUrlHandlerMapping - Mapped URL path [/**/favicon.ico] onto handler of type [class org.springframework.web.servlet.resource.ResourceHttpRequestHandler]
[INFO ] 2017-08-25 18:43:18.638 [http-nio-8080-exec-1] DispatcherServlet - FrameworkServlet 'dispatcherServlet': initialization started
[INFO ] 2017-08-25 18:43:18.664 [http-nio-8080-exec-1] DispatcherServlet - FrameworkServlet 'dispatcherServlet': initialization completed in 25 ms
[INFO ] 2017-08-25 18:47:18.408 [localhost-startStop-1] ContextLoader - Root WebApplicationContext: initialization completed in 2135 ms
[INFO ] 2017-08-25 18:47:19.114 [main] RequestMappingHandlerAdapter - Looking for @ControllerAdvice: org.springframework.boot.context.embedded.AnnotationConfigEmbeddedWebApplicationContext@ae13544: startup date [Fri Aug 25 18:47:16 BRT 2017]; root of context hierarchy
[INFO ] 2017-08-25 18:47:19.211 [main] RequestMappingHandlerMapping - Mapped "{[/bots]}" onto public java.lang.String br.com.template.servicewebapp.controller.BotController.intencoes(java.util.Map<java.lang.String, java.lang.Object>)
[INFO ] 2017-08-25 18:47:19.213 [main] RequestMappingHandlerMapping - Mapped "{[/home]}" onto public java.lang.String br.com.template.servicewebapp.controller.HomeController.home(java.util.Map<java.lang.String, java.lang.Object>)
[INFO ] 2017-08-25 18:47:19.214 [main] RequestMappingHandlerMapping - Mapped "{[/intencoes]}" onto public java.lang.String br.com.template.servicewebapp.controller.IntencoesController.intencoes(java.util.Map<java.lang.String, java.lang.Object>)
[INFO ] 2017-08-25 18:47:19.215 [main] RequestMappingHandlerMapping - Mapped "{[/recursos]}" onto public java.lang.String br.com.template.servicewebapp.controller.RecursosController.intencoes(java.util.Map<java.lang.String, java.lang.Object>)
[INFO ] 2017-08-25 18:47:19.221 [main] RequestMappingHandlerMapping - Mapped "{[/error]}" onto public org.springframework.http.ResponseEntity<java.util.Map<java.lang.String, java.lang.Object>> org.springframework.boot.autoconfigure.web.BasicErrorController.error(javax.servlet.http.HttpServletRequest)
[INFO ] 2017-08-25 18:47:19.221 [main] RequestMappingHandlerMapping - Mapped "{[/error],produces=[text/html]}" onto public org.springframework.web.servlet.ModelAndView org.springframework.boot.autoconfigure.web.BasicErrorController.errorHtml(javax.servlet.http.HttpServletRequest,javax.servlet.http.HttpServletResponse)
[INFO ] 2017-08-25 18:47:19.273 [main] SimpleUrlHandlerMapping - Mapped URL path [/webjars/**] onto handler of type [class org.springframework.web.servlet.resource.ResourceHttpRequestHandler]
[INFO ] 2017-08-25 18:47:19.273 [main] SimpleUrlHandlerMapping - Mapped URL path [/**] onto handler of type [class org.springframework.web.servlet.resource.ResourceHttpRequestHandler]
[INFO ] 2017-08-25 18:47:19.345 [main] SimpleUrlHandlerMapping - Mapped URL path [/**/favicon.ico] onto handler of type [class org.springframework.web.servlet.resource.ResourceHttpRequestHandler]
[INFO ] 2017-08-25 18:47:23.948 [http-nio-8080-exec-1] DispatcherServlet - FrameworkServlet 'dispatcherServlet': initialization started
[INFO ] 2017-08-25 18:47:23.973 [http-nio-8080-exec-1] DispatcherServlet - FrameworkServlet 'dispatcherServlet': initialization completed in 24 ms
[INFO ] 2017-08-25 18:50:04.095 [localhost-startStop-1] ContextLoader - Root WebApplicationContext: initialization completed in 2394 ms
[INFO ] 2017-08-25 18:50:04.893 [main] RequestMappingHandlerAdapter - Looking for @ControllerAdvice: org.springframework.boot.context.embedded.AnnotationConfigEmbeddedWebApplicationContext@ae13544: startup date [Fri Aug 25 18:50:01 BRT 2017]; root of context hierarchy
[INFO ] 2017-08-25 18:50:04.996 [main] RequestMappingHandlerMapping - Mapped "{[/bots]}" onto public java.lang.String br.com.template.servicewebapp.controller.BotController.intencoes(java.util.Map<java.lang.String, java.lang.Object>)
[INFO ] 2017-08-25 18:50:04.998 [main] RequestMappingHandlerMapping - Mapped "{[/home]}" onto public java.lang.String br.com.template.servicewebapp.controller.HomeController.home(java.util.Map<java.lang.String, java.lang.Object>)
[INFO ] 2017-08-25 18:50:04.999 [main] RequestMappingHandlerMapping - Mapped "{[/intencoes]}" onto public java.lang.String br.com.template.servicewebapp.controller.IntencoesController.intencoes(java.util.Map<java.lang.String, java.lang.Object>)
[INFO ] 2017-08-25 18:50:05.000 [main] RequestMappingHandlerMapping - Mapped "{[/recursos]}" onto public java.lang.String br.com.template.servicewebapp.controller.RecursosController.intencoes(java.util.Map<java.lang.String, java.lang.Object>)
[INFO ] 2017-08-25 18:50:05.007 [main] RequestMappingHandlerMapping - Mapped "{[/error]}" onto public org.springframework.http.ResponseEntity<java.util.Map<java.lang.String, java.lang.Object>> org.springframework.boot.autoconfigure.web.BasicErrorController.error(javax.servlet.http.HttpServletRequest)
[INFO ] 2017-08-25 18:50:05.008 [main] RequestMappingHandlerMapping - Mapped "{[/error],produces=[text/html]}" onto public org.springframework.web.servlet.ModelAndView org.springframework.boot.autoconfigure.web.BasicErrorController.errorHtml(javax.servlet.http.HttpServletRequest,javax.servlet.http.HttpServletResponse)
[INFO ] 2017-08-25 18:50:05.054 [main] SimpleUrlHandlerMapping - Mapped URL path [/webjars/**] onto handler of type [class org.springframework.web.servlet.resource.ResourceHttpRequestHandler]
[INFO ] 2017-08-25 18:50:05.054 [main] SimpleUrlHandlerMapping - Mapped URL path [/**] onto handler of type [class org.springframework.web.servlet.resource.ResourceHttpRequestHandler]
[INFO ] 2017-08-25 18:50:05.127 [main] SimpleUrlHandlerMapping - Mapped URL path [/**/favicon.ico] onto handler of type [class org.springframework.web.servlet.resource.ResourceHttpRequestHandler]
[INFO ] 2017-08-25 18:50:10.539 [http-nio-8080-exec-1] DispatcherServlet - FrameworkServlet 'dispatcherServlet': initialization started
[INFO ] 2017-08-25 18:50:10.560 [http-nio-8080-exec-1] DispatcherServlet - FrameworkServlet 'dispatcherServlet': initialization completed in 21 ms
[INFO ] 2017-08-25 18:51:26.306 [localhost-startStop-1] ContextLoader - Root WebApplicationContext: initialization completed in 2164 ms
[INFO ] 2017-08-25 18:51:27.065 [main] RequestMappingHandlerAdapter - Looking for @ControllerAdvice: org.springframework.boot.context.embedded.AnnotationConfigEmbeddedWebApplicationContext@ae13544: startup date [Fri Aug 25 18:51:24 BRT 2017]; root of context hierarchy
[INFO ] 2017-08-25 18:51:27.166 [main] RequestMappingHandlerMapping - Mapped "{[/bots]}" onto public java.lang.String br.com.template.servicewebapp.controller.BotController.intencoes(java.util.Map<java.lang.String, java.lang.Object>)
[INFO ] 2017-08-25 18:51:27.168 [main] RequestMappingHandlerMapping - Mapped "{[/home]}" onto public java.lang.String br.com.template.servicewebapp.controller.HomeController.home(java.util.Map<java.lang.String, java.lang.Object>)
[INFO ] 2017-08-25 18:51:27.169 [main] RequestMappingHandlerMapping - Mapped "{[/intencoes]}" onto public java.lang.String br.com.template.servicewebapp.controller.IntencoesController.intencoes(java.util.Map<java.lang.String, java.lang.Object>)
[INFO ] 2017-08-25 18:51:27.170 [main] RequestMappingHandlerMapping - Mapped "{[/recursos]}" onto public java.lang.String br.com.template.servicewebapp.controller.RecursosController.intencoes(java.util.Map<java.lang.String, java.lang.Object>)
[INFO ] 2017-08-25 18:51:27.175 [main] RequestMappingHandlerMapping - Mapped "{[/error]}" onto public org.springframework.http.ResponseEntity<java.util.Map<java.lang.String, java.lang.Object>> org.springframework.boot.autoconfigure.web.BasicErrorController.error(javax.servlet.http.HttpServletRequest)
[INFO ] 2017-08-25 18:51:27.176 [main] RequestMappingHandlerMapping - Mapped "{[/error],produces=[text/html]}" onto public org.springframework.web.servlet.ModelAndView org.springframework.boot.autoconfigure.web.BasicErrorController.errorHtml(javax.servlet.http.HttpServletRequest,javax.servlet.http.HttpServletResponse)
[INFO ] 2017-08-25 18:51:27.228 [main] SimpleUrlHandlerMapping - Mapped URL path [/webjars/**] onto handler of type [class org.springframework.web.servlet.resource.ResourceHttpRequestHandler]
[INFO ] 2017-08-25 18:51:27.228 [main] SimpleUrlHandlerMapping - Mapped URL path [/**] onto handler of type [class org.springframework.web.servlet.resource.ResourceHttpRequestHandler]
[INFO ] 2017-08-25 18:51:27.350 [main] SimpleUrlHandlerMapping - Mapped URL path [/**/favicon.ico] onto handler of type [class org.springframework.web.servlet.resource.ResourceHttpRequestHandler]
[INFO ] 2017-08-25 18:51:31.079 [http-nio-8080-exec-1] DispatcherServlet - FrameworkServlet 'dispatcherServlet': initialization started
[INFO ] 2017-08-25 18:51:31.210 [http-nio-8080-exec-1] DispatcherServlet - FrameworkServlet 'dispatcherServlet': initialization completed in 30 ms
[INFO ] 2017-08-25 18:52:27.854 [localhost-startStop-1] ContextLoader - Root WebApplicationContext: initialization completed in 2117 ms
[INFO ] 2017-08-25 18:52:28.659 [main] RequestMappingHandlerAdapter - Looking for @ControllerAdvice: org.springframework.boot.context.embedded.AnnotationConfigEmbeddedWebApplicationContext@ae13544: startup date [Fri Aug 25 18:52:25 BRT 2017]; root of context hierarchy
[INFO ] 2017-08-25 18:52:28.756 [main] RequestMappingHandlerMapping - Mapped "{[/bots]}" onto public java.lang.String br.com.template.servicewebapp.controller.BotController.intencoes(java.util.Map<java.lang.String, java.lang.Object>)
[INFO ] 2017-08-25 18:52:28.758 [main] RequestMappingHandlerMapping - Mapped "{[/home]}" onto public java.lang.String br.com.template.servicewebapp.controller.HomeController.home(java.util.Map<java.lang.String, java.lang.Object>)
[INFO ] 2017-08-25 18:52:28.759 [main] RequestMappingHandlerMapping - Mapped "{[/intencoes]}" onto public java.lang.String br.com.template.servicewebapp.controller.IntencoesController.intencoes(java.util.Map<java.lang.String, java.lang.Object>)
[INFO ] 2017-08-25 18:52:28.760 [main] RequestMappingHandlerMapping - Mapped "{[/recursos]}" onto public java.lang.String br.com.template.servicewebapp.controller.RecursosController.intencoes(java.util.Map<java.lang.String, java.lang.Object>)
[INFO ] 2017-08-25 18:52:28.765 [main] RequestMappingHandlerMapping - Mapped "{[/error]}" onto public org.springframework.http.ResponseEntity<java.util.Map<java.lang.String, java.lang.Object>> org.springframework.boot.autoconfigure.web.BasicErrorController.error(javax.servlet.http.HttpServletRequest)
[INFO ] 2017-08-25 18:52:28.766 [main] RequestMappingHandlerMapping - Mapped "{[/error],produces=[text/html]}" onto public org.springframework.web.servlet.ModelAndView org.springframework.boot.autoconfigure.web.BasicErrorController.errorHtml(javax.servlet.http.HttpServletRequest,javax.servlet.http.HttpServletResponse)
[INFO ] 2017-08-25 18:52:28.812 [main] SimpleUrlHandlerMapping - Mapped URL path [/webjars/**] onto handler of type [class org.springframework.web.servlet.resource.ResourceHttpRequestHandler]
[INFO ] 2017-08-25 18:52:28.813 [main] SimpleUrlHandlerMapping - Mapped URL path [/**] onto handler of type [class org.springframework.web.servlet.resource.ResourceHttpRequestHandler]
[INFO ] 2017-08-25 18:52:28.873 [main] SimpleUrlHandlerMapping - Mapped URL path [/**/favicon.ico] onto handler of type [class org.springframework.web.servlet.resource.ResourceHttpRequestHandler]
[INFO ] 2017-08-25 18:52:38.235 [http-nio-8080-exec-1] DispatcherServlet - FrameworkServlet 'dispatcherServlet': initialization started
[INFO ] 2017-08-25 18:52:38.259 [http-nio-8080-exec-1] DispatcherServlet - FrameworkServlet 'dispatcherServlet': initialization completed in 23 ms
[INFO ] 2017-08-25 18:54:02.567 [localhost-startStop-1] ContextLoader - Root WebApplicationContext: initialization completed in 2144 ms
[INFO ] 2017-08-25 18:54:03.322 [main] RequestMappingHandlerAdapter - Looking for @ControllerAdvice: org.springframework.boot.context.embedded.AnnotationConfigEmbeddedWebApplicationContext@ae13544: startup date [Fri Aug 25 18:54:00 BRT 2017]; root of context hierarchy
[INFO ] 2017-08-25 18:54:03.429 [main] RequestMappingHandlerMapping - Mapped "{[/bots]}" onto public java.lang.String br.com.template.servicewebapp.controller.BotController.intencoes(java.util.Map<java.lang.String, java.lang.Object>)
[INFO ] 2017-08-25 18:54:03.431 [main] RequestMappingHandlerMapping - Mapped "{[/home]}" onto public java.lang.String br.com.template.servicewebapp.controller.HomeController.home(java.util.Map<java.lang.String, java.lang.Object>)
[INFO ] 2017-08-25 18:54:03.432 [main] RequestMappingHandlerMapping - Mapped "{[/intencoes]}" onto public java.lang.String br.com.template.servicewebapp.controller.IntencoesController.intencoes(java.util.Map<java.lang.String, java.lang.Object>)
[INFO ] 2017-08-25 18:54:03.433 [main] RequestMappingHandlerMapping - Mapped "{[/recursos]}" onto public java.lang.String br.com.template.servicewebapp.controller.RecursosController.intencoes(java.util.Map<java.lang.String, java.lang.Object>)
[INFO ] 2017-08-25 18:54:03.440 [main] RequestMappingHandlerMapping - Mapped "{[/error]}" onto public org.springframework.http.ResponseEntity<java.util.Map<java.lang.String, java.lang.Object>> org.springframework.boot.autoconfigure.web.BasicErrorController.error(javax.servlet.http.HttpServletRequest)
[INFO ] 2017-08-25 18:54:03.440 [main] RequestMappingHandlerMapping - Mapped "{[/error],produces=[text/html]}" onto public org.springframework.web.servlet.ModelAndView org.springframework.boot.autoconfigure.web.BasicErrorController.errorHtml(javax.servlet.http.HttpServletRequest,javax.servlet.http.HttpServletResponse)
[INFO ] 2017-08-25 18:54:03.493 [main] SimpleUrlHandlerMapping - Mapped URL path [/webjars/**] onto handler of type [class org.springframework.web.servlet.resource.ResourceHttpRequestHandler]
[INFO ] 2017-08-25 18:54:03.493 [main] SimpleUrlHandlerMapping - Mapped URL path [/**] onto handler of type [class org.springframework.web.servlet.resource.ResourceHttpRequestHandler]
[INFO ] 2017-08-25 18:54:03.576 [main] SimpleUrlHandlerMapping - Mapped URL path [/**/favicon.ico] onto handler of type [class org.springframework.web.servlet.resource.ResourceHttpRequestHandler]
[INFO ] 2017-08-25 18:55:30.067 [http-nio-8080-exec-1] DispatcherServlet - FrameworkServlet 'dispatcherServlet': initialization started
[INFO ] 2017-08-25 18:55:30.086 [http-nio-8080-exec-1] DispatcherServlet - FrameworkServlet 'dispatcherServlet': initialization completed in 18 ms
[INFO ] 2017-08-25 19:02:03.766 [localhost-startStop-1] ContextLoader - Root WebApplicationContext: initialization completed in 2204 ms
[INFO ] 2017-08-25 19:02:04.526 [main] RequestMappingHandlerAdapter - Looking for @ControllerAdvice: org.springframework.boot.context.embedded.AnnotationConfigEmbeddedWebApplicationContext@ae13544: startup date [Fri Aug 25 19:02:01 BRT 2017]; root of context hierarchy
[INFO ] 2017-08-25 19:02:04.617 [main] RequestMappingHandlerMapping - Mapped "{[/bots]}" onto public java.lang.String br.com.template.servicewebapp.controller.BotController.intencoes(java.util.Map<java.lang.String, java.lang.Object>)
[INFO ] 2017-08-25 19:02:04.619 [main] RequestMappingHandlerMapping - Mapped "{[/home]}" onto public java.lang.String br.com.template.servicewebapp.controller.HomeController.home(java.util.Map<java.lang.String, java.lang.Object>)
[INFO ] 2017-08-25 19:02:04.620 [main] RequestMappingHandlerMapping - Mapped "{[/intencoes]}" onto public java.lang.String br.com.template.servicewebapp.controller.IntencoesController.intencoes(java.util.Map<java.lang.String, java.lang.Object>)
[INFO ] 2017-08-25 19:02:04.621 [main] RequestMappingHandlerMapping - Mapped "{[/]}" onto public java.lang.String br.com.template.servicewebapp.controller.LoginController.home(java.util.Map<java.lang.String, java.lang.Object>)
[INFO ] 2017-08-25 19:02:04.622 [main] RequestMappingHandlerMapping - Mapped "{[/recursos]}" onto public java.lang.String br.com.template.servicewebapp.controller.RecursosController.intencoes(java.util.Map<java.lang.String, java.lang.Object>)
[INFO ] 2017-08-25 19:02:04.626 [main] RequestMappingHandlerMapping - Mapped "{[/error]}" onto public org.springframework.http.ResponseEntity<java.util.Map<java.lang.String, java.lang.Object>> org.springframework.boot.autoconfigure.web.BasicErrorController.error(javax.servlet.http.HttpServletRequest)
[INFO ] 2017-08-25 19:02:04.627 [main] RequestMappingHandlerMapping - Mapped "{[/error],produces=[text/html]}" onto public org.springframework.web.servlet.ModelAndView org.springframework.boot.autoconfigure.web.BasicErrorController.errorHtml(javax.servlet.http.HttpServletRequest,javax.servlet.http.HttpServletResponse)
[INFO ] 2017-08-25 19:02:04.675 [main] SimpleUrlHandlerMapping - Mapped URL path [/webjars/**] onto handler of type [class org.springframework.web.servlet.resource.ResourceHttpRequestHandler]
[INFO ] 2017-08-25 19:02:04.676 [main] SimpleUrlHandlerMapping - Mapped URL path [/**] onto handler of type [class org.springframework.web.servlet.resource.ResourceHttpRequestHandler]
[INFO ] 2017-08-25 19:02:04.733 [main] SimpleUrlHandlerMapping - Mapped URL path [/**/favicon.ico] onto handler of type [class org.springframework.web.servlet.resource.ResourceHttpRequestHandler]
[INFO ] 2017-08-25 19:02:11.327 [http-nio-8080-exec-1] DispatcherServlet - FrameworkServlet 'dispatcherServlet': initialization started
[INFO ] 2017-08-25 19:02:11.352 [http-nio-8080-exec-1] DispatcherServlet - FrameworkServlet 'dispatcherServlet': initialization completed in 23 ms
[INFO ] 2017-08-25 19:03:17.873 [localhost-startStop-1] ContextLoader - Root WebApplicationContext: initialization completed in 2145 ms
[INFO ] 2017-08-25 19:03:18.610 [main] RequestMappingHandlerAdapter - Looking for @ControllerAdvice: org.springframework.boot.context.embedded.AnnotationConfigEmbeddedWebApplicationContext@ae13544: startup date [Fri Aug 25 19:03:15 BRT 2017]; root of context hierarchy
[INFO ] 2017-08-25 19:03:18.702 [main] RequestMappingHandlerMapping - Mapped "{[/bots]}" onto public java.lang.String br.com.template.servicewebapp.controller.BotController.intencoes(java.util.Map<java.lang.String, java.lang.Object>)
[INFO ] 2017-08-25 19:03:18.704 [main] RequestMappingHandlerMapping - Mapped "{[/home]}" onto public java.lang.String br.com.template.servicewebapp.controller.HomeController.home(java.util.Map<java.lang.String, java.lang.Object>)
[INFO ] 2017-08-25 19:03:18.705 [main] RequestMappingHandlerMapping - Mapped "{[/intencoes]}" onto public java.lang.String br.com.template.servicewebapp.controller.IntencoesController.intencoes(java.util.Map<java.lang.String, java.lang.Object>)
[INFO ] 2017-08-25 19:03:18.706 [main] RequestMappingHandlerMapping - Mapped "{[/]}" onto public java.lang.String br.com.template.servicewebapp.controller.LoginController.home(java.util.Map<java.lang.String, java.lang.Object>)
[INFO ] 2017-08-25 19:03:18.706 [main] RequestMappingHandlerMapping - Mapped "{[/recursos]}" onto public java.lang.String br.com.template.servicewebapp.controller.RecursosController.intencoes(java.util.Map<java.lang.String, java.lang.Object>)
[INFO ] 2017-08-25 19:03:18.711 [main] RequestMappingHandlerMapping - Mapped "{[/error]}" onto public org.springframework.http.ResponseEntity<java.util.Map<java.lang.String, java.lang.Object>> org.springframework.boot.autoconfigure.web.BasicErrorController.error(javax.servlet.http.HttpServletRequest)
[INFO ] 2017-08-25 19:03:18.712 [main] RequestMappingHandlerMapping - Mapped "{[/error],produces=[text/html]}" onto public org.springframework.web.servlet.ModelAndView org.springframework.boot.autoconfigure.web.BasicErrorController.errorHtml(javax.servlet.http.HttpServletRequest,javax.servlet.http.HttpServletResponse)
[INFO ] 2017-08-25 19:03:18.762 [main] SimpleUrlHandlerMapping - Mapped URL path [/webjars/**] onto handler of type [class org.springframework.web.servlet.resource.ResourceHttpRequestHandler]
[INFO ] 2017-08-25 19:03:18.762 [main] SimpleUrlHandlerMapping - Mapped URL path [/**] onto handler of type [class org.springframework.web.servlet.resource.ResourceHttpRequestHandler]
[INFO ] 2017-08-25 19:03:18.825 [main] SimpleUrlHandlerMapping - Mapped URL path [/**/favicon.ico] onto handler of type [class org.springframework.web.servlet.resource.ResourceHttpRequestHandler]
[INFO ] 2017-08-25 19:03:32.370 [http-nio-8080-exec-1] DispatcherServlet - FrameworkServlet 'dispatcherServlet': initialization started
[INFO ] 2017-08-25 19:03:32.393 [http-nio-8080-exec-1] DispatcherServlet - FrameworkServlet 'dispatcherServlet': initialization completed in 23 ms
[INFO ] 2017-08-25 19:04:30.544 [localhost-startStop-1] ContextLoader - Root WebApplicationContext: initialization completed in 2328 ms
[INFO ] 2017-08-25 19:04:31.307 [main] RequestMappingHandlerAdapter - Looking for @ControllerAdvice: org.springframework.boot.context.embedded.AnnotationConfigEmbeddedWebApplicationContext@ae13544: startup date [Fri Aug 25 19:04:28 BRT 2017]; root of context hierarchy
[INFO ] 2017-08-25 19:04:31.404 [main] RequestMappingHandlerMapping - Mapped "{[/bots]}" onto public java.lang.String br.com.template.servicewebapp.controller.BotController.intencoes(java.util.Map<java.lang.String, java.lang.Object>)
[INFO ] 2017-08-25 19:04:31.406 [main] RequestMappingHandlerMapping - Mapped "{[/home]}" onto public java.lang.String br.com.template.servicewebapp.controller.HomeController.home(java.util.Map<java.lang.String, java.lang.Object>)
[INFO ] 2017-08-25 19:04:31.406 [main] RequestMappingHandlerMapping - Mapped "{[/intencoes]}" onto public java.lang.String br.com.template.servicewebapp.controller.IntencoesController.intencoes(java.util.Map<java.lang.String, java.lang.Object>)
[INFO ] 2017-08-25 19:04:31.407 [main] RequestMappingHandlerMapping - Mapped "{[/]}" onto public java.lang.String br.com.template.servicewebapp.controller.LoginController.home(java.util.Map<java.lang.String, java.lang.Object>)
[INFO ] 2017-08-25 19:04:31.408 [main] RequestMappingHandlerMapping - Mapped "{[/recursos]}" onto public java.lang.String br.com.template.servicewebapp.controller.RecursosController.intencoes(java.util.Map<java.lang.String, java.lang.Object>)
[INFO ] 2017-08-25 19:04:31.413 [main] RequestMappingHandlerMapping - Mapped "{[/error]}" onto public org.springframework.http.ResponseEntity<java.util.Map<java.lang.String, java.lang.Object>> org.springframework.boot.autoconfigure.web.BasicErrorController.error(javax.servlet.http.HttpServletRequest)
[INFO ] 2017-08-25 19:04:31.414 [main] RequestMappingHandlerMapping - Mapped "{[/error],produces=[text/html]}" onto public org.springframework.web.servlet.ModelAndView org.springframework.boot.autoconfigure.web.BasicErrorController.errorHtml(javax.servlet.http.HttpServletRequest,javax.servlet.http.HttpServletResponse)
[INFO ] 2017-08-25 19:04:31.462 [main] SimpleUrlHandlerMapping - Mapped URL path [/webjars/**] onto handler of type [class org.springframework.web.servlet.resource.ResourceHttpRequestHandler]
[INFO ] 2017-08-25 19:04:31.463 [main] SimpleUrlHandlerMapping - Mapped URL path [/**] onto handler of type [class org.springframework.web.servlet.resource.ResourceHttpRequestHandler]
[INFO ] 2017-08-25 19:04:31.550 [main] SimpleUrlHandlerMapping - Mapped URL path [/**/favicon.ico] onto handler of type [class org.springframework.web.servlet.resource.ResourceHttpRequestHandler]
[INFO ] 2017-08-25 19:04:36.979 [http-nio-8080-exec-1] DispatcherServlet - FrameworkServlet 'dispatcherServlet': initialization started
[INFO ] 2017-08-25 19:04:36.996 [http-nio-8080-exec-1] DispatcherServlet - FrameworkServlet 'dispatcherServlet': initialization completed in 16 ms
[INFO ] 2017-08-25 19:06:00.363 [localhost-startStop-1] ContextLoader - Root WebApplicationContext: initialization completed in 2193 ms
[INFO ] 2017-08-25 19:06:01.120 [main] RequestMappingHandlerAdapter - Looking for @ControllerAdvice: org.springframework.boot.context.embedded.AnnotationConfigEmbeddedWebApplicationContext@ae13544: startup date [Fri Aug 25 19:05:58 BRT 2017]; root of context hierarchy
[INFO ] 2017-08-25 19:06:01.218 [main] RequestMappingHandlerMapping - Mapped "{[/bots]}" onto public java.lang.String br.com.template.servicewebapp.controller.BotController.intencoes(java.util.Map<java.lang.String, java.lang.Object>)
[INFO ] 2017-08-25 19:06:01.220 [main] RequestMappingHandlerMapping - Mapped "{[/home]}" onto public java.lang.String br.com.template.servicewebapp.controller.HomeController.home(java.util.Map<java.lang.String, java.lang.Object>)
[INFO ] 2017-08-25 19:06:01.221 [main] RequestMappingHandlerMapping - Mapped "{[/intencoes]}" onto public java.lang.String br.com.template.servicewebapp.controller.IntencoesController.intencoes(java.util.Map<java.lang.String, java.lang.Object>)
[INFO ] 2017-08-25 19:06:01.222 [main] RequestMappingHandlerMapping - Mapped "{[/]}" onto public java.lang.String br.com.template.servicewebapp.controller.LoginController.home(java.util.Map<java.lang.String, java.lang.Object>)
[INFO ] 2017-08-25 19:06:01.223 [main] RequestMappingHandlerMapping - Mapped "{[/recursos]}" onto public java.lang.String br.com.template.servicewebapp.controller.RecursosController.intencoes(java.util.Map<java.lang.String, java.lang.Object>)
[INFO ] 2017-08-25 19:06:01.228 [main] RequestMappingHandlerMapping - Mapped "{[/error]}" onto public org.springframework.http.ResponseEntity<java.util.Map<java.lang.String, java.lang.Object>> org.springframework.boot.autoconfigure.web.BasicErrorController.error(javax.servlet.http.HttpServletRequest)
[INFO ] 2017-08-25 19:06:01.228 [main] RequestMappingHandlerMapping - Mapped "{[/error],produces=[text/html]}" onto public org.springframework.web.servlet.ModelAndView org.springframework.boot.autoconfigure.web.BasicErrorController.errorHtml(javax.servlet.http.HttpServletRequest,javax.servlet.http.HttpServletResponse)
[INFO ] 2017-08-25 19:06:01.275 [main] SimpleUrlHandlerMapping - Mapped URL path [/webjars/**] onto handler of type [class org.springframework.web.servlet.resource.ResourceHttpRequestHandler]
[INFO ] 2017-08-25 19:06:01.275 [main] SimpleUrlHandlerMapping - Mapped URL path [/**] onto handler of type [class org.springframework.web.servlet.resource.ResourceHttpRequestHandler]
[INFO ] 2017-08-25 19:06:01.322 [main] SimpleUrlHandlerMapping - Mapped URL path [/**/favicon.ico] onto handler of type [class org.springframework.web.servlet.resource.ResourceHttpRequestHandler]
[INFO ] 2017-08-25 19:06:07.274 [http-nio-8080-exec-1] DispatcherServlet - FrameworkServlet 'dispatcherServlet': initialization started
[INFO ] 2017-08-25 19:06:07.301 [http-nio-8080-exec-1] DispatcherServlet - FrameworkServlet 'dispatcherServlet': initialization completed in 26 ms
[INFO ] 2017-08-25 19:07:38.474 [localhost-startStop-1] ContextLoader - Root WebApplicationContext: initialization completed in 2184 ms
[INFO ] 2017-08-25 19:07:39.191 [main] RequestMappingHandlerAdapter - Looking for @ControllerAdvice: org.springframework.boot.context.embedded.AnnotationConfigEmbeddedWebApplicationContext@ae13544: startup date [Fri Aug 25 19:07:36 BRT 2017]; root of context hierarchy
[INFO ] 2017-08-25 19:07:39.339 [main] RequestMappingHandlerMapping - Mapped "{[/bots]}" onto public java.lang.String br.com.template.servicewebapp.controller.BotController.intencoes(java.util.Map<java.lang.String, java.lang.Object>)
[INFO ] 2017-08-25 19:07:39.345 [main] RequestMappingHandlerMapping - Mapped "{[/home]}" onto public java.lang.String br.com.template.servicewebapp.controller.HomeController.home(java.util.Map<java.lang.String, java.lang.Object>)
[INFO ] 2017-08-25 19:07:39.346 [main] RequestMappingHandlerMapping - Mapped "{[/intencoes]}" onto public java.lang.String br.com.template.servicewebapp.controller.IntencoesController.intencoes(java.util.Map<java.lang.String, java.lang.Object>)
[INFO ] 2017-08-25 19:07:39.347 [main] RequestMappingHandlerMapping - Mapped "{[/]}" onto public java.lang.String br.com.template.servicewebapp.controller.LoginController.home(java.util.Map<java.lang.String, java.lang.Object>)
[INFO ] 2017-08-25 19:07:39.348 [main] RequestMappingHandlerMapping - Mapped "{[/recursos]}" onto public java.lang.String br.com.template.servicewebapp.controller.RecursosController.intencoes(java.util.Map<java.lang.String, java.lang.Object>)
[INFO ] 2017-08-25 19:07:39.352 [main] RequestMappingHandlerMapping - Mapped "{[/error]}" onto public org.springframework.http.ResponseEntity<java.util.Map<java.lang.String, java.lang.Object>> org.springframework.boot.autoconfigure.web.BasicErrorController.error(javax.servlet.http.HttpServletRequest)
[INFO ] 2017-08-25 19:07:39.353 [main] RequestMappingHandlerMapping - Mapped "{[/error],produces=[text/html]}" onto public org.springframework.web.servlet.ModelAndView org.springframework.boot.autoconfigure.web.BasicErrorController.errorHtml(javax.servlet.http.HttpServletRequest,javax.servlet.http.HttpServletResponse)
[INFO ] 2017-08-25 19:07:39.392 [main] SimpleUrlHandlerMapping - Mapped URL path [/webjars/**] onto handler of type [class org.springframework.web.servlet.resource.ResourceHttpRequestHandler]
[INFO ] 2017-08-25 19:07:39.393 [main] SimpleUrlHandlerMapping - Mapped URL path [/**] onto handler of type [class org.springframework.web.servlet.resource.ResourceHttpRequestHandler]
[INFO ] 2017-08-25 19:07:39.484 [main] SimpleUrlHandlerMapping - Mapped URL path [/**/favicon.ico] onto handler of type [class org.springframework.web.servlet.resource.ResourceHttpRequestHandler]
[INFO ] 2017-08-25 19:07:45.221 [http-nio-8080-exec-1] DispatcherServlet - FrameworkServlet 'dispatcherServlet': initialization started
[INFO ] 2017-08-25 19:07:45.241 [http-nio-8080-exec-1] DispatcherServlet - FrameworkServlet 'dispatcherServlet': initialization completed in 19 ms
[INFO ] 2017-08-25 19:10:41.498 [localhost-startStop-1] ContextLoader - Root WebApplicationContext: initialization completed in 2075 ms
[INFO ] 2017-08-25 19:10:42.224 [main] RequestMappingHandlerAdapter - Looking for @ControllerAdvice: org.springframework.boot.context.embedded.AnnotationConfigEmbeddedWebApplicationContext@ae13544: startup date [Fri Aug 25 19:10:39 BRT 2017]; root of context hierarchy
[INFO ] 2017-08-25 19:10:42.310 [main] RequestMappingHandlerMapping - Mapped "{[/bots]}" onto public java.lang.String br.com.template.servicewebapp.controller.BotController.intencoes(java.util.Map<java.lang.String, java.lang.Object>)
[INFO ] 2017-08-25 19:10:42.312 [main] RequestMappingHandlerMapping - Mapped "{[/home]}" onto public java.lang.String br.com.template.servicewebapp.controller.HomeController.home(java.util.Map<java.lang.String, java.lang.Object>)
[INFO ] 2017-08-25 19:10:42.312 [main] RequestMappingHandlerMapping - Mapped "{[/intencoes]}" onto public java.lang.String br.com.template.servicewebapp.controller.IntencoesController.intencoes(java.util.Map<java.lang.String, java.lang.Object>)
[INFO ] 2017-08-25 19:10:42.313 [main] RequestMappingHandlerMapping - Mapped "{[/]}" onto public java.lang.String br.com.template.servicewebapp.controller.LoginController.home(java.util.Map<java.lang.String, java.lang.Object>)
[INFO ] 2017-08-25 19:10:42.314 [main] RequestMappingHandlerMapping - Mapped "{[/recursos]}" onto public java.lang.String br.com.template.servicewebapp.controller.RecursosController.intencoes(java.util.Map<java.lang.String, java.lang.Object>)
[INFO ] 2017-08-25 19:10:42.318 [main] RequestMappingHandlerMapping - Mapped "{[/error]}" onto public org.springframework.http.ResponseEntity<java.util.Map<java.lang.String, java.lang.Object>> org.springframework.boot.autoconfigure.web.BasicErrorController.error(javax.servlet.http.HttpServletRequest)
[INFO ] 2017-08-25 19:10:42.319 [main] RequestMappingHandlerMapping - Mapped "{[/error],produces=[text/html]}" onto public org.springframework.web.servlet.ModelAndView org.springframework.boot.autoconfigure.web.BasicErrorController.errorHtml(javax.servlet.http.HttpServletRequest,javax.servlet.http.HttpServletResponse)
[INFO ] 2017-08-25 19:10:42.368 [main] SimpleUrlHandlerMapping - Mapped URL path [/webjars/**] onto handler of type [class org.springframework.web.servlet.resource.ResourceHttpRequestHandler]
[INFO ] 2017-08-25 19:10:42.368 [main] SimpleUrlHandlerMapping - Mapped URL path [/**] onto handler of type [class org.springframework.web.servlet.resource.ResourceHttpRequestHandler]
[INFO ] 2017-08-25 19:10:42.463 [main] SimpleUrlHandlerMapping - Mapped URL path [/**/favicon.ico] onto handler of type [class org.springframework.web.servlet.resource.ResourceHttpRequestHandler]
[INFO ] 2017-08-25 19:10:48.035 [http-nio-8080-exec-1] DispatcherServlet - FrameworkServlet 'dispatcherServlet': initialization started
[INFO ] 2017-08-25 19:10:48.055 [http-nio-8080-exec-1] DispatcherServlet - FrameworkServlet 'dispatcherServlet': initialization completed in 19 ms
[INFO ] 2017-08-25 19:12:50.771 [localhost-startStop-1] ContextLoader - Root WebApplicationContext: initialization completed in 2208 ms
[INFO ] 2017-08-25 19:12:51.555 [main] RequestMappingHandlerAdapter - Looking for @ControllerAdvice: org.springframework.boot.context.embedded.AnnotationConfigEmbeddedWebApplicationContext@ae13544: startup date [Fri Aug 25 19:12:48 BRT 2017]; root of context hierarchy
[INFO ] 2017-08-25 19:12:51.645 [main] RequestMappingHandlerMapping - Mapped "{[/bots]}" onto public java.lang.String br.com.template.servicewebapp.controller.BotController.intencoes(java.util.Map<java.lang.String, java.lang.Object>)
[INFO ] 2017-08-25 19:12:51.648 [main] RequestMappingHandlerMapping - Mapped "{[/home]}" onto public java.lang.String br.com.template.servicewebapp.controller.HomeController.home(java.util.Map<java.lang.String, java.lang.Object>)
[INFO ] 2017-08-25 19:12:51.650 [main] RequestMappingHandlerMapping - Mapped "{[/intencoes]}" onto public java.lang.String br.com.template.servicewebapp.controller.IntencoesController.intencoes(java.util.Map<java.lang.String, java.lang.Object>)
[INFO ] 2017-08-25 19:12:51.650 [main] RequestMappingHandlerMapping - Mapped "{[/]}" onto public java.lang.String br.com.template.servicewebapp.controller.LoginController.home(java.util.Map<java.lang.String, java.lang.Object>)
[INFO ] 2017-08-25 19:12:51.651 [main] RequestMappingHandlerMapping - Mapped "{[/recursos]}" onto public java.lang.String br.com.template.servicewebapp.controller.RecursosController.intencoes(java.util.Map<java.lang.String, java.lang.Object>)
[INFO ] 2017-08-25 19:12:51.657 [main] RequestMappingHandlerMapping - Mapped "{[/error]}" onto public org.springframework.http.ResponseEntity<java.util.Map<java.lang.String, java.lang.Object>> org.springframework.boot.autoconfigure.web.BasicErrorController.error(javax.servlet.http.HttpServletRequest)
[INFO ] 2017-08-25 19:12:51.658 [main] RequestMappingHandlerMapping - Mapped "{[/error],produces=[text/html]}" onto public org.springframework.web.servlet.ModelAndView org.springframework.boot.autoconfigure.web.BasicErrorController.errorHtml(javax.servlet.http.HttpServletRequest,javax.servlet.http.HttpServletResponse)
[INFO ] 2017-08-25 19:12:51.715 [main] SimpleUrlHandlerMapping - Mapped URL path [/webjars/**] onto handler of type [class org.springframework.web.servlet.resource.ResourceHttpRequestHandler]
[INFO ] 2017-08-25 19:12:51.716 [main] SimpleUrlHandlerMapping - Mapped URL path [/**] onto handler of type [class org.springframework.web.servlet.resource.ResourceHttpRequestHandler]
[INFO ] 2017-08-25 19:12:51.784 [main] SimpleUrlHandlerMapping - Mapped URL path [/**/favicon.ico] onto handler of type [class org.springframework.web.servlet.resource.ResourceHttpRequestHandler]
[INFO ] 2017-08-25 19:12:58.113 [http-nio-8080-exec-1] DispatcherServlet - FrameworkServlet 'dispatcherServlet': initialization started
[INFO ] 2017-08-25 19:12:58.138 [http-nio-8080-exec-1] DispatcherServlet - FrameworkServlet 'dispatcherServlet': initialization completed in 24 ms
[INFO ] 2017-08-25 19:14:35.799 [localhost-startStop-1] ContextLoader - Root WebApplicationContext: initialization completed in 2072 ms
[INFO ] 2017-08-25 19:14:36.539 [main] RequestMappingHandlerAdapter - Looking for @ControllerAdvice: org.springframework.boot.context.embedded.AnnotationConfigEmbeddedWebApplicationContext@ae13544: startup date [Fri Aug 25 19:14:33 BRT 2017]; root of context hierarchy
[INFO ] 2017-08-25 19:14:36.626 [main] RequestMappingHandlerMapping - Mapped "{[/bots]}" onto public java.lang.String br.com.template.servicewebapp.controller.BotController.intencoes(java.util.Map<java.lang.String, java.lang.Object>)
[INFO ] 2017-08-25 19:14:36.628 [main] RequestMappingHandlerMapping - Mapped "{[/home]}" onto public java.lang.String br.com.template.servicewebapp.controller.HomeController.home(java.util.Map<java.lang.String, java.lang.Object>)
[INFO ] 2017-08-25 19:14:36.629 [main] RequestMappingHandlerMapping - Mapped "{[/intencoes]}" onto public java.lang.String br.com.template.servicewebapp.controller.IntencoesController.intencoes(java.util.Map<java.lang.String, java.lang.Object>)
[INFO ] 2017-08-25 19:14:36.629 [main] RequestMappingHandlerMapping - Mapped "{[/]}" onto public java.lang.String br.com.template.servicewebapp.controller.LoginController.home(java.util.Map<java.lang.String, java.lang.Object>)
[INFO ] 2017-08-25 19:14:36.630 [main] RequestMappingHandlerMapping - Mapped "{[/recursos]}" onto public java.lang.String br.com.template.servicewebapp.controller.RecursosController.intencoes(java.util.Map<java.lang.String, java.lang.Object>)
[INFO ] 2017-08-25 19:14:36.636 [main] RequestMappingHandlerMapping - Mapped "{[/error]}" onto public org.springframework.http.ResponseEntity<java.util.Map<java.lang.String, java.lang.Object>> org.springframework.boot.autoconfigure.web.BasicErrorController.error(javax.servlet.http.HttpServletRequest)
[INFO ] 2017-08-25 19:14:36.637 [main] RequestMappingHandlerMapping - Mapped "{[/error],produces=[text/html]}" onto public org.springframework.web.servlet.ModelAndView org.springframework.boot.autoconfigure.web.BasicErrorController.errorHtml(javax.servlet.http.HttpServletRequest,javax.servlet.http.HttpServletResponse)
[INFO ] 2017-08-25 19:14:36.686 [main] SimpleUrlHandlerMapping - Mapped URL path [/webjars/**] onto handler of type [class org.springframework.web.servlet.resource.ResourceHttpRequestHandler]
[INFO ] 2017-08-25 19:14:36.687 [main] SimpleUrlHandlerMapping - Mapped URL path [/**] onto handler of type [class org.springframework.web.servlet.resource.ResourceHttpRequestHandler]
[INFO ] 2017-08-25 19:14:36.777 [main] SimpleUrlHandlerMapping - Mapped URL path [/**/favicon.ico] onto handler of type [class org.springframework.web.servlet.resource.ResourceHttpRequestHandler]
[INFO ] 2017-08-25 19:14:41.481 [http-nio-8080-exec-1] DispatcherServlet - FrameworkServlet 'dispatcherServlet': initialization started
[INFO ] 2017-08-25 19:14:41.505 [http-nio-8080-exec-1] DispatcherServlet - FrameworkServlet 'dispatcherServlet': initialization completed in 23 ms
