[INFO ] 2017-09-14 00:03:32.195 [localhost-startStop-1] ContextLoader - Root WebApplicationContext: initialization completed in 1922 ms
[INFO ] 2017-09-14 00:07:38.527 [localhost-startStop-1] ContextLoader - Root WebApplicationContext: initialization completed in 1766 ms
[INFO ] 2017-09-14 00:10:51.133 [localhost-startStop-1] ContextLoader - Root WebApplicationContext: initialization completed in 1793 ms
[INFO ] 2017-09-14 00:12:54.332 [localhost-startStop-1] ContextLoader - Root WebApplicationContext: initialization completed in 1745 ms
[INFO ] 2017-09-14 00:13:22.677 [localhost-startStop-1] ContextLoader - Root WebApplicationContext: initialization completed in 1819 ms
[INFO ] 2017-09-14 00:17:05.987 [localhost-startStop-1] ContextLoader - Root WebApplicationContext: initialization completed in 1800 ms
[INFO ] 2017-09-14 00:19:55.931 [localhost-startStop-1] ContextLoader - Root WebApplicationContext: initialization completed in 1833 ms
[INFO ] 2017-09-14 00:21:02.210 [localhost-startStop-1] ContextLoader - Root WebApplicationContext: initialization completed in 1814 ms
[INFO ] 2017-09-14 00:23:27.125 [localhost-startStop-1] ContextLoader - Root WebApplicationContext: initialization completed in 1798 ms
[INFO ] 2017-09-14 00:23:50.056 [localhost-startStop-1] ContextLoader - Root WebApplicationContext: initialization completed in 1884 ms
[INFO ] 2017-09-14 00:35:20.451 [localhost-startStop-1] ContextLoader - Root WebApplicationContext: initialization completed in 1786 ms
[INFO ] 2017-09-14 00:35:22.690 [main] RequestMappingHandlerAdapter - Looking for @ControllerAdvice: org.springframework.boot.context.embedded.AnnotationConfigEmbeddedWebApplicationContext@10aa41f2: startup date [Thu Sep 14 00:35:18 BRT 2017]; root of context hierarchy
[INFO ] 2017-09-14 00:35:22.786 [main] RequestMappingHandlerMapping - Mapped "{[/bots]}" onto public java.lang.String br.com.template.servicewebapp.controller.BotController.bot(java.util.Map<java.lang.String, java.lang.Object>)
[INFO ] 2017-09-14 00:35:22.787 [main] RequestMappingHandlerMapping - Mapped "{[/bots-cadastrar],methods=[POST]}" onto public java.lang.String br.com.template.servicewebapp.controller.BotController.botCadastrar(java.util.Map<java.lang.String, java.lang.Object>)
[INFO ] 2017-09-14 00:35:22.788 [main] RequestMappingHandlerMapping - Mapped "{[/bots-editar],methods=[POST]}" onto public java.lang.String br.com.template.servicewebapp.controller.BotController.botEditar(java.util.Map<java.lang.String, java.lang.Object>)
[INFO ] 2017-09-14 00:35:22.788 [main] RequestMappingHandlerMapping - Mapped "{[/bots-remover],methods=[POST]}" onto public java.lang.String br.com.template.servicewebapp.controller.BotController.botRemover(java.util.Map<java.lang.String, java.lang.Object>)
[INFO ] 2017-09-14 00:35:22.789 [main] RequestMappingHandlerMapping - Mapped "{[/home]}" onto public java.lang.String br.com.template.servicewebapp.controller.HomeController.home(java.util.Map<java.lang.String, java.lang.Object>)
[INFO ] 2017-09-14 00:35:22.790 [main] RequestMappingHandlerMapping - Mapped "{[/intencoes-cadastrar],methods=[POST]}" onto public java.lang.String br.com.template.servicewebapp.controller.IntencoesController.botCadastrar(java.util.Map<java.lang.String, java.lang.Object>)
[INFO ] 2017-09-14 00:35:22.791 [main] RequestMappingHandlerMapping - Mapped "{[/intencoes-editar],methods=[POST]}" onto public java.lang.String br.com.template.servicewebapp.controller.IntencoesController.botEditar(java.util.Map<java.lang.String, java.lang.Object>)
[INFO ] 2017-09-14 00:35:22.791 [main] RequestMappingHandlerMapping - Mapped "{[/intencoes-remover],methods=[POST]}" onto public java.lang.String br.com.template.servicewebapp.controller.IntencoesController.botRemover(java.util.Map<java.lang.String, java.lang.Object>)
[INFO ] 2017-09-14 00:35:22.792 [main] RequestMappingHandlerMapping - Mapped "{[/intencoes]}" onto public java.lang.String br.com.template.servicewebapp.controller.IntencoesController.intencoes(java.util.Map<java.lang.String, java.lang.Object>)
[INFO ] 2017-09-14 00:35:22.792 [main] RequestMappingHandlerMapping - Mapped "{[/]}" onto public java.lang.String br.com.template.servicewebapp.controller.LoginController.home(java.util.Map<java.lang.String, java.lang.Object>)
[INFO ] 2017-09-14 00:35:22.795 [main] RequestMappingHandlerMapping - Mapped "{[/recursos-cadastrar],methods=[POST]}" onto public java.lang.String br.com.template.servicewebapp.controller.RecursosController.botCadastrar(java.util.Map<java.lang.String, java.lang.Object>)
[INFO ] 2017-09-14 00:35:22.796 [main] RequestMappingHandlerMapping - Mapped "{[/recursos-editar],methods=[POST]}" onto public java.lang.String br.com.template.servicewebapp.controller.RecursosController.botEditar(java.util.Map<java.lang.String, java.lang.Object>)
[INFO ] 2017-09-14 00:35:22.796 [main] RequestMappingHandlerMapping - Mapped "{[/recursos-remover],methods=[POST]}" onto public java.lang.String br.com.template.servicewebapp.controller.RecursosController.botRemover(java.util.Map<java.lang.String, java.lang.Object>)
[INFO ] 2017-09-14 00:35:22.797 [main] RequestMappingHandlerMapping - Mapped "{[/recursos]}" onto public java.lang.String br.com.template.servicewebapp.controller.RecursosController.intencoes(java.util.Map<java.lang.String, java.lang.Object>)
[INFO ] 2017-09-14 00:35:22.800 [main] RequestMappingHandlerMapping - Mapped "{[/error]}" onto public org.springframework.http.ResponseEntity<java.util.Map<java.lang.String, java.lang.Object>> org.springframework.boot.autoconfigure.web.BasicErrorController.error(javax.servlet.http.HttpServletRequest)
[INFO ] 2017-09-14 00:35:22.801 [main] RequestMappingHandlerMapping - Mapped "{[/error],produces=[text/html]}" onto public org.springframework.web.servlet.ModelAndView org.springframework.boot.autoconfigure.web.BasicErrorController.errorHtml(javax.servlet.http.HttpServletRequest,javax.servlet.http.HttpServletResponse)
[INFO ] 2017-09-14 00:35:22.854 [main] SimpleUrlHandlerMapping - Mapped URL path [/webjars/**] onto handler of type [class org.springframework.web.servlet.resource.ResourceHttpRequestHandler]
[INFO ] 2017-09-14 00:35:22.854 [main] SimpleUrlHandlerMapping - Mapped URL path [/**] onto handler of type [class org.springframework.web.servlet.resource.ResourceHttpRequestHandler]
[INFO ] 2017-09-14 00:35:22.907 [main] SimpleUrlHandlerMapping - Mapped URL path [/**/favicon.ico] onto handler of type [class org.springframework.web.servlet.resource.ResourceHttpRequestHandler]
[INFO ] 2017-09-14 00:35:30.408 [http-nio-8080-exec-1] DispatcherServlet - FrameworkServlet 'dispatcherServlet': initialization started
[INFO ] 2017-09-14 00:35:30.426 [http-nio-8080-exec-1] DispatcherServlet - FrameworkServlet 'dispatcherServlet': initialization completed in 18 ms
[INFO ] 2017-09-14 00:36:57.013 [localhost-startStop-1] ContextLoader - Root WebApplicationContext: initialization completed in 2061 ms
[INFO ] 2017-09-14 00:36:59.119 [main] RequestMappingHandlerAdapter - Looking for @ControllerAdvice: org.springframework.boot.context.embedded.AnnotationConfigEmbeddedWebApplicationContext@10aa41f2: startup date [Thu Sep 14 00:36:54 BRT 2017]; root of context hierarchy
[INFO ] 2017-09-14 00:36:59.202 [main] RequestMappingHandlerMapping - Mapped "{[/bots]}" onto public java.lang.String br.com.template.servicewebapp.controller.BotController.bot(java.util.Map<java.lang.String, java.lang.Object>)
[INFO ] 2017-09-14 00:36:59.203 [main] RequestMappingHandlerMapping - Mapped "{[/bots-cadastrar],methods=[POST]}" onto public java.lang.String br.com.template.servicewebapp.controller.BotController.botCadastrar(java.util.Map<java.lang.String, java.lang.Object>)
[INFO ] 2017-09-14 00:36:59.204 [main] RequestMappingHandlerMapping - Mapped "{[/bots-editar],methods=[POST]}" onto public java.lang.String br.com.template.servicewebapp.controller.BotController.botEditar(java.util.Map<java.lang.String, java.lang.Object>)
[INFO ] 2017-09-14 00:36:59.204 [main] RequestMappingHandlerMapping - Mapped "{[/bots-remover],methods=[POST]}" onto public java.lang.String br.com.template.servicewebapp.controller.BotController.botRemover(java.util.Map<java.lang.String, java.lang.Object>)
[INFO ] 2017-09-14 00:36:59.204 [main] RequestMappingHandlerMapping - Mapped "{[/home]}" onto public java.lang.String br.com.template.servicewebapp.controller.HomeController.home(java.util.Map<java.lang.String, java.lang.Object>)
[INFO ] 2017-09-14 00:36:59.206 [main] RequestMappingHandlerMapping - Mapped "{[/intencoes-cadastrar],methods=[POST]}" onto public java.lang.String br.com.template.servicewebapp.controller.IntencoesController.botCadastrar(java.util.Map<java.lang.String, java.lang.Object>)
[INFO ] 2017-09-14 00:36:59.206 [main] RequestMappingHandlerMapping - Mapped "{[/intencoes-editar],methods=[POST]}" onto public java.lang.String br.com.template.servicewebapp.controller.IntencoesController.botEditar(java.util.Map<java.lang.String, java.lang.Object>)
[INFO ] 2017-09-14 00:36:59.206 [main] RequestMappingHandlerMapping - Mapped "{[/intencoes-remover],methods=[POST]}" onto public java.lang.String br.com.template.servicewebapp.controller.IntencoesController.botRemover(java.util.Map<java.lang.String, java.lang.Object>)
[INFO ] 2017-09-14 00:36:59.207 [main] RequestMappingHandlerMapping - Mapped "{[/intencoes]}" onto public java.lang.String br.com.template.servicewebapp.controller.IntencoesController.intencoes(java.util.Map<java.lang.String, java.lang.Object>)
[INFO ] 2017-09-14 00:36:59.207 [main] RequestMappingHandlerMapping - Mapped "{[/]}" onto public java.lang.String br.com.template.servicewebapp.controller.LoginController.home(java.util.Map<java.lang.String, java.lang.Object>)
[INFO ] 2017-09-14 00:36:59.209 [main] RequestMappingHandlerMapping - Mapped "{[/recursos-cadastrar],methods=[POST]}" onto public java.lang.String br.com.template.servicewebapp.controller.RecursosController.botCadastrar(java.util.Map<java.lang.String, java.lang.Object>)
[INFO ] 2017-09-14 00:36:59.210 [main] RequestMappingHandlerMapping - Mapped "{[/recursos-editar],methods=[POST]}" onto public java.lang.String br.com.template.servicewebapp.controller.RecursosController.botEditar(java.util.Map<java.lang.String, java.lang.Object>)
[INFO ] 2017-09-14 00:36:59.210 [main] RequestMappingHandlerMapping - Mapped "{[/recursos-remover],methods=[POST]}" onto public java.lang.String br.com.template.servicewebapp.controller.RecursosController.botRemover(java.util.Map<java.lang.String, java.lang.Object>)
[INFO ] 2017-09-14 00:36:59.211 [main] RequestMappingHandlerMapping - Mapped "{[/recursos]}" onto public java.lang.String br.com.template.servicewebapp.controller.RecursosController.intencoes(java.util.Map<java.lang.String, java.lang.Object>)
[INFO ] 2017-09-14 00:36:59.214 [main] RequestMappingHandlerMapping - Mapped "{[/error]}" onto public org.springframework.http.ResponseEntity<java.util.Map<java.lang.String, java.lang.Object>> org.springframework.boot.autoconfigure.web.BasicErrorController.error(javax.servlet.http.HttpServletRequest)
[INFO ] 2017-09-14 00:36:59.214 [main] RequestMappingHandlerMapping - Mapped "{[/error],produces=[text/html]}" onto public org.springframework.web.servlet.ModelAndView org.springframework.boot.autoconfigure.web.BasicErrorController.errorHtml(javax.servlet.http.HttpServletRequest,javax.servlet.http.HttpServletResponse)
[INFO ] 2017-09-14 00:36:59.262 [main] SimpleUrlHandlerMapping - Mapped URL path [/webjars/**] onto handler of type [class org.springframework.web.servlet.resource.ResourceHttpRequestHandler]
[INFO ] 2017-09-14 00:36:59.262 [main] SimpleUrlHandlerMapping - Mapped URL path [/**] onto handler of type [class org.springframework.web.servlet.resource.ResourceHttpRequestHandler]
[INFO ] 2017-09-14 00:36:59.326 [main] SimpleUrlHandlerMapping - Mapped URL path [/**/favicon.ico] onto handler of type [class org.springframework.web.servlet.resource.ResourceHttpRequestHandler]
[INFO ] 2017-09-14 00:37:13.875 [http-nio-8080-exec-1] DispatcherServlet - FrameworkServlet 'dispatcherServlet': initialization started
[INFO ] 2017-09-14 00:37:13.892 [http-nio-8080-exec-1] DispatcherServlet - FrameworkServlet 'dispatcherServlet': initialization completed in 17 ms
[WARN ] 2017-09-14 00:37:13.913 [http-nio-8080-exec-1] PageNotFound - Request method 'GET' not supported
[INFO ] 2017-09-14 00:42:09.522 [localhost-startStop-1] ContextLoader - Root WebApplicationContext: initialization completed in 1814 ms
[INFO ] 2017-09-14 00:43:51.193 [localhost-startStop-1] ContextLoader - Root WebApplicationContext: initialization completed in 1794 ms
[INFO ] 2017-09-14 00:49:22.255 [localhost-startStop-1] ContextLoader - Root WebApplicationContext: initialization completed in 1868 ms
[INFO ] 2017-09-14 00:52:57.457 [localhost-startStop-1] ContextLoader - Root WebApplicationContext: initialization completed in 1823 ms
[INFO ] 2017-09-14 00:52:59.851 [main] RequestMappingHandlerAdapter - Looking for @ControllerAdvice: org.springframework.boot.context.embedded.AnnotationConfigEmbeddedWebApplicationContext@10aa41f2: startup date [Thu Sep 14 00:52:55 BRT 2017]; root of context hierarchy
[INFO ] 2017-09-14 00:52:59.929 [main] RequestMappingHandlerMapping - Mapped "{[/bots]}" onto public java.lang.String br.com.template.servicewebapp.controller.BotController.bot(java.util.Map<java.lang.String, java.lang.Object>)
[INFO ] 2017-09-14 00:52:59.931 [main] RequestMappingHandlerMapping - Mapped "{[/bots-cadastrar],methods=[POST]}" onto public java.lang.String br.com.template.servicewebapp.controller.BotController.botCadastrar(java.util.Map<java.lang.String, java.lang.Object>)
[INFO ] 2017-09-14 00:52:59.932 [main] RequestMappingHandlerMapping - Mapped "{[/bots-editar],methods=[POST]}" onto public java.lang.String br.com.template.servicewebapp.controller.BotController.botEditar(java.util.Map<java.lang.String, java.lang.Object>)
[INFO ] 2017-09-14 00:52:59.933 [main] RequestMappingHandlerMapping - Mapped "{[/bots-remover],methods=[POST]}" onto public java.lang.String br.com.template.servicewebapp.controller.BotController.botRemover(java.util.Map<java.lang.String, java.lang.Object>)
[INFO ] 2017-09-14 00:52:59.934 [main] RequestMappingHandlerMapping - Mapped "{[/home]}" onto public java.lang.String br.com.template.servicewebapp.controller.HomeController.home(java.util.Map<java.lang.String, java.lang.Object>)
[INFO ] 2017-09-14 00:52:59.936 [main] RequestMappingHandlerMapping - Mapped "{[/intencoes-cadastrar],methods=[POST]}" onto public java.lang.String br.com.template.servicewebapp.controller.IntencoesController.botCadastrar(java.util.Map<java.lang.String, java.lang.Object>)
[INFO ] 2017-09-14 00:52:59.937 [main] RequestMappingHandlerMapping - Mapped "{[/intencoes-editar],methods=[POST]}" onto public java.lang.String br.com.template.servicewebapp.controller.IntencoesController.botEditar(java.util.Map<java.lang.String, java.lang.Object>)
[INFO ] 2017-09-14 00:52:59.937 [main] RequestMappingHandlerMapping - Mapped "{[/intencoes-remover],methods=[POST]}" onto public java.lang.String br.com.template.servicewebapp.controller.IntencoesController.botRemover(java.util.Map<java.lang.String, java.lang.Object>)
[INFO ] 2017-09-14 00:52:59.938 [main] RequestMappingHandlerMapping - Mapped "{[/intencoes]}" onto public java.lang.String br.com.template.servicewebapp.controller.IntencoesController.intencoes(java.util.Map<java.lang.String, java.lang.Object>)
[INFO ] 2017-09-14 00:52:59.939 [main] RequestMappingHandlerMapping - Mapped "{[/]}" onto public java.lang.String br.com.template.servicewebapp.controller.LoginController.home(java.util.Map<java.lang.String, java.lang.Object>)
[INFO ] 2017-09-14 00:52:59.940 [main] RequestMappingHandlerMapping - Mapped "{[/recursos-cadastrar],methods=[POST]}" onto public java.lang.String br.com.template.servicewebapp.controller.RecursosController.botCadastrar(java.util.Map<java.lang.String, java.lang.Object>)
[INFO ] 2017-09-14 00:52:59.940 [main] RequestMappingHandlerMapping - Mapped "{[/recursos-editar],methods=[POST]}" onto public java.lang.String br.com.template.servicewebapp.controller.RecursosController.botEditar(java.util.Map<java.lang.String, java.lang.Object>)
[INFO ] 2017-09-14 00:52:59.941 [main] RequestMappingHandlerMapping - Mapped "{[/recursos-remover],methods=[POST]}" onto public java.lang.String br.com.template.servicewebapp.controller.RecursosController.botRemover(java.util.Map<java.lang.String, java.lang.Object>)
[INFO ] 2017-09-14 00:52:59.941 [main] RequestMappingHandlerMapping - Mapped "{[/recursos]}" onto public java.lang.String br.com.template.servicewebapp.controller.RecursosController.intencoes(java.util.Map<java.lang.String, java.lang.Object>)
[INFO ] 2017-09-14 00:52:59.945 [main] RequestMappingHandlerMapping - Mapped "{[/error]}" onto public org.springframework.http.ResponseEntity<java.util.Map<java.lang.String, java.lang.Object>> org.springframework.boot.autoconfigure.web.BasicErrorController.error(javax.servlet.http.HttpServletRequest)
[INFO ] 2017-09-14 00:52:59.946 [main] RequestMappingHandlerMapping - Mapped "{[/error],produces=[text/html]}" onto public org.springframework.web.servlet.ModelAndView org.springframework.boot.autoconfigure.web.BasicErrorController.errorHtml(javax.servlet.http.HttpServletRequest,javax.servlet.http.HttpServletResponse)
[INFO ] 2017-09-14 00:52:59.986 [main] SimpleUrlHandlerMapping - Mapped URL path [/webjars/**] onto handler of type [class org.springframework.web.servlet.resource.ResourceHttpRequestHandler]
[INFO ] 2017-09-14 00:52:59.986 [main] SimpleUrlHandlerMapping - Mapped URL path [/**] onto handler of type [class org.springframework.web.servlet.resource.ResourceHttpRequestHandler]
[INFO ] 2017-09-14 00:53:00.043 [main] SimpleUrlHandlerMapping - Mapped URL path [/**/favicon.ico] onto handler of type [class org.springframework.web.servlet.resource.ResourceHttpRequestHandler]
[INFO ] 2017-09-14 00:53:17.850 [http-nio-8080-exec-1] DispatcherServlet - FrameworkServlet 'dispatcherServlet': initialization started
[INFO ] 2017-09-14 00:53:17.869 [http-nio-8080-exec-1] DispatcherServlet - FrameworkServlet 'dispatcherServlet': initialization completed in 19 ms
[INFO ] 2017-09-14 00:56:44.651 [localhost-startStop-1] ContextLoader - Root WebApplicationContext: initialization completed in 1832 ms
[INFO ] 2017-09-14 00:56:46.915 [main] RequestMappingHandlerAdapter - Looking for @ControllerAdvice: org.springframework.boot.context.embedded.AnnotationConfigEmbeddedWebApplicationContext@10aa41f2: startup date [Thu Sep 14 00:56:42 BRT 2017]; root of context hierarchy
[INFO ] 2017-09-14 00:56:47.003 [main] RequestMappingHandlerMapping - Mapped "{[/bots]}" onto public java.lang.String br.com.template.servicewebapp.controller.BotController.bot(java.util.Map<java.lang.String, java.lang.Object>)
[INFO ] 2017-09-14 00:56:47.004 [main] RequestMappingHandlerMapping - Mapped "{[/bots-cadastrar],methods=[POST]}" onto public java.lang.String br.com.template.servicewebapp.controller.BotController.botCadastrar(java.util.Map<java.lang.String, java.lang.Object>)
[INFO ] 2017-09-14 00:56:47.005 [main] RequestMappingHandlerMapping - Mapped "{[/bots-editar],methods=[POST]}" onto public java.lang.String br.com.template.servicewebapp.controller.BotController.botEditar(java.util.Map<java.lang.String, java.lang.Object>)
[INFO ] 2017-09-14 00:56:47.005 [main] RequestMappingHandlerMapping - Mapped "{[/bots-remover],methods=[POST]}" onto public java.lang.String br.com.template.servicewebapp.controller.BotController.botRemover(java.util.Map<java.lang.String, java.lang.Object>)
[INFO ] 2017-09-14 00:56:47.005 [main] RequestMappingHandlerMapping - Mapped "{[/home]}" onto public java.lang.String br.com.template.servicewebapp.controller.HomeController.home(java.util.Map<java.lang.String, java.lang.Object>)
[INFO ] 2017-09-14 00:56:47.007 [main] RequestMappingHandlerMapping - Mapped "{[/intencoes-cadastrar],methods=[POST]}" onto public java.lang.String br.com.template.servicewebapp.controller.IntencoesController.botCadastrar(java.util.Map<java.lang.String, java.lang.Object>)
[INFO ] 2017-09-14 00:56:47.008 [main] RequestMappingHandlerMapping - Mapped "{[/intencoes-editar],methods=[POST]}" onto public java.lang.String br.com.template.servicewebapp.controller.IntencoesController.botEditar(java.util.Map<java.lang.String, java.lang.Object>)
[INFO ] 2017-09-14 00:56:47.008 [main] RequestMappingHandlerMapping - Mapped "{[/intencoes-remover],methods=[POST]}" onto public java.lang.String br.com.template.servicewebapp.controller.IntencoesController.botRemover(java.util.Map<java.lang.String, java.lang.Object>)
[INFO ] 2017-09-14 00:56:47.009 [main] RequestMappingHandlerMapping - Mapped "{[/intencoes]}" onto public java.lang.String br.com.template.servicewebapp.controller.IntencoesController.intencoes(java.util.Map<java.lang.String, java.lang.Object>)
[INFO ] 2017-09-14 00:56:47.009 [main] RequestMappingHandlerMapping - Mapped "{[/]}" onto public java.lang.String br.com.template.servicewebapp.controller.LoginController.home(java.util.Map<java.lang.String, java.lang.Object>)
[INFO ] 2017-09-14 00:56:47.012 [main] RequestMappingHandlerMapping - Mapped "{[/recursos-cadastrar],methods=[POST]}" onto public java.lang.String br.com.template.servicewebapp.controller.RecursosController.botCadastrar(java.util.Map<java.lang.String, java.lang.Object>)
[INFO ] 2017-09-14 00:56:47.012 [main] RequestMappingHandlerMapping - Mapped "{[/recursos-editar],methods=[POST]}" onto public java.lang.String br.com.template.servicewebapp.controller.RecursosController.botEditar(java.util.Map<java.lang.String, java.lang.Object>)
[INFO ] 2017-09-14 00:56:47.013 [main] RequestMappingHandlerMapping - Mapped "{[/recursos-remover],methods=[POST]}" onto public java.lang.String br.com.template.servicewebapp.controller.RecursosController.botRemover(java.util.Map<java.lang.String, java.lang.Object>)
[INFO ] 2017-09-14 00:56:47.013 [main] RequestMappingHandlerMapping - Mapped "{[/recursos]}" onto public java.lang.String br.com.template.servicewebapp.controller.RecursosController.intencoes(java.util.Map<java.lang.String, java.lang.Object>)
[INFO ] 2017-09-14 00:56:47.016 [main] RequestMappingHandlerMapping - Mapped "{[/error]}" onto public org.springframework.http.ResponseEntity<java.util.Map<java.lang.String, java.lang.Object>> org.springframework.boot.autoconfigure.web.BasicErrorController.error(javax.servlet.http.HttpServletRequest)
[INFO ] 2017-09-14 00:56:47.017 [main] RequestMappingHandlerMapping - Mapped "{[/error],produces=[text/html]}" onto public org.springframework.web.servlet.ModelAndView org.springframework.boot.autoconfigure.web.BasicErrorController.errorHtml(javax.servlet.http.HttpServletRequest,javax.servlet.http.HttpServletResponse)
[INFO ] 2017-09-14 00:56:47.054 [main] SimpleUrlHandlerMapping - Mapped URL path [/webjars/**] onto handler of type [class org.springframework.web.servlet.resource.ResourceHttpRequestHandler]
[INFO ] 2017-09-14 00:56:47.054 [main] SimpleUrlHandlerMapping - Mapped URL path [/**] onto handler of type [class org.springframework.web.servlet.resource.ResourceHttpRequestHandler]
[INFO ] 2017-09-14 00:56:47.112 [main] SimpleUrlHandlerMapping - Mapped URL path [/**/favicon.ico] onto handler of type [class org.springframework.web.servlet.resource.ResourceHttpRequestHandler]
[INFO ] 2017-09-14 00:56:57.139 [http-nio-8080-exec-1] DispatcherServlet - FrameworkServlet 'dispatcherServlet': initialization started
[INFO ] 2017-09-14 00:56:57.156 [http-nio-8080-exec-1] DispatcherServlet - FrameworkServlet 'dispatcherServlet': initialization completed in 17 ms
