[INFO ] 2017-08-26 10:40:38.669 [localhost-startStop-1] ContextLoader - Root WebApplicationContext: initialization completed in 1473 ms
[INFO ] 2017-08-26 10:40:39.177 [main] RequestMappingHandlerAdapter - Looking for @ControllerAdvice: org.springframework.boot.context.embedded.AnnotationConfigEmbeddedWebApplicationContext@ae13544: startup date [Sat Aug 26 10:40:37 BRT 2017]; root of context hierarchy
[INFO ] 2017-08-26 10:40:39.240 [main] RequestMappingHandlerMapping - Mapped "{[/bots]}" onto public java.lang.String br.com.template.servicewebapp.controller.BotController.intencoes(java.util.Map<java.lang.String, java.lang.Object>)
[INFO ] 2017-08-26 10:40:39.242 [main] RequestMappingHandlerMapping - Mapped "{[/home]}" onto public java.lang.String br.com.template.servicewebapp.controller.HomeController.home(java.util.Map<java.lang.String, java.lang.Object>)
[INFO ] 2017-08-26 10:40:39.242 [main] RequestMappingHandlerMapping - Mapped "{[/intencoes]}" onto public java.lang.String br.com.template.servicewebapp.controller.IntencoesController.intencoes(java.util.Map<java.lang.String, java.lang.Object>)
[INFO ] 2017-08-26 10:40:39.243 [main] RequestMappingHandlerMapping - Mapped "{[/]}" onto public java.lang.String br.com.template.servicewebapp.controller.LoginController.home(java.util.Map<java.lang.String, java.lang.Object>)
[INFO ] 2017-08-26 10:40:39.243 [main] RequestMappingHandlerMapping - Mapped "{[/recursos]}" onto public java.lang.String br.com.template.servicewebapp.controller.RecursosController.intencoes(java.util.Map<java.lang.String, java.lang.Object>)
[INFO ] 2017-08-26 10:40:39.247 [main] RequestMappingHandlerMapping - Mapped "{[/error]}" onto public org.springframework.http.ResponseEntity<java.util.Map<java.lang.String, java.lang.Object>> org.springframework.boot.autoconfigure.web.BasicErrorController.error(javax.servlet.http.HttpServletRequest)
[INFO ] 2017-08-26 10:40:39.247 [main] RequestMappingHandlerMapping - Mapped "{[/error],produces=[text/html]}" onto public org.springframework.web.servlet.ModelAndView org.springframework.boot.autoconfigure.web.BasicErrorController.errorHtml(javax.servlet.http.HttpServletRequest,javax.servlet.http.HttpServletResponse)
[INFO ] 2017-08-26 10:40:39.278 [main] SimpleUrlHandlerMapping - Mapped URL path [/webjars/**] onto handler of type [class org.springframework.web.servlet.resource.ResourceHttpRequestHandler]
[INFO ] 2017-08-26 10:40:39.278 [main] SimpleUrlHandlerMapping - Mapped URL path [/**] onto handler of type [class org.springframework.web.servlet.resource.ResourceHttpRequestHandler]
[INFO ] 2017-08-26 10:40:39.314 [main] SimpleUrlHandlerMapping - Mapped URL path [/**/favicon.ico] onto handler of type [class org.springframework.web.servlet.resource.ResourceHttpRequestHandler]
[INFO ] 2017-08-26 10:40:59.062 [http-nio-8080-exec-1] DispatcherServlet - FrameworkServlet 'dispatcherServlet': initialization started
[INFO ] 2017-08-26 10:40:59.075 [http-nio-8080-exec-1] DispatcherServlet - FrameworkServlet 'dispatcherServlet': initialization completed in 12 ms
[INFO ] 2017-08-26 10:44:46.603 [localhost-startStop-1] ContextLoader - Root WebApplicationContext: initialization completed in 1430 ms
[INFO ] 2017-08-26 10:44:47.127 [main] RequestMappingHandlerAdapter - Looking for @ControllerAdvice: org.springframework.boot.context.embedded.AnnotationConfigEmbeddedWebApplicationContext@ae13544: startup date [Sat Aug 26 10:44:45 BRT 2017]; root of context hierarchy
[INFO ] 2017-08-26 10:44:47.186 [main] RequestMappingHandlerMapping - Mapped "{[/bots]}" onto public java.lang.String br.com.template.servicewebapp.controller.BotController.intencoes(java.util.Map<java.lang.String, java.lang.Object>)
[INFO ] 2017-08-26 10:44:47.187 [main] RequestMappingHandlerMapping - Mapped "{[/home]}" onto public java.lang.String br.com.template.servicewebapp.controller.HomeController.home(java.util.Map<java.lang.String, java.lang.Object>)
[INFO ] 2017-08-26 10:44:47.188 [main] RequestMappingHandlerMapping - Mapped "{[/intencoes]}" onto public java.lang.String br.com.template.servicewebapp.controller.IntencoesController.intencoes(java.util.Map<java.lang.String, java.lang.Object>)
[INFO ] 2017-08-26 10:44:47.188 [main] RequestMappingHandlerMapping - Mapped "{[/]}" onto public java.lang.String br.com.template.servicewebapp.controller.LoginController.home(java.util.Map<java.lang.String, java.lang.Object>)
[INFO ] 2017-08-26 10:44:47.189 [main] RequestMappingHandlerMapping - Mapped "{[/recursos]}" onto public java.lang.String br.com.template.servicewebapp.controller.RecursosController.intencoes(java.util.Map<java.lang.String, java.lang.Object>)
[INFO ] 2017-08-26 10:44:47.192 [main] RequestMappingHandlerMapping - Mapped "{[/error]}" onto public org.springframework.http.ResponseEntity<java.util.Map<java.lang.String, java.lang.Object>> org.springframework.boot.autoconfigure.web.BasicErrorController.error(javax.servlet.http.HttpServletRequest)
[INFO ] 2017-08-26 10:44:47.193 [main] RequestMappingHandlerMapping - Mapped "{[/error],produces=[text/html]}" onto public org.springframework.web.servlet.ModelAndView org.springframework.boot.autoconfigure.web.BasicErrorController.errorHtml(javax.servlet.http.HttpServletRequest,javax.servlet.http.HttpServletResponse)
[INFO ] 2017-08-26 10:44:47.222 [main] SimpleUrlHandlerMapping - Mapped URL path [/webjars/**] onto handler of type [class org.springframework.web.servlet.resource.ResourceHttpRequestHandler]
[INFO ] 2017-08-26 10:44:47.222 [main] SimpleUrlHandlerMapping - Mapped URL path [/**] onto handler of type [class org.springframework.web.servlet.resource.ResourceHttpRequestHandler]
[INFO ] 2017-08-26 10:44:47.262 [main] SimpleUrlHandlerMapping - Mapped URL path [/**/favicon.ico] onto handler of type [class org.springframework.web.servlet.resource.ResourceHttpRequestHandler]
[INFO ] 2017-08-26 10:44:56.825 [http-nio-8080-exec-1] DispatcherServlet - FrameworkServlet 'dispatcherServlet': initialization started
[INFO ] 2017-08-26 10:44:56.839 [http-nio-8080-exec-1] DispatcherServlet - FrameworkServlet 'dispatcherServlet': initialization completed in 14 ms
[INFO ] 2017-08-26 10:47:08.689 [localhost-startStop-1] ContextLoader - Root WebApplicationContext: initialization completed in 1466 ms
[INFO ] 2017-08-26 10:47:09.297 [main] RequestMappingHandlerAdapter - Looking for @ControllerAdvice: org.springframework.boot.context.embedded.AnnotationConfigEmbeddedWebApplicationContext@ae13544: startup date [Sat Aug 26 10:47:07 BRT 2017]; root of context hierarchy
[INFO ] 2017-08-26 10:47:09.360 [main] RequestMappingHandlerMapping - Mapped "{[/bots]}" onto public java.lang.String br.com.template.servicewebapp.controller.BotController.intencoes(java.util.Map<java.lang.String, java.lang.Object>)
[INFO ] 2017-08-26 10:47:09.362 [main] RequestMappingHandlerMapping - Mapped "{[/home]}" onto public java.lang.String br.com.template.servicewebapp.controller.HomeController.home(java.util.Map<java.lang.String, java.lang.Object>)
[INFO ] 2017-08-26 10:47:09.363 [main] RequestMappingHandlerMapping - Mapped "{[/intencoes]}" onto public java.lang.String br.com.template.servicewebapp.controller.IntencoesController.intencoes(java.util.Map<java.lang.String, java.lang.Object>)
[INFO ] 2017-08-26 10:47:09.363 [main] RequestMappingHandlerMapping - Mapped "{[/]}" onto public java.lang.String br.com.template.servicewebapp.controller.LoginController.home(java.util.Map<java.lang.String, java.lang.Object>)
[INFO ] 2017-08-26 10:47:09.364 [main] RequestMappingHandlerMapping - Mapped "{[/recursos]}" onto public java.lang.String br.com.template.servicewebapp.controller.RecursosController.intencoes(java.util.Map<java.lang.String, java.lang.Object>)
[INFO ] 2017-08-26 10:47:09.367 [main] RequestMappingHandlerMapping - Mapped "{[/error]}" onto public org.springframework.http.ResponseEntity<java.util.Map<java.lang.String, java.lang.Object>> org.springframework.boot.autoconfigure.web.BasicErrorController.error(javax.servlet.http.HttpServletRequest)
[INFO ] 2017-08-26 10:47:09.368 [main] RequestMappingHandlerMapping - Mapped "{[/error],produces=[text/html]}" onto public org.springframework.web.servlet.ModelAndView org.springframework.boot.autoconfigure.web.BasicErrorController.errorHtml(javax.servlet.http.HttpServletRequest,javax.servlet.http.HttpServletResponse)
[INFO ] 2017-08-26 10:47:09.395 [main] SimpleUrlHandlerMapping - Mapped URL path [/webjars/**] onto handler of type [class org.springframework.web.servlet.resource.ResourceHttpRequestHandler]
[INFO ] 2017-08-26 10:47:09.395 [main] SimpleUrlHandlerMapping - Mapped URL path [/**] onto handler of type [class org.springframework.web.servlet.resource.ResourceHttpRequestHandler]
[INFO ] 2017-08-26 10:47:09.431 [main] SimpleUrlHandlerMapping - Mapped URL path [/**/favicon.ico] onto handler of type [class org.springframework.web.servlet.resource.ResourceHttpRequestHandler]
[INFO ] 2017-08-26 10:47:13.896 [http-nio-8080-exec-1] DispatcherServlet - FrameworkServlet 'dispatcherServlet': initialization started
[INFO ] 2017-08-26 10:47:13.909 [http-nio-8080-exec-1] DispatcherServlet - FrameworkServlet 'dispatcherServlet': initialization completed in 13 ms
[INFO ] 2017-08-26 10:47:43.893 [localhost-startStop-1] ContextLoader - Root WebApplicationContext: initialization completed in 1377 ms
[INFO ] 2017-08-26 10:47:44.446 [main] RequestMappingHandlerAdapter - Looking for @ControllerAdvice: org.springframework.boot.context.embedded.AnnotationConfigEmbeddedWebApplicationContext@ae13544: startup date [Sat Aug 26 10:47:42 BRT 2017]; root of context hierarchy
[INFO ] 2017-08-26 10:47:44.510 [main] RequestMappingHandlerMapping - Mapped "{[/bots]}" onto public java.lang.String br.com.template.servicewebapp.controller.BotController.intencoes(java.util.Map<java.lang.String, java.lang.Object>)
[INFO ] 2017-08-26 10:47:44.511 [main] RequestMappingHandlerMapping - Mapped "{[/home]}" onto public java.lang.String br.com.template.servicewebapp.controller.HomeController.home(java.util.Map<java.lang.String, java.lang.Object>)
[INFO ] 2017-08-26 10:47:44.512 [main] RequestMappingHandlerMapping - Mapped "{[/intencoes]}" onto public java.lang.String br.com.template.servicewebapp.controller.IntencoesController.intencoes(java.util.Map<java.lang.String, java.lang.Object>)
[INFO ] 2017-08-26 10:47:44.513 [main] RequestMappingHandlerMapping - Mapped "{[/]}" onto public java.lang.String br.com.template.servicewebapp.controller.LoginController.home(java.util.Map<java.lang.String, java.lang.Object>)
[INFO ] 2017-08-26 10:47:44.514 [main] RequestMappingHandlerMapping - Mapped "{[/recursos]}" onto public java.lang.String br.com.template.servicewebapp.controller.RecursosController.intencoes(java.util.Map<java.lang.String, java.lang.Object>)
[INFO ] 2017-08-26 10:47:44.517 [main] RequestMappingHandlerMapping - Mapped "{[/error]}" onto public org.springframework.http.ResponseEntity<java.util.Map<java.lang.String, java.lang.Object>> org.springframework.boot.autoconfigure.web.BasicErrorController.error(javax.servlet.http.HttpServletRequest)
[INFO ] 2017-08-26 10:47:44.518 [main] RequestMappingHandlerMapping - Mapped "{[/error],produces=[text/html]}" onto public org.springframework.web.servlet.ModelAndView org.springframework.boot.autoconfigure.web.BasicErrorController.errorHtml(javax.servlet.http.HttpServletRequest,javax.servlet.http.HttpServletResponse)
[INFO ] 2017-08-26 10:47:44.547 [main] SimpleUrlHandlerMapping - Mapped URL path [/webjars/**] onto handler of type [class org.springframework.web.servlet.resource.ResourceHttpRequestHandler]
[INFO ] 2017-08-26 10:47:44.547 [main] SimpleUrlHandlerMapping - Mapped URL path [/**] onto handler of type [class org.springframework.web.servlet.resource.ResourceHttpRequestHandler]
[INFO ] 2017-08-26 10:47:44.581 [main] SimpleUrlHandlerMapping - Mapped URL path [/**/favicon.ico] onto handler of type [class org.springframework.web.servlet.resource.ResourceHttpRequestHandler]
[INFO ] 2017-08-26 10:47:49.870 [http-nio-8080-exec-1] DispatcherServlet - FrameworkServlet 'dispatcherServlet': initialization started
[INFO ] 2017-08-26 10:47:49.882 [http-nio-8080-exec-1] DispatcherServlet - FrameworkServlet 'dispatcherServlet': initialization completed in 12 ms
[INFO ] 2017-08-26 10:51:13.707 [localhost-startStop-1] ContextLoader - Root WebApplicationContext: initialization completed in 1373 ms
[INFO ] 2017-08-26 10:51:14.245 [main] RequestMappingHandlerAdapter - Looking for @ControllerAdvice: org.springframework.boot.context.embedded.AnnotationConfigEmbeddedWebApplicationContext@ae13544: startup date [Sat Aug 26 10:51:12 BRT 2017]; root of context hierarchy
[INFO ] 2017-08-26 10:51:14.307 [main] RequestMappingHandlerMapping - Mapped "{[/bots]}" onto public java.lang.String br.com.template.servicewebapp.controller.BotController.intencoes(java.util.Map<java.lang.String, java.lang.Object>)
[INFO ] 2017-08-26 10:51:14.308 [main] RequestMappingHandlerMapping - Mapped "{[/home]}" onto public java.lang.String br.com.template.servicewebapp.controller.HomeController.home(java.util.Map<java.lang.String, java.lang.Object>)
[INFO ] 2017-08-26 10:51:14.309 [main] RequestMappingHandlerMapping - Mapped "{[/intencoes]}" onto public java.lang.String br.com.template.servicewebapp.controller.IntencoesController.intencoes(java.util.Map<java.lang.String, java.lang.Object>)
[INFO ] 2017-08-26 10:51:14.310 [main] RequestMappingHandlerMapping - Mapped "{[/]}" onto public java.lang.String br.com.template.servicewebapp.controller.LoginController.home(java.util.Map<java.lang.String, java.lang.Object>)
[INFO ] 2017-08-26 10:51:14.310 [main] RequestMappingHandlerMapping - Mapped "{[/recursos]}" onto public java.lang.String br.com.template.servicewebapp.controller.RecursosController.intencoes(java.util.Map<java.lang.String, java.lang.Object>)
[INFO ] 2017-08-26 10:51:14.314 [main] RequestMappingHandlerMapping - Mapped "{[/error]}" onto public org.springframework.http.ResponseEntity<java.util.Map<java.lang.String, java.lang.Object>> org.springframework.boot.autoconfigure.web.BasicErrorController.error(javax.servlet.http.HttpServletRequest)
[INFO ] 2017-08-26 10:51:14.315 [main] RequestMappingHandlerMapping - Mapped "{[/error],produces=[text/html]}" onto public org.springframework.web.servlet.ModelAndView org.springframework.boot.autoconfigure.web.BasicErrorController.errorHtml(javax.servlet.http.HttpServletRequest,javax.servlet.http.HttpServletResponse)
[INFO ] 2017-08-26 10:51:14.341 [main] SimpleUrlHandlerMapping - Mapped URL path [/webjars/**] onto handler of type [class org.springframework.web.servlet.resource.ResourceHttpRequestHandler]
[INFO ] 2017-08-26 10:51:14.341 [main] SimpleUrlHandlerMapping - Mapped URL path [/**] onto handler of type [class org.springframework.web.servlet.resource.ResourceHttpRequestHandler]
[INFO ] 2017-08-26 10:51:14.374 [main] SimpleUrlHandlerMapping - Mapped URL path [/**/favicon.ico] onto handler of type [class org.springframework.web.servlet.resource.ResourceHttpRequestHandler]
[INFO ] 2017-08-26 10:51:20.330 [http-nio-8080-exec-1] DispatcherServlet - FrameworkServlet 'dispatcherServlet': initialization started
[INFO ] 2017-08-26 10:51:20.344 [http-nio-8080-exec-1] DispatcherServlet - FrameworkServlet 'dispatcherServlet': initialization completed in 14 ms
[INFO ] 2017-08-26 10:54:30.612 [localhost-startStop-1] ContextLoader - Root WebApplicationContext: initialization completed in 1406 ms
[INFO ] 2017-08-26 10:54:31.156 [main] RequestMappingHandlerAdapter - Looking for @ControllerAdvice: org.springframework.boot.context.embedded.AnnotationConfigEmbeddedWebApplicationContext@ae13544: startup date [Sat Aug 26 10:54:29 BRT 2017]; root of context hierarchy
[INFO ] 2017-08-26 10:54:31.215 [main] RequestMappingHandlerMapping - Mapped "{[/bots]}" onto public java.lang.String br.com.template.servicewebapp.controller.BotController.intencoes(java.util.Map<java.lang.String, java.lang.Object>)
[INFO ] 2017-08-26 10:54:31.217 [main] RequestMappingHandlerMapping - Mapped "{[/home]}" onto public java.lang.String br.com.template.servicewebapp.controller.HomeController.home(java.util.Map<java.lang.String, java.lang.Object>)
[INFO ] 2017-08-26 10:54:31.218 [main] RequestMappingHandlerMapping - Mapped "{[/intencoes]}" onto public java.lang.String br.com.template.servicewebapp.controller.IntencoesController.intencoes(java.util.Map<java.lang.String, java.lang.Object>)
[INFO ] 2017-08-26 10:54:31.218 [main] RequestMappingHandlerMapping - Mapped "{[/]}" onto public java.lang.String br.com.template.servicewebapp.controller.LoginController.home(java.util.Map<java.lang.String, java.lang.Object>)
[INFO ] 2017-08-26 10:54:31.219 [main] RequestMappingHandlerMapping - Mapped "{[/recursos]}" onto public java.lang.String br.com.template.servicewebapp.controller.RecursosController.intencoes(java.util.Map<java.lang.String, java.lang.Object>)
[INFO ] 2017-08-26 10:54:31.223 [main] RequestMappingHandlerMapping - Mapped "{[/error]}" onto public org.springframework.http.ResponseEntity<java.util.Map<java.lang.String, java.lang.Object>> org.springframework.boot.autoconfigure.web.BasicErrorController.error(javax.servlet.http.HttpServletRequest)
[INFO ] 2017-08-26 10:54:31.223 [main] RequestMappingHandlerMapping - Mapped "{[/error],produces=[text/html]}" onto public org.springframework.web.servlet.ModelAndView org.springframework.boot.autoconfigure.web.BasicErrorController.errorHtml(javax.servlet.http.HttpServletRequest,javax.servlet.http.HttpServletResponse)
[INFO ] 2017-08-26 10:54:31.248 [main] SimpleUrlHandlerMapping - Mapped URL path [/webjars/**] onto handler of type [class org.springframework.web.servlet.resource.ResourceHttpRequestHandler]
[INFO ] 2017-08-26 10:54:31.249 [main] SimpleUrlHandlerMapping - Mapped URL path [/**] onto handler of type [class org.springframework.web.servlet.resource.ResourceHttpRequestHandler]
[INFO ] 2017-08-26 10:54:31.289 [main] SimpleUrlHandlerMapping - Mapped URL path [/**/favicon.ico] onto handler of type [class org.springframework.web.servlet.resource.ResourceHttpRequestHandler]
[INFO ] 2017-08-26 10:54:37.200 [http-nio-8080-exec-1] DispatcherServlet - FrameworkServlet 'dispatcherServlet': initialization started
[INFO ] 2017-08-26 10:54:37.213 [http-nio-8080-exec-1] DispatcherServlet - FrameworkServlet 'dispatcherServlet': initialization completed in 13 ms
[INFO ] 2017-08-26 10:56:03.707 [localhost-startStop-1] ContextLoader - Root WebApplicationContext: initialization completed in 1511 ms
[INFO ] 2017-08-26 10:56:04.229 [main] RequestMappingHandlerAdapter - Looking for @ControllerAdvice: org.springframework.boot.context.embedded.AnnotationConfigEmbeddedWebApplicationContext@ae13544: startup date [Sat Aug 26 10:56:02 BRT 2017]; root of context hierarchy
[INFO ] 2017-08-26 10:56:04.292 [main] RequestMappingHandlerMapping - Mapped "{[/bots]}" onto public java.lang.String br.com.template.servicewebapp.controller.BotController.intencoes(java.util.Map<java.lang.String, java.lang.Object>)
[INFO ] 2017-08-26 10:56:04.293 [main] RequestMappingHandlerMapping - Mapped "{[/home]}" onto public java.lang.String br.com.template.servicewebapp.controller.HomeController.home(java.util.Map<java.lang.String, java.lang.Object>)
[INFO ] 2017-08-26 10:56:04.294 [main] RequestMappingHandlerMapping - Mapped "{[/intencoes]}" onto public java.lang.String br.com.template.servicewebapp.controller.IntencoesController.intencoes(java.util.Map<java.lang.String, java.lang.Object>)
[INFO ] 2017-08-26 10:56:04.294 [main] RequestMappingHandlerMapping - Mapped "{[/]}" onto public java.lang.String br.com.template.servicewebapp.controller.LoginController.home(java.util.Map<java.lang.String, java.lang.Object>)
[INFO ] 2017-08-26 10:56:04.295 [main] RequestMappingHandlerMapping - Mapped "{[/recursos]}" onto public java.lang.String br.com.template.servicewebapp.controller.RecursosController.intencoes(java.util.Map<java.lang.String, java.lang.Object>)
[INFO ] 2017-08-26 10:56:04.299 [main] RequestMappingHandlerMapping - Mapped "{[/error]}" onto public org.springframework.http.ResponseEntity<java.util.Map<java.lang.String, java.lang.Object>> org.springframework.boot.autoconfigure.web.BasicErrorController.error(javax.servlet.http.HttpServletRequest)
[INFO ] 2017-08-26 10:56:04.299 [main] RequestMappingHandlerMapping - Mapped "{[/error],produces=[text/html]}" onto public org.springframework.web.servlet.ModelAndView org.springframework.boot.autoconfigure.web.BasicErrorController.errorHtml(javax.servlet.http.HttpServletRequest,javax.servlet.http.HttpServletResponse)
[INFO ] 2017-08-26 10:56:04.329 [main] SimpleUrlHandlerMapping - Mapped URL path [/webjars/**] onto handler of type [class org.springframework.web.servlet.resource.ResourceHttpRequestHandler]
[INFO ] 2017-08-26 10:56:04.329 [main] SimpleUrlHandlerMapping - Mapped URL path [/**] onto handler of type [class org.springframework.web.servlet.resource.ResourceHttpRequestHandler]
[INFO ] 2017-08-26 10:56:04.365 [main] SimpleUrlHandlerMapping - Mapped URL path [/**/favicon.ico] onto handler of type [class org.springframework.web.servlet.resource.ResourceHttpRequestHandler]
[INFO ] 2017-08-26 10:56:09.461 [http-nio-8080-exec-1] DispatcherServlet - FrameworkServlet 'dispatcherServlet': initialization started
[INFO ] 2017-08-26 10:56:09.474 [http-nio-8080-exec-1] DispatcherServlet - FrameworkServlet 'dispatcherServlet': initialization completed in 13 ms
[INFO ] 2017-08-26 11:02:42.326 [localhost-startStop-1] ContextLoader - Root WebApplicationContext: initialization completed in 1398 ms
[INFO ] 2017-08-26 11:02:42.858 [main] RequestMappingHandlerAdapter - Looking for @ControllerAdvice: org.springframework.boot.context.embedded.AnnotationConfigEmbeddedWebApplicationContext@ae13544: startup date [Sat Aug 26 11:02:40 BRT 2017]; root of context hierarchy
[INFO ] 2017-08-26 11:02:42.916 [main] RequestMappingHandlerMapping - Mapped "{[/bots]}" onto public java.lang.String br.com.template.servicewebapp.controller.BotController.intencoes(java.util.Map<java.lang.String, java.lang.Object>)
[INFO ] 2017-08-26 11:02:42.918 [main] RequestMappingHandlerMapping - Mapped "{[/home]}" onto public java.lang.String br.com.template.servicewebapp.controller.HomeController.home(java.util.Map<java.lang.String, java.lang.Object>)
[INFO ] 2017-08-26 11:02:42.918 [main] RequestMappingHandlerMapping - Mapped "{[/intencoes]}" onto public java.lang.String br.com.template.servicewebapp.controller.IntencoesController.intencoes(java.util.Map<java.lang.String, java.lang.Object>)
[INFO ] 2017-08-26 11:02:42.919 [main] RequestMappingHandlerMapping - Mapped "{[/]}" onto public java.lang.String br.com.template.servicewebapp.controller.LoginController.home(java.util.Map<java.lang.String, java.lang.Object>)
[INFO ] 2017-08-26 11:02:42.919 [main] RequestMappingHandlerMapping - Mapped "{[/recursos]}" onto public java.lang.String br.com.template.servicewebapp.controller.RecursosController.intencoes(java.util.Map<java.lang.String, java.lang.Object>)
[INFO ] 2017-08-26 11:02:42.924 [main] RequestMappingHandlerMapping - Mapped "{[/error]}" onto public org.springframework.http.ResponseEntity<java.util.Map<java.lang.String, java.lang.Object>> org.springframework.boot.autoconfigure.web.BasicErrorController.error(javax.servlet.http.HttpServletRequest)
[INFO ] 2017-08-26 11:02:42.924 [main] RequestMappingHandlerMapping - Mapped "{[/error],produces=[text/html]}" onto public org.springframework.web.servlet.ModelAndView org.springframework.boot.autoconfigure.web.BasicErrorController.errorHtml(javax.servlet.http.HttpServletRequest,javax.servlet.http.HttpServletResponse)
[INFO ] 2017-08-26 11:02:42.951 [main] SimpleUrlHandlerMapping - Mapped URL path [/webjars/**] onto handler of type [class org.springframework.web.servlet.resource.ResourceHttpRequestHandler]
[INFO ] 2017-08-26 11:02:42.951 [main] SimpleUrlHandlerMapping - Mapped URL path [/**] onto handler of type [class org.springframework.web.servlet.resource.ResourceHttpRequestHandler]
[INFO ] 2017-08-26 11:02:42.992 [main] SimpleUrlHandlerMapping - Mapped URL path [/**/favicon.ico] onto handler of type [class org.springframework.web.servlet.resource.ResourceHttpRequestHandler]
[INFO ] 2017-08-26 11:02:49.199 [http-nio-8080-exec-1] DispatcherServlet - FrameworkServlet 'dispatcherServlet': initialization started
[INFO ] 2017-08-26 11:02:49.213 [http-nio-8080-exec-1] DispatcherServlet - FrameworkServlet 'dispatcherServlet': initialization completed in 14 ms
[INFO ] 2017-08-26 11:07:20.897 [localhost-startStop-1] ContextLoader - Root WebApplicationContext: initialization completed in 1431 ms
[INFO ] 2017-08-26 11:07:21.444 [main] RequestMappingHandlerAdapter - Looking for @ControllerAdvice: org.springframework.boot.context.embedded.AnnotationConfigEmbeddedWebApplicationContext@ae13544: startup date [Sat Aug 26 11:07:19 BRT 2017]; root of context hierarchy
[INFO ] 2017-08-26 11:07:21.507 [main] RequestMappingHandlerMapping - Mapped "{[/bots]}" onto public java.lang.String br.com.template.servicewebapp.controller.BotController.intencoes(java.util.Map<java.lang.String, java.lang.Object>)
[INFO ] 2017-08-26 11:07:21.508 [main] RequestMappingHandlerMapping - Mapped "{[/home]}" onto public java.lang.String br.com.template.servicewebapp.controller.HomeController.home(java.util.Map<java.lang.String, java.lang.Object>)
[INFO ] 2017-08-26 11:07:21.509 [main] RequestMappingHandlerMapping - Mapped "{[/intencoes]}" onto public java.lang.String br.com.template.servicewebapp.controller.IntencoesController.intencoes(java.util.Map<java.lang.String, java.lang.Object>)
[INFO ] 2017-08-26 11:07:21.510 [main] RequestMappingHandlerMapping - Mapped "{[/]}" onto public java.lang.String br.com.template.servicewebapp.controller.LoginController.home(java.util.Map<java.lang.String, java.lang.Object>)
[INFO ] 2017-08-26 11:07:21.511 [main] RequestMappingHandlerMapping - Mapped "{[/recursos]}" onto public java.lang.String br.com.template.servicewebapp.controller.RecursosController.intencoes(java.util.Map<java.lang.String, java.lang.Object>)
[INFO ] 2017-08-26 11:07:21.514 [main] RequestMappingHandlerMapping - Mapped "{[/error]}" onto public org.springframework.http.ResponseEntity<java.util.Map<java.lang.String, java.lang.Object>> org.springframework.boot.autoconfigure.web.BasicErrorController.error(javax.servlet.http.HttpServletRequest)
[INFO ] 2017-08-26 11:07:21.515 [main] RequestMappingHandlerMapping - Mapped "{[/error],produces=[text/html]}" onto public org.springframework.web.servlet.ModelAndView org.springframework.boot.autoconfigure.web.BasicErrorController.errorHtml(javax.servlet.http.HttpServletRequest,javax.servlet.http.HttpServletResponse)
[INFO ] 2017-08-26 11:07:21.542 [main] SimpleUrlHandlerMapping - Mapped URL path [/webjars/**] onto handler of type [class org.springframework.web.servlet.resource.ResourceHttpRequestHandler]
[INFO ] 2017-08-26 11:07:21.542 [main] SimpleUrlHandlerMapping - Mapped URL path [/**] onto handler of type [class org.springframework.web.servlet.resource.ResourceHttpRequestHandler]
[INFO ] 2017-08-26 11:07:21.582 [main] SimpleUrlHandlerMapping - Mapped URL path [/**/favicon.ico] onto handler of type [class org.springframework.web.servlet.resource.ResourceHttpRequestHandler]
[INFO ] 2017-08-26 11:07:50.997 [http-nio-8080-exec-1] DispatcherServlet - FrameworkServlet 'dispatcherServlet': initialization started
[INFO ] 2017-08-26 11:07:51.073 [http-nio-8080-exec-1] DispatcherServlet - FrameworkServlet 'dispatcherServlet': initialization completed in 76 ms
[INFO ] 2017-08-26 11:09:04.466 [localhost-startStop-1] ContextLoader - Root WebApplicationContext: initialization completed in 1592 ms
[INFO ] 2017-08-26 11:09:05.073 [main] RequestMappingHandlerAdapter - Looking for @ControllerAdvice: org.springframework.boot.context.embedded.AnnotationConfigEmbeddedWebApplicationContext@ae13544: startup date [Sat Aug 26 11:09:02 BRT 2017]; root of context hierarchy
[INFO ] 2017-08-26 11:09:05.144 [main] RequestMappingHandlerMapping - Mapped "{[/bots]}" onto public java.lang.String br.com.template.servicewebapp.controller.BotController.intencoes(java.util.Map<java.lang.String, java.lang.Object>)
[INFO ] 2017-08-26 11:09:05.145 [main] RequestMappingHandlerMapping - Mapped "{[/home]}" onto public java.lang.String br.com.template.servicewebapp.controller.HomeController.home(java.util.Map<java.lang.String, java.lang.Object>)
[INFO ] 2017-08-26 11:09:05.146 [main] RequestMappingHandlerMapping - Mapped "{[/intencoes]}" onto public java.lang.String br.com.template.servicewebapp.controller.IntencoesController.intencoes(java.util.Map<java.lang.String, java.lang.Object>)
[INFO ] 2017-08-26 11:09:05.147 [main] RequestMappingHandlerMapping - Mapped "{[/]}" onto public java.lang.String br.com.template.servicewebapp.controller.LoginController.home(java.util.Map<java.lang.String, java.lang.Object>)
[INFO ] 2017-08-26 11:09:05.148 [main] RequestMappingHandlerMapping - Mapped "{[/recursos]}" onto public java.lang.String br.com.template.servicewebapp.controller.RecursosController.intencoes(java.util.Map<java.lang.String, java.lang.Object>)
[INFO ] 2017-08-26 11:09:05.151 [main] RequestMappingHandlerMapping - Mapped "{[/error]}" onto public org.springframework.http.ResponseEntity<java.util.Map<java.lang.String, java.lang.Object>> org.springframework.boot.autoconfigure.web.BasicErrorController.error(javax.servlet.http.HttpServletRequest)
[INFO ] 2017-08-26 11:09:05.151 [main] RequestMappingHandlerMapping - Mapped "{[/error],produces=[text/html]}" onto public org.springframework.web.servlet.ModelAndView org.springframework.boot.autoconfigure.web.BasicErrorController.errorHtml(javax.servlet.http.HttpServletRequest,javax.servlet.http.HttpServletResponse)
[INFO ] 2017-08-26 11:09:05.186 [main] SimpleUrlHandlerMapping - Mapped URL path [/webjars/**] onto handler of type [class org.springframework.web.servlet.resource.ResourceHttpRequestHandler]
[INFO ] 2017-08-26 11:09:05.187 [main] SimpleUrlHandlerMapping - Mapped URL path [/**] onto handler of type [class org.springframework.web.servlet.resource.ResourceHttpRequestHandler]
[INFO ] 2017-08-26 11:09:05.227 [main] SimpleUrlHandlerMapping - Mapped URL path [/**/favicon.ico] onto handler of type [class org.springframework.web.servlet.resource.ResourceHttpRequestHandler]
[INFO ] 2017-08-26 11:09:09.166 [http-nio-8080-exec-1] DispatcherServlet - FrameworkServlet 'dispatcherServlet': initialization started
[INFO ] 2017-08-26 11:09:09.182 [http-nio-8080-exec-1] DispatcherServlet - FrameworkServlet 'dispatcherServlet': initialization completed in 16 ms
[INFO ] 2017-08-26 11:11:37.804 [localhost-startStop-1] ContextLoader - Root WebApplicationContext: initialization completed in 1440 ms
[INFO ] 2017-08-26 11:11:38.373 [main] RequestMappingHandlerAdapter - Looking for @ControllerAdvice: org.springframework.boot.context.embedded.AnnotationConfigEmbeddedWebApplicationContext@ae13544: startup date [Sat Aug 26 11:11:36 BRT 2017]; root of context hierarchy
[INFO ] 2017-08-26 11:11:38.442 [main] RequestMappingHandlerMapping - Mapped "{[/bots]}" onto public java.lang.String br.com.template.servicewebapp.controller.BotController.intencoes(java.util.Map<java.lang.String, java.lang.Object>)
[INFO ] 2017-08-26 11:11:38.443 [main] RequestMappingHandlerMapping - Mapped "{[/home]}" onto public java.lang.String br.com.template.servicewebapp.controller.HomeController.home(java.util.Map<java.lang.String, java.lang.Object>)
[INFO ] 2017-08-26 11:11:38.444 [main] RequestMappingHandlerMapping - Mapped "{[/intencoes]}" onto public java.lang.String br.com.template.servicewebapp.controller.IntencoesController.intencoes(java.util.Map<java.lang.String, java.lang.Object>)
[INFO ] 2017-08-26 11:11:38.444 [main] RequestMappingHandlerMapping - Mapped "{[/]}" onto public java.lang.String br.com.template.servicewebapp.controller.LoginController.home(java.util.Map<java.lang.String, java.lang.Object>)
[INFO ] 2017-08-26 11:11:38.445 [main] RequestMappingHandlerMapping - Mapped "{[/recursos]}" onto public java.lang.String br.com.template.servicewebapp.controller.RecursosController.intencoes(java.util.Map<java.lang.String, java.lang.Object>)
[INFO ] 2017-08-26 11:11:38.448 [main] RequestMappingHandlerMapping - Mapped "{[/error]}" onto public org.springframework.http.ResponseEntity<java.util.Map<java.lang.String, java.lang.Object>> org.springframework.boot.autoconfigure.web.BasicErrorController.error(javax.servlet.http.HttpServletRequest)
[INFO ] 2017-08-26 11:11:38.448 [main] RequestMappingHandlerMapping - Mapped "{[/error],produces=[text/html]}" onto public org.springframework.web.servlet.ModelAndView org.springframework.boot.autoconfigure.web.BasicErrorController.errorHtml(javax.servlet.http.HttpServletRequest,javax.servlet.http.HttpServletResponse)
[INFO ] 2017-08-26 11:11:38.476 [main] SimpleUrlHandlerMapping - Mapped URL path [/webjars/**] onto handler of type [class org.springframework.web.servlet.resource.ResourceHttpRequestHandler]
[INFO ] 2017-08-26 11:11:38.476 [main] SimpleUrlHandlerMapping - Mapped URL path [/**] onto handler of type [class org.springframework.web.servlet.resource.ResourceHttpRequestHandler]
[INFO ] 2017-08-26 11:11:38.510 [main] SimpleUrlHandlerMapping - Mapped URL path [/**/favicon.ico] onto handler of type [class org.springframework.web.servlet.resource.ResourceHttpRequestHandler]
[INFO ] 2017-08-26 11:11:46.142 [http-nio-8080-exec-1] DispatcherServlet - FrameworkServlet 'dispatcherServlet': initialization started
[INFO ] 2017-08-26 11:11:46.213 [http-nio-8080-exec-1] DispatcherServlet - FrameworkServlet 'dispatcherServlet': initialization completed in 71 ms
[INFO ] 2017-08-26 11:13:20.240 [localhost-startStop-1] ContextLoader - Root WebApplicationContext: initialization completed in 1374 ms
[INFO ] 2017-08-26 11:13:20.785 [main] RequestMappingHandlerAdapter - Looking for @ControllerAdvice: org.springframework.boot.context.embedded.AnnotationConfigEmbeddedWebApplicationContext@ae13544: startup date [Sat Aug 26 11:13:18 BRT 2017]; root of context hierarchy
[INFO ] 2017-08-26 11:13:20.849 [main] RequestMappingHandlerMapping - Mapped "{[/bots]}" onto public java.lang.String br.com.template.servicewebapp.controller.BotController.intencoes(java.util.Map<java.lang.String, java.lang.Object>)
[INFO ] 2017-08-26 11:13:20.851 [main] RequestMappingHandlerMapping - Mapped "{[/home]}" onto public java.lang.String br.com.template.servicewebapp.controller.HomeController.home(java.util.Map<java.lang.String, java.lang.Object>)
[INFO ] 2017-08-26 11:13:20.851 [main] RequestMappingHandlerMapping - Mapped "{[/intencoes]}" onto public java.lang.String br.com.template.servicewebapp.controller.IntencoesController.intencoes(java.util.Map<java.lang.String, java.lang.Object>)
[INFO ] 2017-08-26 11:13:20.852 [main] RequestMappingHandlerMapping - Mapped "{[/]}" onto public java.lang.String br.com.template.servicewebapp.controller.LoginController.home(java.util.Map<java.lang.String, java.lang.Object>)
[INFO ] 2017-08-26 11:13:20.853 [main] RequestMappingHandlerMapping - Mapped "{[/recursos]}" onto public java.lang.String br.com.template.servicewebapp.controller.RecursosController.intencoes(java.util.Map<java.lang.String, java.lang.Object>)
[INFO ] 2017-08-26 11:13:20.857 [main] RequestMappingHandlerMapping - Mapped "{[/error]}" onto public org.springframework.http.ResponseEntity<java.util.Map<java.lang.String, java.lang.Object>> org.springframework.boot.autoconfigure.web.BasicErrorController.error(javax.servlet.http.HttpServletRequest)
[INFO ] 2017-08-26 11:13:20.858 [main] RequestMappingHandlerMapping - Mapped "{[/error],produces=[text/html]}" onto public org.springframework.web.servlet.ModelAndView org.springframework.boot.autoconfigure.web.BasicErrorController.errorHtml(javax.servlet.http.HttpServletRequest,javax.servlet.http.HttpServletResponse)
[INFO ] 2017-08-26 11:13:20.886 [main] SimpleUrlHandlerMapping - Mapped URL path [/webjars/**] onto handler of type [class org.springframework.web.servlet.resource.ResourceHttpRequestHandler]
[INFO ] 2017-08-26 11:13:20.886 [main] SimpleUrlHandlerMapping - Mapped URL path [/**] onto handler of type [class org.springframework.web.servlet.resource.ResourceHttpRequestHandler]
[INFO ] 2017-08-26 11:13:20.919 [main] SimpleUrlHandlerMapping - Mapped URL path [/**/favicon.ico] onto handler of type [class org.springframework.web.servlet.resource.ResourceHttpRequestHandler]
[INFO ] 2017-08-26 11:13:29.086 [http-nio-8080-exec-1] DispatcherServlet - FrameworkServlet 'dispatcherServlet': initialization started
[INFO ] 2017-08-26 11:13:29.100 [http-nio-8080-exec-1] DispatcherServlet - FrameworkServlet 'dispatcherServlet': initialization completed in 14 ms
[INFO ] 2017-08-26 11:17:49.975 [localhost-startStop-1] ContextLoader - Root WebApplicationContext: initialization completed in 1396 ms
[INFO ] 2017-08-26 11:17:50.639 [main] RequestMappingHandlerAdapter - Looking for @ControllerAdvice: org.springframework.boot.context.embedded.AnnotationConfigEmbeddedWebApplicationContext@ae13544: startup date [Sat Aug 26 11:17:48 BRT 2017]; root of context hierarchy
[INFO ] 2017-08-26 11:17:50.709 [main] RequestMappingHandlerMapping - Mapped "{[/bots]}" onto public java.lang.String br.com.template.servicewebapp.controller.BotController.intencoes(java.util.Map<java.lang.String, java.lang.Object>)
[INFO ] 2017-08-26 11:17:50.711 [main] RequestMappingHandlerMapping - Mapped "{[/home]}" onto public java.lang.String br.com.template.servicewebapp.controller.HomeController.home(java.util.Map<java.lang.String, java.lang.Object>)
[INFO ] 2017-08-26 11:17:50.712 [main] RequestMappingHandlerMapping - Mapped "{[/intencoes]}" onto public java.lang.String br.com.template.servicewebapp.controller.IntencoesController.intencoes(java.util.Map<java.lang.String, java.lang.Object>)
[INFO ] 2017-08-26 11:17:50.712 [main] RequestMappingHandlerMapping - Mapped "{[/]}" onto public java.lang.String br.com.template.servicewebapp.controller.LoginController.home(java.util.Map<java.lang.String, java.lang.Object>)
[INFO ] 2017-08-26 11:17:50.713 [main] RequestMappingHandlerMapping - Mapped "{[/recursos]}" onto public java.lang.String br.com.template.servicewebapp.controller.RecursosController.intencoes(java.util.Map<java.lang.String, java.lang.Object>)
[INFO ] 2017-08-26 11:17:50.716 [main] RequestMappingHandlerMapping - Mapped "{[/error]}" onto public org.springframework.http.ResponseEntity<java.util.Map<java.lang.String, java.lang.Object>> org.springframework.boot.autoconfigure.web.BasicErrorController.error(javax.servlet.http.HttpServletRequest)
[INFO ] 2017-08-26 11:17:50.716 [main] RequestMappingHandlerMapping - Mapped "{[/error],produces=[text/html]}" onto public org.springframework.web.servlet.ModelAndView org.springframework.boot.autoconfigure.web.BasicErrorController.errorHtml(javax.servlet.http.HttpServletRequest,javax.servlet.http.HttpServletResponse)
[INFO ] 2017-08-26 11:17:50.746 [main] SimpleUrlHandlerMapping - Mapped URL path [/webjars/**] onto handler of type [class org.springframework.web.servlet.resource.ResourceHttpRequestHandler]
[INFO ] 2017-08-26 11:17:50.746 [main] SimpleUrlHandlerMapping - Mapped URL path [/**] onto handler of type [class org.springframework.web.servlet.resource.ResourceHttpRequestHandler]
[INFO ] 2017-08-26 11:17:50.793 [main] SimpleUrlHandlerMapping - Mapped URL path [/**/favicon.ico] onto handler of type [class org.springframework.web.servlet.resource.ResourceHttpRequestHandler]
[INFO ] 2017-08-26 11:18:19.695 [http-nio-8080-exec-1] DispatcherServlet - FrameworkServlet 'dispatcherServlet': initialization started
[INFO ] 2017-08-26 11:18:19.709 [http-nio-8080-exec-1] DispatcherServlet - FrameworkServlet 'dispatcherServlet': initialization completed in 14 ms
[INFO ] 2017-08-26 11:22:59.670 [localhost-startStop-1] ContextLoader - Root WebApplicationContext: initialization completed in 1373 ms
[INFO ] 2017-08-26 11:23:00.216 [main] RequestMappingHandlerAdapter - Looking for @ControllerAdvice: org.springframework.boot.context.embedded.AnnotationConfigEmbeddedWebApplicationContext@ae13544: startup date [Sat Aug 26 11:22:58 BRT 2017]; root of context hierarchy
[INFO ] 2017-08-26 11:23:00.278 [main] RequestMappingHandlerMapping - Mapped "{[/bots]}" onto public java.lang.String br.com.template.servicewebapp.controller.BotController.intencoes(java.util.Map<java.lang.String, java.lang.Object>)
[INFO ] 2017-08-26 11:23:00.279 [main] RequestMappingHandlerMapping - Mapped "{[/home]}" onto public java.lang.String br.com.template.servicewebapp.controller.HomeController.home(java.util.Map<java.lang.String, java.lang.Object>)
[INFO ] 2017-08-26 11:23:00.280 [main] RequestMappingHandlerMapping - Mapped "{[/intencoes]}" onto public java.lang.String br.com.template.servicewebapp.controller.IntencoesController.intencoes(java.util.Map<java.lang.String, java.lang.Object>)
[INFO ] 2017-08-26 11:23:00.281 [main] RequestMappingHandlerMapping - Mapped "{[/]}" onto public java.lang.String br.com.template.servicewebapp.controller.LoginController.home(java.util.Map<java.lang.String, java.lang.Object>)
[INFO ] 2017-08-26 11:23:00.282 [main] RequestMappingHandlerMapping - Mapped "{[/recursos]}" onto public java.lang.String br.com.template.servicewebapp.controller.RecursosController.intencoes(java.util.Map<java.lang.String, java.lang.Object>)
[INFO ] 2017-08-26 11:23:00.287 [main] RequestMappingHandlerMapping - Mapped "{[/error]}" onto public org.springframework.http.ResponseEntity<java.util.Map<java.lang.String, java.lang.Object>> org.springframework.boot.autoconfigure.web.BasicErrorController.error(javax.servlet.http.HttpServletRequest)
[INFO ] 2017-08-26 11:23:00.287 [main] RequestMappingHandlerMapping - Mapped "{[/error],produces=[text/html]}" onto public org.springframework.web.servlet.ModelAndView org.springframework.boot.autoconfigure.web.BasicErrorController.errorHtml(javax.servlet.http.HttpServletRequest,javax.servlet.http.HttpServletResponse)
[INFO ] 2017-08-26 11:23:00.314 [main] SimpleUrlHandlerMapping - Mapped URL path [/webjars/**] onto handler of type [class org.springframework.web.servlet.resource.ResourceHttpRequestHandler]
[INFO ] 2017-08-26 11:23:00.314 [main] SimpleUrlHandlerMapping - Mapped URL path [/**] onto handler of type [class org.springframework.web.servlet.resource.ResourceHttpRequestHandler]
[INFO ] 2017-08-26 11:23:00.359 [main] SimpleUrlHandlerMapping - Mapped URL path [/**/favicon.ico] onto handler of type [class org.springframework.web.servlet.resource.ResourceHttpRequestHandler]
[INFO ] 2017-08-26 11:23:10.596 [http-nio-8080-exec-1] DispatcherServlet - FrameworkServlet 'dispatcherServlet': initialization started
[INFO ] 2017-08-26 11:23:10.610 [http-nio-8080-exec-1] DispatcherServlet - FrameworkServlet 'dispatcherServlet': initialization completed in 14 ms
[INFO ] 2017-08-26 19:50:02.860 [localhost-startStop-1] ContextLoader - Root WebApplicationContext: initialization completed in 1683 ms
[INFO ] 2017-08-26 19:50:03.422 [main] RequestMappingHandlerAdapter - Looking for @ControllerAdvice: org.springframework.boot.context.embedded.AnnotationConfigEmbeddedWebApplicationContext@ae13544: startup date [Sat Aug 26 19:50:01 BRT 2017]; root of context hierarchy
[INFO ] 2017-08-26 19:50:03.501 [main] RequestMappingHandlerMapping - Mapped "{[/bots]}" onto public java.lang.String br.com.template.servicewebapp.controller.BotController.intencoes(java.util.Map<java.lang.String, java.lang.Object>)
[INFO ] 2017-08-26 19:50:03.502 [main] RequestMappingHandlerMapping - Mapped "{[/home]}" onto public java.lang.String br.com.template.servicewebapp.controller.HomeController.home(java.util.Map<java.lang.String, java.lang.Object>)
[INFO ] 2017-08-26 19:50:03.503 [main] RequestMappingHandlerMapping - Mapped "{[/intencoes]}" onto public java.lang.String br.com.template.servicewebapp.controller.IntencoesController.intencoes(java.util.Map<java.lang.String, java.lang.Object>)
[INFO ] 2017-08-26 19:50:03.503 [main] RequestMappingHandlerMapping - Mapped "{[/]}" onto public java.lang.String br.com.template.servicewebapp.controller.LoginController.home(java.util.Map<java.lang.String, java.lang.Object>)
[INFO ] 2017-08-26 19:50:03.504 [main] RequestMappingHandlerMapping - Mapped "{[/recursos]}" onto public java.lang.String br.com.template.servicewebapp.controller.RecursosController.intencoes(java.util.Map<java.lang.String, java.lang.Object>)
[INFO ] 2017-08-26 19:50:03.507 [main] RequestMappingHandlerMapping - Mapped "{[/error]}" onto public org.springframework.http.ResponseEntity<java.util.Map<java.lang.String, java.lang.Object>> org.springframework.boot.autoconfigure.web.BasicErrorController.error(javax.servlet.http.HttpServletRequest)
[INFO ] 2017-08-26 19:50:03.508 [main] RequestMappingHandlerMapping - Mapped "{[/error],produces=[text/html]}" onto public org.springframework.web.servlet.ModelAndView org.springframework.boot.autoconfigure.web.BasicErrorController.errorHtml(javax.servlet.http.HttpServletRequest,javax.servlet.http.HttpServletResponse)
[INFO ] 2017-08-26 19:50:03.536 [main] SimpleUrlHandlerMapping - Mapped URL path [/webjars/**] onto handler of type [class org.springframework.web.servlet.resource.ResourceHttpRequestHandler]
[INFO ] 2017-08-26 19:50:03.536 [main] SimpleUrlHandlerMapping - Mapped URL path [/**] onto handler of type [class org.springframework.web.servlet.resource.ResourceHttpRequestHandler]
[INFO ] 2017-08-26 19:50:03.572 [main] SimpleUrlHandlerMapping - Mapped URL path [/**/favicon.ico] onto handler of type [class org.springframework.web.servlet.resource.ResourceHttpRequestHandler]
[INFO ] 2017-08-26 19:50:08.166 [http-nio-8080-exec-1] DispatcherServlet - FrameworkServlet 'dispatcherServlet': initialization started
[INFO ] 2017-08-26 19:50:08.182 [http-nio-8080-exec-1] DispatcherServlet - FrameworkServlet 'dispatcherServlet': initialization completed in 16 ms
[INFO ] 2017-08-26 19:51:50.238 [localhost-startStop-1] ContextLoader - Root WebApplicationContext: initialization completed in 1372 ms
[INFO ] 2017-08-26 19:51:50.741 [main] RequestMappingHandlerAdapter - Looking for @ControllerAdvice: org.springframework.boot.context.embedded.AnnotationConfigEmbeddedWebApplicationContext@ae13544: startup date [Sat Aug 26 19:51:48 BRT 2017]; root of context hierarchy
[INFO ] 2017-08-26 19:51:50.802 [main] RequestMappingHandlerMapping - Mapped "{[/bots]}" onto public java.lang.String br.com.template.servicewebapp.controller.BotController.intencoes(java.util.Map<java.lang.String, java.lang.Object>)
[INFO ] 2017-08-26 19:51:50.804 [main] RequestMappingHandlerMapping - Mapped "{[/home]}" onto public java.lang.String br.com.template.servicewebapp.controller.HomeController.home(java.util.Map<java.lang.String, java.lang.Object>)
[INFO ] 2017-08-26 19:51:50.804 [main] RequestMappingHandlerMapping - Mapped "{[/intencoes]}" onto public java.lang.String br.com.template.servicewebapp.controller.IntencoesController.intencoes(java.util.Map<java.lang.String, java.lang.Object>)
[INFO ] 2017-08-26 19:51:50.805 [main] RequestMappingHandlerMapping - Mapped "{[/]}" onto public java.lang.String br.com.template.servicewebapp.controller.LoginController.home(java.util.Map<java.lang.String, java.lang.Object>)
[INFO ] 2017-08-26 19:51:50.806 [main] RequestMappingHandlerMapping - Mapped "{[/recursos]}" onto public java.lang.String br.com.template.servicewebapp.controller.RecursosController.intencoes(java.util.Map<java.lang.String, java.lang.Object>)
[INFO ] 2017-08-26 19:51:50.810 [main] RequestMappingHandlerMapping - Mapped "{[/error]}" onto public org.springframework.http.ResponseEntity<java.util.Map<java.lang.String, java.lang.Object>> org.springframework.boot.autoconfigure.web.BasicErrorController.error(javax.servlet.http.HttpServletRequest)
[INFO ] 2017-08-26 19:51:50.810 [main] RequestMappingHandlerMapping - Mapped "{[/error],produces=[text/html]}" onto public org.springframework.web.servlet.ModelAndView org.springframework.boot.autoconfigure.web.BasicErrorController.errorHtml(javax.servlet.http.HttpServletRequest,javax.servlet.http.HttpServletResponse)
[INFO ] 2017-08-26 19:51:50.837 [main] SimpleUrlHandlerMapping - Mapped URL path [/webjars/**] onto handler of type [class org.springframework.web.servlet.resource.ResourceHttpRequestHandler]
[INFO ] 2017-08-26 19:51:50.837 [main] SimpleUrlHandlerMapping - Mapped URL path [/**] onto handler of type [class org.springframework.web.servlet.resource.ResourceHttpRequestHandler]
[INFO ] 2017-08-26 19:51:50.870 [main] SimpleUrlHandlerMapping - Mapped URL path [/**/favicon.ico] onto handler of type [class org.springframework.web.servlet.resource.ResourceHttpRequestHandler]
[INFO ] 2017-08-26 19:51:57.332 [http-nio-8080-exec-1] DispatcherServlet - FrameworkServlet 'dispatcherServlet': initialization started
[INFO ] 2017-08-26 19:51:57.346 [http-nio-8080-exec-1] DispatcherServlet - FrameworkServlet 'dispatcherServlet': initialization completed in 13 ms
[INFO ] 2017-08-26 20:01:20.100 [localhost-startStop-1] ContextLoader - Root WebApplicationContext: initialization completed in 1428 ms
[INFO ] 2017-08-26 20:01:20.630 [main] RequestMappingHandlerAdapter - Looking for @ControllerAdvice: org.springframework.boot.context.embedded.AnnotationConfigEmbeddedWebApplicationContext@ae13544: startup date [Sat Aug 26 20:01:18 BRT 2017]; root of context hierarchy
[INFO ] 2017-08-26 20:01:20.692 [main] RequestMappingHandlerMapping - Mapped "{[/bots]}" onto public java.lang.String br.com.template.servicewebapp.controller.BotController.intencoes(java.util.Map<java.lang.String, java.lang.Object>)
[INFO ] 2017-08-26 20:01:20.694 [main] RequestMappingHandlerMapping - Mapped "{[/home]}" onto public java.lang.String br.com.template.servicewebapp.controller.HomeController.home(java.util.Map<java.lang.String, java.lang.Object>)
[INFO ] 2017-08-26 20:01:20.695 [main] RequestMappingHandlerMapping - Mapped "{[/intencoes]}" onto public java.lang.String br.com.template.servicewebapp.controller.IntencoesController.intencoes(java.util.Map<java.lang.String, java.lang.Object>)
[INFO ] 2017-08-26 20:01:20.696 [main] RequestMappingHandlerMapping - Mapped "{[/]}" onto public java.lang.String br.com.template.servicewebapp.controller.LoginController.home(java.util.Map<java.lang.String, java.lang.Object>)
[INFO ] 2017-08-26 20:01:20.696 [main] RequestMappingHandlerMapping - Mapped "{[/recursos]}" onto public java.lang.String br.com.template.servicewebapp.controller.RecursosController.intencoes(java.util.Map<java.lang.String, java.lang.Object>)
[INFO ] 2017-08-26 20:01:20.700 [main] RequestMappingHandlerMapping - Mapped "{[/error]}" onto public org.springframework.http.ResponseEntity<java.util.Map<java.lang.String, java.lang.Object>> org.springframework.boot.autoconfigure.web.BasicErrorController.error(javax.servlet.http.HttpServletRequest)
[INFO ] 2017-08-26 20:01:20.700 [main] RequestMappingHandlerMapping - Mapped "{[/error],produces=[text/html]}" onto public org.springframework.web.servlet.ModelAndView org.springframework.boot.autoconfigure.web.BasicErrorController.errorHtml(javax.servlet.http.HttpServletRequest,javax.servlet.http.HttpServletResponse)
[INFO ] 2017-08-26 20:01:20.728 [main] SimpleUrlHandlerMapping - Mapped URL path [/webjars/**] onto handler of type [class org.springframework.web.servlet.resource.ResourceHttpRequestHandler]
[INFO ] 2017-08-26 20:01:20.728 [main] SimpleUrlHandlerMapping - Mapped URL path [/**] onto handler of type [class org.springframework.web.servlet.resource.ResourceHttpRequestHandler]
[INFO ] 2017-08-26 20:01:20.766 [main] SimpleUrlHandlerMapping - Mapped URL path [/**/favicon.ico] onto handler of type [class org.springframework.web.servlet.resource.ResourceHttpRequestHandler]
[INFO ] 2017-08-26 20:08:46.556 [localhost-startStop-1] ContextLoader - Root WebApplicationContext: initialization completed in 1382 ms
[INFO ] 2017-08-26 20:08:47.099 [main] RequestMappingHandlerAdapter - Looking for @ControllerAdvice: org.springframework.boot.context.embedded.AnnotationConfigEmbeddedWebApplicationContext@ae13544: startup date [Sat Aug 26 20:08:45 BRT 2017]; root of context hierarchy
[INFO ] 2017-08-26 20:08:47.161 [main] RequestMappingHandlerMapping - Mapped "{[/bots]}" onto public java.lang.String br.com.template.servicewebapp.controller.BotController.intencoes(java.util.Map<java.lang.String, java.lang.Object>)
[INFO ] 2017-08-26 20:08:47.163 [main] RequestMappingHandlerMapping - Mapped "{[/home]}" onto public java.lang.String br.com.template.servicewebapp.controller.HomeController.home(java.util.Map<java.lang.String, java.lang.Object>)
[INFO ] 2017-08-26 20:08:47.163 [main] RequestMappingHandlerMapping - Mapped "{[/intencoes]}" onto public java.lang.String br.com.template.servicewebapp.controller.IntencoesController.intencoes(java.util.Map<java.lang.String, java.lang.Object>)
[INFO ] 2017-08-26 20:08:47.164 [main] RequestMappingHandlerMapping - Mapped "{[/]}" onto public java.lang.String br.com.template.servicewebapp.controller.LoginController.home(java.util.Map<java.lang.String, java.lang.Object>)
[INFO ] 2017-08-26 20:08:47.164 [main] RequestMappingHandlerMapping - Mapped "{[/recursos]}" onto public java.lang.String br.com.template.servicewebapp.controller.RecursosController.intencoes(java.util.Map<java.lang.String, java.lang.Object>)
[INFO ] 2017-08-26 20:08:47.167 [main] RequestMappingHandlerMapping - Mapped "{[/error]}" onto public org.springframework.http.ResponseEntity<java.util.Map<java.lang.String, java.lang.Object>> org.springframework.boot.autoconfigure.web.BasicErrorController.error(javax.servlet.http.HttpServletRequest)
[INFO ] 2017-08-26 20:08:47.167 [main] RequestMappingHandlerMapping - Mapped "{[/error],produces=[text/html]}" onto public org.springframework.web.servlet.ModelAndView org.springframework.boot.autoconfigure.web.BasicErrorController.errorHtml(javax.servlet.http.HttpServletRequest,javax.servlet.http.HttpServletResponse)
[INFO ] 2017-08-26 20:08:47.196 [main] SimpleUrlHandlerMapping - Mapped URL path [/webjars/**] onto handler of type [class org.springframework.web.servlet.resource.ResourceHttpRequestHandler]
[INFO ] 2017-08-26 20:08:47.196 [main] SimpleUrlHandlerMapping - Mapped URL path [/**] onto handler of type [class org.springframework.web.servlet.resource.ResourceHttpRequestHandler]
[INFO ] 2017-08-26 20:08:47.239 [main] SimpleUrlHandlerMapping - Mapped URL path [/**/favicon.ico] onto handler of type [class org.springframework.web.servlet.resource.ResourceHttpRequestHandler]
[INFO ] 2017-08-26 20:08:57.368 [http-nio-8080-exec-1] DispatcherServlet - FrameworkServlet 'dispatcherServlet': initialization started
[INFO ] 2017-08-26 20:08:57.382 [http-nio-8080-exec-1] DispatcherServlet - FrameworkServlet 'dispatcherServlet': initialization completed in 14 ms
