[INFO ] 2017-09-18 22:01:31.325 [localhost-startStop-1] ContextLoader - Root WebApplicationContext: initialization completed in 1611 ms
[INFO ] 2017-09-18 22:01:33.443 [main] RequestMappingHandlerAdapter - Looking for @ControllerAdvice: org.springframework.boot.context.embedded.AnnotationConfigEmbeddedWebApplicationContext@3a52dba3: startup date [Mon Sep 18 22:01:29 BRT 2017]; root of context hierarchy
[INFO ] 2017-09-18 22:01:33.501 [main] RequestMappingHandlerMapping - Mapped "{[/bots]}" onto public java.lang.String br.com.template.servicewebapp.controller.BotController.bot(java.util.Map<java.lang.String, java.lang.Object>)
[INFO ] 2017-09-18 22:01:33.502 [main] RequestMappingHandlerMapping - Mapped "{[/bots-cadastrar],methods=[POST]}" onto public java.lang.String br.com.template.servicewebapp.controller.BotController.botCadastrar(java.util.Map<java.lang.String, java.lang.Object>)
[INFO ] 2017-09-18 22:01:33.503 [main] RequestMappingHandlerMapping - Mapped "{[/bots-editar],methods=[POST]}" onto public java.lang.String br.com.template.servicewebapp.controller.BotController.botEditar(java.util.Map<java.lang.String, java.lang.Object>)
[INFO ] 2017-09-18 22:01:33.503 [main] RequestMappingHandlerMapping - Mapped "{[/bots-remover],methods=[POST]}" onto public java.lang.String br.com.template.servicewebapp.controller.BotController.botRemover(java.util.Map<java.lang.String, java.lang.Object>)
[INFO ] 2017-09-18 22:01:33.504 [main] RequestMappingHandlerMapping - Mapped "{[/home]}" onto public java.lang.String br.com.template.servicewebapp.controller.HomeController.home(java.util.Map<java.lang.String, java.lang.Object>)
[INFO ] 2017-09-18 22:01:33.505 [main] RequestMappingHandlerMapping - Mapped "{[/intencoes-cadastrar],methods=[POST]}" onto public java.lang.String br.com.template.servicewebapp.controller.IntencoesController.botCadastrar(java.util.Map<java.lang.String, java.lang.Object>)
[INFO ] 2017-09-18 22:01:33.505 [main] RequestMappingHandlerMapping - Mapped "{[/intencoes-editar],methods=[POST]}" onto public java.lang.String br.com.template.servicewebapp.controller.IntencoesController.botEditar(java.util.Map<java.lang.String, java.lang.Object>)
[INFO ] 2017-09-18 22:01:33.506 [main] RequestMappingHandlerMapping - Mapped "{[/intencoes-remover],methods=[POST]}" onto public java.lang.String br.com.template.servicewebapp.controller.IntencoesController.botRemover(java.util.Map<java.lang.String, java.lang.Object>)
[INFO ] 2017-09-18 22:01:33.506 [main] RequestMappingHandlerMapping - Mapped "{[/intencoes]}" onto public java.lang.String br.com.template.servicewebapp.controller.IntencoesController.intencoes(java.util.Map<java.lang.String, java.lang.Object>)
[INFO ] 2017-09-18 22:01:33.506 [main] RequestMappingHandlerMapping - Mapped "{[/]}" onto public java.lang.String br.com.template.servicewebapp.controller.LoginController.home(java.util.Map<java.lang.String, java.lang.Object>)
[INFO ] 2017-09-18 22:01:33.508 [main] RequestMappingHandlerMapping - Mapped "{[/recursos-cadastrar],methods=[POST]}" onto public java.lang.String br.com.template.servicewebapp.controller.RecursosController.botCadastrar(java.util.Map<java.lang.String, java.lang.Object>)
[INFO ] 2017-09-18 22:01:33.508 [main] RequestMappingHandlerMapping - Mapped "{[/recursos-editar],methods=[POST]}" onto public java.lang.String br.com.template.servicewebapp.controller.RecursosController.botEditar(java.util.Map<java.lang.String, java.lang.Object>)
[INFO ] 2017-09-18 22:01:33.508 [main] RequestMappingHandlerMapping - Mapped "{[/recursos-remover],methods=[POST]}" onto public java.lang.String br.com.template.servicewebapp.controller.RecursosController.botRemover(java.util.Map<java.lang.String, java.lang.Object>)
[INFO ] 2017-09-18 22:01:33.509 [main] RequestMappingHandlerMapping - Mapped "{[/recursos]}" onto public java.lang.String br.com.template.servicewebapp.controller.RecursosController.intencoes(java.util.Map<java.lang.String, java.lang.Object>)
[INFO ] 2017-09-18 22:01:33.511 [main] RequestMappingHandlerMapping - Mapped "{[/error]}" onto public org.springframework.http.ResponseEntity<java.util.Map<java.lang.String, java.lang.Object>> org.springframework.boot.autoconfigure.web.BasicErrorController.error(javax.servlet.http.HttpServletRequest)
[INFO ] 2017-09-18 22:01:33.512 [main] RequestMappingHandlerMapping - Mapped "{[/error],produces=[text/html]}" onto public org.springframework.web.servlet.ModelAndView org.springframework.boot.autoconfigure.web.BasicErrorController.errorHtml(javax.servlet.http.HttpServletRequest,javax.servlet.http.HttpServletResponse)
[INFO ] 2017-09-18 22:01:33.539 [main] SimpleUrlHandlerMapping - Mapped URL path [/webjars/**] onto handler of type [class org.springframework.web.servlet.resource.ResourceHttpRequestHandler]
[INFO ] 2017-09-18 22:01:33.539 [main] SimpleUrlHandlerMapping - Mapped URL path [/**] onto handler of type [class org.springframework.web.servlet.resource.ResourceHttpRequestHandler]
[INFO ] 2017-09-18 22:01:33.576 [main] SimpleUrlHandlerMapping - Mapped URL path [/**/favicon.ico] onto handler of type [class org.springframework.web.servlet.resource.ResourceHttpRequestHandler]
[INFO ] 2017-09-18 22:01:43.965 [http-nio-8080-exec-1] DispatcherServlet - FrameworkServlet 'dispatcherServlet': initialization started
[INFO ] 2017-09-18 22:01:43.980 [http-nio-8080-exec-1] DispatcherServlet - FrameworkServlet 'dispatcherServlet': initialization completed in 15 ms
